{
  "/Users/hemalatharamachandran/Documents/Univ_documents/SEP/SEP203/client/src/assets/jss/material-kit-react.js": {
    "path": "/Users/hemalatharamachandran/Documents/Univ_documents/SEP/SEP203/client/src/assets/jss/material-kit-react.js",
    "statementMap": {
      "0": {
        "start": {
          "line": 21,
          "column": 20
        },
        "end": {
          "line": 21,
          "column": 23
        }
      },
      "1": {
        "start": {
          "line": 23,
          "column": 19
        },
        "end": {
          "line": 25,
          "column": 1
        }
      },
      "2": {
        "start": {
          "line": 27,
          "column": 23
        },
        "end": {
          "line": 33,
          "column": 1
        }
      },
      "3": {
        "start": {
          "line": 34,
          "column": 18
        },
        "end": {
          "line": 48,
          "column": 1
        }
      },
      "4": {
        "start": {
          "line": 50,
          "column": 18
        },
        "end": {
          "line": 53,
          "column": 1
        }
      },
      "5": {
        "start": {
          "line": 55,
          "column": 13
        },
        "end": {
          "line": 64,
          "column": 1
        }
      },
      "6": {
        "start": {
          "line": 66,
          "column": 20
        },
        "end": {
          "line": 70,
          "column": 1
        }
      },
      "7": {
        "start": {
          "line": 72,
          "column": 21
        },
        "end": {
          "line": 72,
          "column": 30
        }
      },
      "8": {
        "start": {
          "line": 73,
          "column": 21
        },
        "end": {
          "line": 73,
          "column": 30
        }
      },
      "9": {
        "start": {
          "line": 74,
          "column": 20
        },
        "end": {
          "line": 74,
          "column": 29
        }
      },
      "10": {
        "start": {
          "line": 75,
          "column": 21
        },
        "end": {
          "line": 75,
          "column": 30
        }
      },
      "11": {
        "start": {
          "line": 76,
          "column": 18
        },
        "end": {
          "line": 76,
          "column": 27
        }
      },
      "12": {
        "start": {
          "line": 77,
          "column": 18
        },
        "end": {
          "line": 77,
          "column": 27
        }
      },
      "13": {
        "start": {
          "line": 78,
          "column": 18
        },
        "end": {
          "line": 78,
          "column": 27
        }
      },
      "14": {
        "start": {
          "line": 80,
          "column": 25
        },
        "end": {
          "line": 83,
          "column": 1
        }
      },
      "15": {
        "start": {
          "line": 84,
          "column": 22
        },
        "end": {
          "line": 87,
          "column": 1
        }
      },
      "16": {
        "start": {
          "line": 88,
          "column": 25
        },
        "end": {
          "line": 91,
          "column": 1
        }
      },
      "17": {
        "start": {
          "line": 92,
          "column": 25
        },
        "end": {
          "line": 95,
          "column": 1
        }
      },
      "18": {
        "start": {
          "line": 96,
          "column": 24
        },
        "end": {
          "line": 99,
          "column": 1
        }
      },
      "19": {
        "start": {
          "line": 100,
          "column": 22
        },
        "end": {
          "line": 103,
          "column": 1
        }
      },
      "20": {
        "start": {
          "line": 105,
          "column": 26
        },
        "end": {
          "line": 109,
          "column": 1
        }
      },
      "21": {
        "start": {
          "line": 110,
          "column": 26
        },
        "end": {
          "line": 114,
          "column": 1
        }
      },
      "22": {
        "start": {
          "line": 115,
          "column": 25
        },
        "end": {
          "line": 119,
          "column": 1
        }
      },
      "23": {
        "start": {
          "line": 120,
          "column": 23
        },
        "end": {
          "line": 124,
          "column": 1
        }
      },
      "24": {
        "start": {
          "line": 125,
          "column": 26
        },
        "end": {
          "line": 129,
          "column": 1
        }
      },
      "25": {
        "start": {
          "line": 130,
          "column": 23
        },
        "end": {
          "line": 134,
          "column": 1
        }
      },
      "26": {
        "start": {
          "line": 135,
          "column": 20
        },
        "end": {
          "line": 141,
          "column": 1
        }
      },
      "27": {
        "start": {
          "line": 143,
          "column": 19
        },
        "end": {
          "line": 147,
          "column": 1
        }
      },
      "28": {
        "start": {
          "line": 149,
          "column": 25
        },
        "end": {
          "line": 156,
          "column": 1
        }
      },
      "29": {
        "start": {
          "line": 158,
          "column": 14
        },
        "end": {
          "line": 164,
          "column": 1
        }
      },
      "30": {
        "start": {
          "line": 166,
          "column": 18
        },
        "end": {
          "line": 169,
          "column": 1
        }
      },
      "31": {
        "start": {
          "line": 171,
          "column": 17
        },
        "end": {
          "line": 175,
          "column": 1
        }
      },
      "32": {
        "start": {
          "line": 177,
          "column": 21
        },
        "end": {
          "line": 180,
          "column": 1
        }
      }
    },
    "fnMap": {},
    "branchMap": {},
    "s": {
      "0": 7,
      "1": 7,
      "2": 7,
      "3": 7,
      "4": 7,
      "5": 7,
      "6": 7,
      "7": 7,
      "8": 7,
      "9": 7,
      "10": 7,
      "11": 7,
      "12": 7,
      "13": 7,
      "14": 7,
      "15": 7,
      "16": 7,
      "17": 7,
      "18": 7,
      "19": 7,
      "20": 7,
      "21": 7,
      "22": 7,
      "23": 7,
      "24": 7,
      "25": 7,
      "26": 7,
      "27": 7,
      "28": 7,
      "29": 7,
      "30": 7,
      "31": 7,
      "32": 7
    },
    "f": {},
    "b": {},
    "_coverageSchema": "43e27e138ebf9cfc5966b082cf9a028302ed4184",
    "hash": "3386c419827f7b3e67c53b0ba4bbb2fcdb71f035"
  },
  "/Users/hemalatharamachandran/Documents/Univ_documents/SEP/SEP203/client/src/assets/jss/material-kit-react/components/headerStyle.js": {
    "path": "/Users/hemalatharamachandran/Documents/Univ_documents/SEP/SEP203/client/src/assets/jss/material-kit-react/components/headerStyle.js",
    "statementMap": {
      "0": {
        "start": {
          "line": 15,
          "column": 20
        },
        "end": {
          "line": 149,
          "column": 1
        }
      }
    },
    "fnMap": {},
    "branchMap": {},
    "s": {
      "0": 7
    },
    "f": {},
    "b": {},
    "_coverageSchema": "43e27e138ebf9cfc5966b082cf9a028302ed4184",
    "hash": "f4fef364c6f7317747de3d180585f4aee5c18baa"
  },
  "/Users/hemalatharamachandran/Documents/Univ_documents/SEP/SEP203/client/src/components/Header/Header.js": {
    "path": "/Users/hemalatharamachandran/Documents/Univ_documents/SEP/SEP203/client/src/components/Header/Header.js",
    "statementMap": {
      "0": {
        "start": {
          "line": 20,
          "column": 18
        },
        "end": {
          "line": 20,
          "column": 36
        }
      },
      "1": {
        "start": {
          "line": 23,
          "column": 18
        },
        "end": {
          "line": 23,
          "column": 29
        }
      },
      "2": {
        "start": {
          "line": 24,
          "column": 38
        },
        "end": {
          "line": 24,
          "column": 59
        }
      },
      "3": {
        "start": {
          "line": 25,
          "column": 2
        },
        "end": {
          "line": 34,
          "column": 5
        }
      },
      "4": {
        "start": {
          "line": 26,
          "column": 4
        },
        "end": {
          "line": 28,
          "column": 5
        }
      },
      "5": {
        "start": {
          "line": 27,
          "column": 6
        },
        "end": {
          "line": 27,
          "column": 59
        }
      },
      "6": {
        "start": {
          "line": 29,
          "column": 4
        },
        "end": {
          "line": 33,
          "column": 6
        }
      },
      "7": {
        "start": {
          "line": 30,
          "column": 6
        },
        "end": {
          "line": 32,
          "column": 7
        }
      },
      "8": {
        "start": {
          "line": 31,
          "column": 8
        },
        "end": {
          "line": 31,
          "column": 64
        }
      },
      "9": {
        "start": {
          "line": 35,
          "column": 29
        },
        "end": {
          "line": 37,
          "column": 3
        }
      },
      "10": {
        "start": {
          "line": 36,
          "column": 4
        },
        "end": {
          "line": 36,
          "column": 31
        }
      },
      "11": {
        "start": {
          "line": 58,
          "column": 67
        },
        "end": {
          "line": 58,
          "column": 72
        }
      },
      "12": {
        "start": {
          "line": 59,
          "column": 24
        },
        "end": {
          "line": 64,
          "column": 4
        }
      },
      "13": {
        "start": {
          "line": 66,
          "column": 4
        },
        "end": {
          "line": 68,
          "column": 13
        }
      },
      "14": {
        "start": {
          "line": 70,
          "column": 2
        },
        "end": {
          "line": 113,
          "column": 4
        }
      },
      "15": {
        "start": {
          "line": 116,
          "column": 0
        },
        "end": {
          "line": 118,
          "column": 2
        }
      },
      "16": {
        "start": {
          "line": 120,
          "column": 0
        },
        "end": {
          "line": 157,
          "column": 2
        }
      }
    },
    "fnMap": {
      "0": {
        "name": "Header",
        "decl": {
          "start": {
            "line": 22,
            "column": 24
          },
          "end": {
            "line": 22,
            "column": 30
          }
        },
        "loc": {
          "start": {
            "line": 22,
            "column": 38
          },
          "end": {
            "line": 114,
            "column": 1
          }
        },
        "line": 22
      },
      "1": {
        "name": "(anonymous_1)",
        "decl": {
          "start": {
            "line": 25,
            "column": 18
          },
          "end": {
            "line": 25,
            "column": 19
          }
        },
        "loc": {
          "start": {
            "line": 25,
            "column": 24
          },
          "end": {
            "line": 34,
            "column": 3
          }
        },
        "line": 25
      },
      "2": {
        "name": "cleanup",
        "decl": {
          "start": {
            "line": 29,
            "column": 20
          },
          "end": {
            "line": 29,
            "column": 27
          }
        },
        "loc": {
          "start": {
            "line": 29,
            "column": 30
          },
          "end": {
            "line": 33,
            "column": 5
          }
        },
        "line": 29
      },
      "3": {
        "name": "(anonymous_3)",
        "decl": {
          "start": {
            "line": 35,
            "column": 29
          },
          "end": {
            "line": 35,
            "column": 30
          }
        },
        "loc": {
          "start": {
            "line": 35,
            "column": 35
          },
          "end": {
            "line": 37,
            "column": 3
          }
        },
        "line": 35
      }
    },
    "branchMap": {
      "0": {
        "loc": {
          "start": {
            "line": 26,
            "column": 4
          },
          "end": {
            "line": 28,
            "column": 5
          }
        },
        "type": "if",
        "locations": [
          {
            "start": {
              "line": 26,
              "column": 4
            },
            "end": {
              "line": 28,
              "column": 5
            }
          },
          {
            "start": {
              "line": 26,
              "column": 4
            },
            "end": {
              "line": 28,
              "column": 5
            }
          }
        ],
        "line": 26
      },
      "1": {
        "loc": {
          "start": {
            "line": 30,
            "column": 6
          },
          "end": {
            "line": 32,
            "column": 7
          }
        },
        "type": "if",
        "locations": [
          {
            "start": {
              "line": 30,
              "column": 6
            },
            "end": {
              "line": 32,
              "column": 7
            }
          },
          {
            "start": {
              "line": 30,
              "column": 6
            },
            "end": {
              "line": 32,
              "column": 7
            }
          }
        ],
        "line": 30
      },
      "2": {
        "loc": {
          "start": {
            "line": 73,
            "column": 9
          },
          "end": {
            "line": 73,
            "column": 56
          }
        },
        "type": "cond-expr",
        "locations": [
          {
            "start": {
              "line": 73,
              "column": 35
            },
            "end": {
              "line": 73,
              "column": 49
            }
          },
          {
            "start": {
              "line": 73,
              "column": 52
            },
            "end": {
              "line": 73,
              "column": 56
            }
          }
        ],
        "line": 73
      },
      "3": {
        "loc": {
          "start": {
            "line": 75,
            "column": 11
          },
          "end": {
            "line": 81,
            "column": 11
          }
        },
        "type": "cond-expr",
        "locations": [
          {
            "start": {
              "line": 76,
              "column": 12
            },
            "end": {
              "line": 78,
              "column": 21
            }
          },
          {
            "start": {
              "line": 80,
              "column": 12
            },
            "end": {
              "line": 80,
              "column": 26
            }
          }
        ],
        "line": 75
      }
    },
    "s": {
      "0": 7,
      "1": 28,
      "2": 28,
      "3": 28,
      "4": 28,
      "5": 0,
      "6": 28,
      "7": 21,
      "8": 0,
      "9": 28,
      "10": 0,
      "11": 28,
      "12": 28,
      "13": 28,
      "14": 28,
      "15": 7,
      "16": 7
    },
    "f": {
      "0": 28,
      "1": 28,
      "2": 21,
      "3": 0
    },
    "b": {
      "0": [
        0,
        28
      ],
      "1": [
        0,
        21
      ],
      "2": [
        0,
        28
      ],
      "3": [
        0,
        28
      ]
    },
    "_coverageSchema": "43e27e138ebf9cfc5966b082cf9a028302ed4184",
    "hash": "4c3a7eb9c2e9da812bb4e827620ce725cf5be3d8"
  },
  "/Users/hemalatharamachandran/Documents/Univ_documents/SEP/SEP203/client/src/actions/types.js": {
    "path": "/Users/hemalatharamachandran/Documents/Univ_documents/SEP/SEP203/client/src/actions/types.js",
    "statementMap": {
      "0": {
        "start": {
          "line": 1,
          "column": 32
        },
        "end": {
          "line": 1,
          "column": 50
        }
      },
      "1": {
        "start": {
          "line": 2,
          "column": 29
        },
        "end": {
          "line": 2,
          "column": 44
        }
      },
      "2": {
        "start": {
          "line": 3,
          "column": 29
        },
        "end": {
          "line": 3,
          "column": 44
        }
      },
      "3": {
        "start": {
          "line": 4,
          "column": 26
        },
        "end": {
          "line": 4,
          "column": 38
        }
      },
      "4": {
        "start": {
          "line": 5,
          "column": 26
        },
        "end": {
          "line": 5,
          "column": 38
        }
      },
      "5": {
        "start": {
          "line": 6,
          "column": 27
        },
        "end": {
          "line": 6,
          "column": 40
        }
      },
      "6": {
        "start": {
          "line": 7,
          "column": 25
        },
        "end": {
          "line": 7,
          "column": 36
        }
      },
      "7": {
        "start": {
          "line": 8,
          "column": 26
        },
        "end": {
          "line": 8,
          "column": 38
        }
      },
      "8": {
        "start": {
          "line": 9,
          "column": 22
        },
        "end": {
          "line": 9,
          "column": 30
        }
      },
      "9": {
        "start": {
          "line": 10,
          "column": 27
        },
        "end": {
          "line": 10,
          "column": 40
        }
      },
      "10": {
        "start": {
          "line": 11,
          "column": 30
        },
        "end": {
          "line": 11,
          "column": 46
        }
      },
      "11": {
        "start": {
          "line": 12,
          "column": 27
        },
        "end": {
          "line": 12,
          "column": 40
        }
      },
      "12": {
        "start": {
          "line": 13,
          "column": 28
        },
        "end": {
          "line": 13,
          "column": 42
        }
      },
      "13": {
        "start": {
          "line": 14,
          "column": 29
        },
        "end": {
          "line": 14,
          "column": 44
        }
      },
      "14": {
        "start": {
          "line": 15,
          "column": 29
        },
        "end": {
          "line": 15,
          "column": 44
        }
      },
      "15": {
        "start": {
          "line": 16,
          "column": 30
        },
        "end": {
          "line": 16,
          "column": 46
        }
      },
      "16": {
        "start": {
          "line": 17,
          "column": 25
        },
        "end": {
          "line": 17,
          "column": 36
        }
      },
      "17": {
        "start": {
          "line": 18,
          "column": 28
        },
        "end": {
          "line": 18,
          "column": 42
        }
      },
      "18": {
        "start": {
          "line": 19,
          "column": 31
        },
        "end": {
          "line": 19,
          "column": 48
        }
      },
      "19": {
        "start": {
          "line": 20,
          "column": 27
        },
        "end": {
          "line": 20,
          "column": 40
        }
      },
      "20": {
        "start": {
          "line": 21,
          "column": 29
        },
        "end": {
          "line": 21,
          "column": 44
        }
      },
      "21": {
        "start": {
          "line": 22,
          "column": 27
        },
        "end": {
          "line": 22,
          "column": 40
        }
      },
      "22": {
        "start": {
          "line": 23,
          "column": 28
        },
        "end": {
          "line": 23,
          "column": 42
        }
      },
      "23": {
        "start": {
          "line": 24,
          "column": 31
        },
        "end": {
          "line": 24,
          "column": 48
        }
      },
      "24": {
        "start": {
          "line": 25,
          "column": 30
        },
        "end": {
          "line": 25,
          "column": 46
        }
      },
      "25": {
        "start": {
          "line": 26,
          "column": 38
        },
        "end": {
          "line": 26,
          "column": 62
        }
      },
      "26": {
        "start": {
          "line": 27,
          "column": 32
        },
        "end": {
          "line": 27,
          "column": 50
        }
      },
      "27": {
        "start": {
          "line": 28,
          "column": 30
        },
        "end": {
          "line": 28,
          "column": 46
        }
      },
      "28": {
        "start": {
          "line": 29,
          "column": 30
        },
        "end": {
          "line": 29,
          "column": 46
        }
      },
      "29": {
        "start": {
          "line": 30,
          "column": 30
        },
        "end": {
          "line": 30,
          "column": 46
        }
      },
      "30": {
        "start": {
          "line": 31,
          "column": 28
        },
        "end": {
          "line": 31,
          "column": 42
        }
      },
      "31": {
        "start": {
          "line": 32,
          "column": 31
        },
        "end": {
          "line": 32,
          "column": 48
        }
      },
      "32": {
        "start": {
          "line": 33,
          "column": 30
        },
        "end": {
          "line": 33,
          "column": 46
        }
      },
      "33": {
        "start": {
          "line": 34,
          "column": 32
        },
        "end": {
          "line": 34,
          "column": 50
        }
      },
      "34": {
        "start": {
          "line": 35,
          "column": 34
        },
        "end": {
          "line": 35,
          "column": 54
        }
      },
      "35": {
        "start": {
          "line": 36,
          "column": 34
        },
        "end": {
          "line": 36,
          "column": 54
        }
      },
      "36": {
        "start": {
          "line": 37,
          "column": 31
        },
        "end": {
          "line": 37,
          "column": 48
        }
      },
      "37": {
        "start": {
          "line": 38,
          "column": 31
        },
        "end": {
          "line": 38,
          "column": 48
        }
      },
      "38": {
        "start": {
          "line": 39,
          "column": 33
        },
        "end": {
          "line": 39,
          "column": 52
        }
      },
      "39": {
        "start": {
          "line": 40,
          "column": 34
        },
        "end": {
          "line": 40,
          "column": 54
        }
      },
      "40": {
        "start": {
          "line": 41,
          "column": 35
        },
        "end": {
          "line": 41,
          "column": 56
        }
      },
      "41": {
        "start": {
          "line": 42,
          "column": 33
        },
        "end": {
          "line": 42,
          "column": 52
        }
      },
      "42": {
        "start": {
          "line": 43,
          "column": 33
        },
        "end": {
          "line": 43,
          "column": 52
        }
      }
    },
    "fnMap": {},
    "branchMap": {},
    "s": {
      "0": 7,
      "1": 7,
      "2": 7,
      "3": 7,
      "4": 7,
      "5": 7,
      "6": 7,
      "7": 7,
      "8": 7,
      "9": 7,
      "10": 7,
      "11": 7,
      "12": 7,
      "13": 7,
      "14": 7,
      "15": 7,
      "16": 7,
      "17": 7,
      "18": 7,
      "19": 7,
      "20": 7,
      "21": 7,
      "22": 7,
      "23": 7,
      "24": 7,
      "25": 7,
      "26": 7,
      "27": 7,
      "28": 7,
      "29": 7,
      "30": 7,
      "31": 7,
      "32": 7,
      "33": 7,
      "34": 7,
      "35": 7,
      "36": 7,
      "37": 7,
      "38": 7,
      "39": 7,
      "40": 7,
      "41": 7,
      "42": 7
    },
    "f": {},
    "b": {},
    "_coverageSchema": "43e27e138ebf9cfc5966b082cf9a028302ed4184",
    "hash": "1e738a50e843a5324698fa7e8de6144fcdae3e78"
  },
  "/Users/hemalatharamachandran/Documents/Univ_documents/SEP/SEP203/client/src/utils/setAuthToken.js": {
    "path": "/Users/hemalatharamachandran/Documents/Univ_documents/SEP/SEP203/client/src/utils/setAuthToken.js",
    "statementMap": {
      "0": {
        "start": {
          "line": 3,
          "column": 21
        },
        "end": {
          "line": 10,
          "column": 1
        }
      },
      "1": {
        "start": {
          "line": 4,
          "column": 2
        },
        "end": {
          "line": 9,
          "column": 3
        }
      },
      "2": {
        "start": {
          "line": 5,
          "column": 4
        },
        "end": {
          "line": 5,
          "column": 58
        }
      }
    },
    "fnMap": {
      "0": {
        "name": "(anonymous_0)",
        "decl": {
          "start": {
            "line": 3,
            "column": 21
          },
          "end": {
            "line": 3,
            "column": 22
          }
        },
        "loc": {
          "start": {
            "line": 3,
            "column": 30
          },
          "end": {
            "line": 10,
            "column": 1
          }
        },
        "line": 3
      }
    },
    "branchMap": {
      "0": {
        "loc": {
          "start": {
            "line": 4,
            "column": 2
          },
          "end": {
            "line": 9,
            "column": 3
          }
        },
        "type": "if",
        "locations": [
          {
            "start": {
              "line": 4,
              "column": 2
            },
            "end": {
              "line": 9,
              "column": 3
            }
          },
          {
            "start": {
              "line": 4,
              "column": 2
            },
            "end": {
              "line": 9,
              "column": 3
            }
          }
        ],
        "line": 4
      }
    },
    "s": {
      "0": 7,
      "1": 28,
      "2": 28
    },
    "f": {
      "0": 28
    },
    "b": {
      "0": [
        28,
        0
      ]
    },
    "_coverageSchema": "43e27e138ebf9cfc5966b082cf9a028302ed4184",
    "hash": "58e4bb3128b68dfabea229cd8256d7be0729bc7c"
  },
  "/Users/hemalatharamachandran/Documents/Univ_documents/SEP/SEP203/client/src/actions/auth.js": {
    "path": "/Users/hemalatharamachandran/Documents/Univ_documents/SEP/SEP203/client/src/actions/auth.js",
    "statementMap": {
      "0": {
        "start": {
          "line": 23,
          "column": 24
        },
        "end": {
          "line": 42,
          "column": 1
        }
      },
      "1": {
        "start": {
          "line": 23,
          "column": 30
        },
        "end": {
          "line": 42,
          "column": 1
        }
      },
      "2": {
        "start": {
          "line": 24,
          "column": 2
        },
        "end": {
          "line": 26,
          "column": 3
        }
      },
      "3": {
        "start": {
          "line": 25,
          "column": 4
        },
        "end": {
          "line": 25,
          "column": 37
        }
      },
      "4": {
        "start": {
          "line": 27,
          "column": 2
        },
        "end": {
          "line": 41,
          "column": 3
        }
      },
      "5": {
        "start": {
          "line": 28,
          "column": 16
        },
        "end": {
          "line": 28,
          "column": 44
        }
      },
      "6": {
        "start": {
          "line": 29,
          "column": 4
        },
        "end": {
          "line": 32,
          "column": 7
        }
      },
      "7": {
        "start": {
          "line": 34,
          "column": 19
        },
        "end": {
          "line": 34,
          "column": 43
        }
      },
      "8": {
        "start": {
          "line": 35,
          "column": 4
        },
        "end": {
          "line": 37,
          "column": 5
        }
      },
      "9": {
        "start": {
          "line": 36,
          "column": 6
        },
        "end": {
          "line": 36,
          "column": 46
        }
      },
      "10": {
        "start": {
          "line": 36,
          "column": 28
        },
        "end": {
          "line": 36,
          "column": 44
        }
      },
      "11": {
        "start": {
          "line": 38,
          "column": 4
        },
        "end": {
          "line": 40,
          "column": 7
        }
      },
      "12": {
        "start": {
          "line": 45,
          "column": 24
        },
        "end": {
          "line": 81,
          "column": 1
        }
      },
      "13": {
        "start": {
          "line": 50,
          "column": 6
        },
        "end": {
          "line": 81,
          "column": 1
        }
      },
      "14": {
        "start": {
          "line": 51,
          "column": 17
        },
        "end": {
          "line": 55,
          "column": 3
        }
      },
      "15": {
        "start": {
          "line": 56,
          "column": 15
        },
        "end": {
          "line": 56,
          "column": 66
        }
      },
      "16": {
        "start": {
          "line": 57,
          "column": 2
        },
        "end": {
          "line": 80,
          "column": 3
        }
      },
      "17": {
        "start": {
          "line": 58,
          "column": 16
        },
        "end": {
          "line": 58,
          "column": 60
        }
      },
      "18": {
        "start": {
          "line": 59,
          "column": 4
        },
        "end": {
          "line": 62,
          "column": 7
        }
      },
      "19": {
        "start": {
          "line": 66,
          "column": 19
        },
        "end": {
          "line": 66,
          "column": 42
        }
      },
      "20": {
        "start": {
          "line": 67,
          "column": 4
        },
        "end": {
          "line": 67,
          "column": 47
        }
      },
      "21": {
        "start": {
          "line": 68,
          "column": 4
        },
        "end": {
          "line": 72,
          "column": 5
        }
      },
      "22": {
        "start": {
          "line": 69,
          "column": 6
        },
        "end": {
          "line": 71,
          "column": 9
        }
      },
      "23": {
        "start": {
          "line": 70,
          "column": 8
        },
        "end": {
          "line": 70,
          "column": 24
        }
      },
      "24": {
        "start": {
          "line": 73,
          "column": 4
        },
        "end": {
          "line": 76,
          "column": 7
        }
      },
      "25": {
        "start": {
          "line": 77,
          "column": 4
        },
        "end": {
          "line": 79,
          "column": 7
        }
      },
      "26": {
        "start": {
          "line": 84,
          "column": 21
        },
        "end": {
          "line": 117,
          "column": 1
        }
      },
      "27": {
        "start": {
          "line": 84,
          "column": 45
        },
        "end": {
          "line": 117,
          "column": 1
        }
      },
      "28": {
        "start": {
          "line": 85,
          "column": 17
        },
        "end": {
          "line": 89,
          "column": 3
        }
      },
      "29": {
        "start": {
          "line": 90,
          "column": 15
        },
        "end": {
          "line": 90,
          "column": 53
        }
      },
      "30": {
        "start": {
          "line": 91,
          "column": 2
        },
        "end": {
          "line": 116,
          "column": 3
        }
      },
      "31": {
        "start": {
          "line": 92,
          "column": 16
        },
        "end": {
          "line": 92,
          "column": 59
        }
      },
      "32": {
        "start": {
          "line": 94,
          "column": 4
        },
        "end": {
          "line": 97,
          "column": 7
        }
      },
      "33": {
        "start": {
          "line": 99,
          "column": 4
        },
        "end": {
          "line": 99,
          "column": 25
        }
      },
      "34": {
        "start": {
          "line": 103,
          "column": 19
        },
        "end": {
          "line": 103,
          "column": 43
        }
      },
      "35": {
        "start": {
          "line": 104,
          "column": 4
        },
        "end": {
          "line": 108,
          "column": 5
        }
      },
      "36": {
        "start": {
          "line": 105,
          "column": 6
        },
        "end": {
          "line": 107,
          "column": 9
        }
      },
      "37": {
        "start": {
          "line": 106,
          "column": 8
        },
        "end": {
          "line": 106,
          "column": 24
        }
      },
      "38": {
        "start": {
          "line": 109,
          "column": 4
        },
        "end": {
          "line": 112,
          "column": 7
        }
      },
      "39": {
        "start": {
          "line": 113,
          "column": 4
        },
        "end": {
          "line": 115,
          "column": 7
        }
      },
      "40": {
        "start": {
          "line": 119,
          "column": 27
        },
        "end": {
          "line": 135,
          "column": 1
        }
      },
      "41": {
        "start": {
          "line": 119,
          "column": 33
        },
        "end": {
          "line": 135,
          "column": 1
        }
      },
      "42": {
        "start": {
          "line": 120,
          "column": 2
        },
        "end": {
          "line": 132,
          "column": 3
        }
      },
      "43": {
        "start": {
          "line": 121,
          "column": 16
        },
        "end": {
          "line": 121,
          "column": 45
        }
      },
      "44": {
        "start": {
          "line": 122,
          "column": 4
        },
        "end": {
          "line": 125,
          "column": 6
        }
      },
      "45": {
        "start": {
          "line": 128,
          "column": 4
        },
        "end": {
          "line": 131,
          "column": 7
        }
      },
      "46": {
        "start": {
          "line": 156,
          "column": 22
        },
        "end": {
          "line": 165,
          "column": 1
        }
      },
      "47": {
        "start": {
          "line": 156,
          "column": 28
        },
        "end": {
          "line": 165,
          "column": 1
        }
      },
      "48": {
        "start": {
          "line": 157,
          "column": 2
        },
        "end": {
          "line": 157,
          "column": 36
        }
      },
      "49": {
        "start": {
          "line": 158,
          "column": 2
        },
        "end": {
          "line": 158,
          "column": 35
        }
      },
      "50": {
        "start": {
          "line": 159,
          "column": 2
        },
        "end": {
          "line": 159,
          "column": 31
        }
      },
      "51": {
        "start": {
          "line": 160,
          "column": 2
        },
        "end": {
          "line": 160,
          "column": 34
        }
      },
      "52": {
        "start": {
          "line": 161,
          "column": 2
        },
        "end": {
          "line": 161,
          "column": 34
        }
      },
      "53": {
        "start": {
          "line": 162,
          "column": 2
        },
        "end": {
          "line": 162,
          "column": 37
        }
      },
      "54": {
        "start": {
          "line": 163,
          "column": 2
        },
        "end": {
          "line": 163,
          "column": 38
        }
      },
      "55": {
        "start": {
          "line": 164,
          "column": 2
        },
        "end": {
          "line": 164,
          "column": 29
        }
      }
    },
    "fnMap": {
      "0": {
        "name": "(anonymous_0)",
        "decl": {
          "start": {
            "line": 23,
            "column": 24
          },
          "end": {
            "line": 23,
            "column": 25
          }
        },
        "loc": {
          "start": {
            "line": 23,
            "column": 30
          },
          "end": {
            "line": 42,
            "column": 1
          }
        },
        "line": 23
      },
      "1": {
        "name": "(anonymous_1)",
        "decl": {
          "start": {
            "line": 23,
            "column": 30
          },
          "end": {
            "line": 23,
            "column": 31
          }
        },
        "loc": {
          "start": {
            "line": 23,
            "column": 48
          },
          "end": {
            "line": 42,
            "column": 1
          }
        },
        "line": 23
      },
      "2": {
        "name": "(anonymous_2)",
        "decl": {
          "start": {
            "line": 36,
            "column": 21
          },
          "end": {
            "line": 36,
            "column": 22
          }
        },
        "loc": {
          "start": {
            "line": 36,
            "column": 28
          },
          "end": {
            "line": 36,
            "column": 44
          }
        },
        "line": 36
      },
      "3": {
        "name": "(anonymous_3)",
        "decl": {
          "start": {
            "line": 45,
            "column": 24
          },
          "end": {
            "line": 45,
            "column": 25
          }
        },
        "loc": {
          "start": {
            "line": 50,
            "column": 6
          },
          "end": {
            "line": 81,
            "column": 1
          }
        },
        "line": 50
      },
      "4": {
        "name": "(anonymous_4)",
        "decl": {
          "start": {
            "line": 50,
            "column": 6
          },
          "end": {
            "line": 50,
            "column": 7
          }
        },
        "loc": {
          "start": {
            "line": 50,
            "column": 24
          },
          "end": {
            "line": 81,
            "column": 1
          }
        },
        "line": 50
      },
      "5": {
        "name": "(anonymous_5)",
        "decl": {
          "start": {
            "line": 69,
            "column": 21
          },
          "end": {
            "line": 69,
            "column": 22
          }
        },
        "loc": {
          "start": {
            "line": 69,
            "column": 28
          },
          "end": {
            "line": 71,
            "column": 7
          }
        },
        "line": 69
      },
      "6": {
        "name": "(anonymous_6)",
        "decl": {
          "start": {
            "line": 84,
            "column": 21
          },
          "end": {
            "line": 84,
            "column": 22
          }
        },
        "loc": {
          "start": {
            "line": 84,
            "column": 45
          },
          "end": {
            "line": 117,
            "column": 1
          }
        },
        "line": 84
      },
      "7": {
        "name": "(anonymous_7)",
        "decl": {
          "start": {
            "line": 84,
            "column": 45
          },
          "end": {
            "line": 84,
            "column": 46
          }
        },
        "loc": {
          "start": {
            "line": 84,
            "column": 63
          },
          "end": {
            "line": 117,
            "column": 1
          }
        },
        "line": 84
      },
      "8": {
        "name": "(anonymous_8)",
        "decl": {
          "start": {
            "line": 105,
            "column": 21
          },
          "end": {
            "line": 105,
            "column": 22
          }
        },
        "loc": {
          "start": {
            "line": 105,
            "column": 28
          },
          "end": {
            "line": 107,
            "column": 7
          }
        },
        "line": 105
      },
      "9": {
        "name": "(anonymous_9)",
        "decl": {
          "start": {
            "line": 119,
            "column": 27
          },
          "end": {
            "line": 119,
            "column": 28
          }
        },
        "loc": {
          "start": {
            "line": 119,
            "column": 33
          },
          "end": {
            "line": 135,
            "column": 1
          }
        },
        "line": 119
      },
      "10": {
        "name": "(anonymous_10)",
        "decl": {
          "start": {
            "line": 119,
            "column": 33
          },
          "end": {
            "line": 119,
            "column": 34
          }
        },
        "loc": {
          "start": {
            "line": 119,
            "column": 51
          },
          "end": {
            "line": 135,
            "column": 1
          }
        },
        "line": 119
      },
      "11": {
        "name": "(anonymous_11)",
        "decl": {
          "start": {
            "line": 156,
            "column": 22
          },
          "end": {
            "line": 156,
            "column": 23
          }
        },
        "loc": {
          "start": {
            "line": 156,
            "column": 28
          },
          "end": {
            "line": 165,
            "column": 1
          }
        },
        "line": 156
      },
      "12": {
        "name": "(anonymous_12)",
        "decl": {
          "start": {
            "line": 156,
            "column": 28
          },
          "end": {
            "line": 156,
            "column": 29
          }
        },
        "loc": {
          "start": {
            "line": 156,
            "column": 40
          },
          "end": {
            "line": 165,
            "column": 1
          }
        },
        "line": 156
      }
    },
    "branchMap": {
      "0": {
        "loc": {
          "start": {
            "line": 24,
            "column": 2
          },
          "end": {
            "line": 26,
            "column": 3
          }
        },
        "type": "if",
        "locations": [
          {
            "start": {
              "line": 24,
              "column": 2
            },
            "end": {
              "line": 26,
              "column": 3
            }
          },
          {
            "start": {
              "line": 24,
              "column": 2
            },
            "end": {
              "line": 26,
              "column": 3
            }
          }
        ],
        "line": 24
      },
      "1": {
        "loc": {
          "start": {
            "line": 35,
            "column": 4
          },
          "end": {
            "line": 37,
            "column": 5
          }
        },
        "type": "if",
        "locations": [
          {
            "start": {
              "line": 35,
              "column": 4
            },
            "end": {
              "line": 37,
              "column": 5
            }
          },
          {
            "start": {
              "line": 35,
              "column": 4
            },
            "end": {
              "line": 37,
              "column": 5
            }
          }
        ],
        "line": 35
      },
      "2": {
        "loc": {
          "start": {
            "line": 68,
            "column": 4
          },
          "end": {
            "line": 72,
            "column": 5
          }
        },
        "type": "if",
        "locations": [
          {
            "start": {
              "line": 68,
              "column": 4
            },
            "end": {
              "line": 72,
              "column": 5
            }
          },
          {
            "start": {
              "line": 68,
              "column": 4
            },
            "end": {
              "line": 72,
              "column": 5
            }
          }
        ],
        "line": 68
      },
      "3": {
        "loc": {
          "start": {
            "line": 104,
            "column": 4
          },
          "end": {
            "line": 108,
            "column": 5
          }
        },
        "type": "if",
        "locations": [
          {
            "start": {
              "line": 104,
              "column": 4
            },
            "end": {
              "line": 108,
              "column": 5
            }
          },
          {
            "start": {
              "line": 104,
              "column": 4
            },
            "end": {
              "line": 108,
              "column": 5
            }
          }
        ],
        "line": 104
      }
    },
    "s": {
      "0": 7,
      "1": 28,
      "2": 28,
      "3": 21,
      "4": 28,
      "5": 28,
      "6": 21,
      "7": 7,
      "8": 7,
      "9": 0,
      "10": 0,
      "11": 7,
      "12": 7,
      "13": 0,
      "14": 0,
      "15": 0,
      "16": 0,
      "17": 0,
      "18": 0,
      "19": 0,
      "20": 0,
      "21": 0,
      "22": 0,
      "23": 0,
      "24": 0,
      "25": 0,
      "26": 7,
      "27": 7,
      "28": 7,
      "29": 7,
      "30": 7,
      "31": 7,
      "32": 7,
      "33": 7,
      "34": 0,
      "35": 0,
      "36": 0,
      "37": 0,
      "38": 0,
      "39": 0,
      "40": 7,
      "41": 0,
      "42": 0,
      "43": 0,
      "44": 0,
      "45": 0,
      "46": 7,
      "47": 0,
      "48": 0,
      "49": 0,
      "50": 0,
      "51": 0,
      "52": 0,
      "53": 0,
      "54": 0,
      "55": 0
    },
    "f": {
      "0": 28,
      "1": 28,
      "2": 0,
      "3": 0,
      "4": 0,
      "5": 0,
      "6": 7,
      "7": 7,
      "8": 0,
      "9": 0,
      "10": 0,
      "11": 0,
      "12": 0
    },
    "b": {
      "0": [
        21,
        7
      ],
      "1": [
        0,
        7
      ],
      "2": [
        0,
        0
      ],
      "3": [
        0,
        0
      ]
    },
    "_coverageSchema": "43e27e138ebf9cfc5966b082cf9a028302ed4184",
    "hash": "9991c1699ec10e4f1b3c53d3d4f6dfd665b3ae63"
  },
  "/Users/hemalatharamachandran/Documents/Univ_documents/SEP/SEP203/client/src/assets/jss/material-kit-react/components/buttonStyle.js": {
    "path": "/Users/hemalatharamachandran/Documents/Univ_documents/SEP/SEP203/client/src/assets/jss/material-kit-react/components/buttonStyle.js",
    "statementMap": {
      "0": {
        "start": {
          "line": 11,
          "column": 20
        },
        "end": {
          "line": 322,
          "column": 1
        }
      }
    },
    "fnMap": {},
    "branchMap": {},
    "s": {
      "0": 7
    },
    "f": {},
    "b": {},
    "_coverageSchema": "43e27e138ebf9cfc5966b082cf9a028302ed4184",
    "hash": "c845ec90979c7139cdbed5cc1af993db575e290f"
  },
  "/Users/hemalatharamachandran/Documents/Univ_documents/SEP/SEP203/client/src/components/CustomButtons/Button.js": {
    "path": "/Users/hemalatharamachandran/Documents/Univ_documents/SEP/SEP203/client/src/components/CustomButtons/Button.js",
    "statementMap": {
      "0": {
        "start": {
          "line": 15,
          "column": 28
        },
        "end": {
          "line": 17,
          "column": 3
        }
      },
      "1": {
        "start": {
          "line": 15,
          "column": 46
        },
        "end": {
          "line": 17,
          "column": 1
        }
      },
      "2": {
        "start": {
          "line": 19,
          "column": 22
        },
        "end": {
          "line": 55,
          "column": 2
        }
      },
      "3": {
        "start": {
          "line": 33,
          "column": 6
        },
        "end": {
          "line": 33,
          "column": 11
        }
      },
      "4": {
        "start": {
          "line": 35,
          "column": 18
        },
        "end": {
          "line": 35,
          "column": 39
        }
      },
      "5": {
        "start": {
          "line": 37,
          "column": 21
        },
        "end": {
          "line": 49,
          "column": 4
        }
      },
      "6": {
        "start": {
          "line": 50,
          "column": 2
        },
        "end": {
          "line": 54,
          "column": 4
        }
      },
      "7": {
        "start": {
          "line": 57,
          "column": 0
        },
        "end": {
          "line": 82,
          "column": 2
        }
      }
    },
    "fnMap": {
      "0": {
        "name": "(anonymous_0)",
        "decl": {
          "start": {
            "line": 15,
            "column": 39
          },
          "end": {
            "line": 15,
            "column": 40
          }
        },
        "loc": {
          "start": {
            "line": 15,
            "column": 46
          },
          "end": {
            "line": 17,
            "column": 1
          }
        },
        "line": 15
      },
      "1": {
        "name": "(anonymous_1)",
        "decl": {
          "start": {
            "line": 19,
            "column": 39
          },
          "end": {
            "line": 19,
            "column": 40
          }
        },
        "loc": {
          "start": {
            "line": 19,
            "column": 55
          },
          "end": {
            "line": 55,
            "column": 1
          }
        },
        "line": 19
      }
    },
    "branchMap": {},
    "s": {
      "0": 7,
      "1": 7,
      "2": 7,
      "3": 1444,
      "4": 1444,
      "5": 1444,
      "6": 1444,
      "7": 7
    },
    "f": {
      "0": 7,
      "1": 1444
    },
    "b": {},
    "_coverageSchema": "43e27e138ebf9cfc5966b082cf9a028302ed4184",
    "hash": "7844144edcee2f8e620cf9b3a58b69845e6a9fc8"
  },
  "/Users/hemalatharamachandran/Documents/Univ_documents/SEP/SEP203/client/src/assets/jss/material-kit-react/components/customDropdownStyle.js": {
    "path": "/Users/hemalatharamachandran/Documents/Univ_documents/SEP/SEP203/client/src/assets/jss/material-kit-react/components/customDropdownStyle.js",
    "statementMap": {
      "0": {
        "start": {
          "line": 17,
          "column": 28
        },
        "end": {
          "line": 167,
          "column": 2
        }
      },
      "1": {
        "start": {
          "line": 17,
          "column": 38
        },
        "end": {
          "line": 167,
          "column": 1
        }
      }
    },
    "fnMap": {
      "0": {
        "name": "(anonymous_0)",
        "decl": {
          "start": {
            "line": 17,
            "column": 28
          },
          "end": {
            "line": 17,
            "column": 29
          }
        },
        "loc": {
          "start": {
            "line": 17,
            "column": 38
          },
          "end": {
            "line": 167,
            "column": 1
          }
        },
        "line": 17
      }
    },
    "branchMap": {},
    "s": {
      "0": 7,
      "1": 7
    },
    "f": {
      "0": 7
    },
    "b": {},
    "_coverageSchema": "43e27e138ebf9cfc5966b082cf9a028302ed4184",
    "hash": "9f535e3dc729f381fdd2adcf214b31c5a63b3b6c"
  },
  "/Users/hemalatharamachandran/Documents/Univ_documents/SEP/SEP203/client/src/components/CustomDropdown/CustomDropdown.js": {
    "path": "/Users/hemalatharamachandran/Documents/Univ_documents/SEP/SEP203/client/src/components/CustomDropdown/CustomDropdown.js",
    "statementMap": {
      "0": {
        "start": {
          "line": 23,
          "column": 18
        },
        "end": {
          "line": 23,
          "column": 36
        }
      },
      "1": {
        "start": {
          "line": 26,
          "column": 34
        },
        "end": {
          "line": 26,
          "column": 54
        }
      },
      "2": {
        "start": {
          "line": 27,
          "column": 22
        },
        "end": {
          "line": 33,
          "column": 3
        }
      },
      "3": {
        "start": {
          "line": 28,
          "column": 4
        },
        "end": {
          "line": 32,
          "column": 5
        }
      },
      "4": {
        "start": {
          "line": 29,
          "column": 6
        },
        "end": {
          "line": 29,
          "column": 24
        }
      },
      "5": {
        "start": {
          "line": 31,
          "column": 6
        },
        "end": {
          "line": 31,
          "column": 39
        }
      },
      "6": {
        "start": {
          "line": 34,
          "column": 22
        },
        "end": {
          "line": 39,
          "column": 3
        }
      },
      "7": {
        "start": {
          "line": 35,
          "column": 4
        },
        "end": {
          "line": 35,
          "column": 22
        }
      },
      "8": {
        "start": {
          "line": 36,
          "column": 4
        },
        "end": {
          "line": 38,
          "column": 5
        }
      },
      "9": {
        "start": {
          "line": 37,
          "column": 6
        },
        "end": {
          "line": 37,
          "column": 27
        }
      },
      "10": {
        "start": {
          "line": 40,
          "column": 26
        },
        "end": {
          "line": 45,
          "column": 3
        }
      },
      "11": {
        "start": {
          "line": 41,
          "column": 4
        },
        "end": {
          "line": 43,
          "column": 5
        }
      },
      "12": {
        "start": {
          "line": 42,
          "column": 6
        },
        "end": {
          "line": 42,
          "column": 13
        }
      },
      "13": {
        "start": {
          "line": 44,
          "column": 4
        },
        "end": {
          "line": 44,
          "column": 22
        }
      },
      "14": {
        "start": {
          "line": 46,
          "column": 18
        },
        "end": {
          "line": 46,
          "column": 29
        }
      },
      "15": {
        "start": {
          "line": 59,
          "column": 6
        },
        "end": {
          "line": 59,
          "column": 11
        }
      },
      "16": {
        "start": {
          "line": 60,
          "column": 23
        },
        "end": {
          "line": 64,
          "column": 4
        }
      },
      "17": {
        "start": {
          "line": 65,
          "column": 23
        },
        "end": {
          "line": 70,
          "column": 4
        }
      },
      "18": {
        "start": {
          "line": 71,
          "column": 13
        },
        "end": {
          "line": 71,
          "column": 17
        }
      },
      "19": {
        "start": {
          "line": 72,
          "column": 2
        },
        "end": {
          "line": 82,
          "column": 3
        }
      },
      "20": {
        "start": {
          "line": 74,
          "column": 6
        },
        "end": {
          "line": 74,
          "column": 65
        }
      },
      "21": {
        "start": {
          "line": 75,
          "column": 6
        },
        "end": {
          "line": 75,
          "column": 12
        }
      },
      "22": {
        "start": {
          "line": 77,
          "column": 6
        },
        "end": {
          "line": 77,
          "column": 76
        }
      },
      "23": {
        "start": {
          "line": 78,
          "column": 6
        },
        "end": {
          "line": 78,
          "column": 12
        }
      },
      "24": {
        "start": {
          "line": 80,
          "column": 6
        },
        "end": {
          "line": 80,
          "column": 18
        }
      },
      "25": {
        "start": {
          "line": 81,
          "column": 6
        },
        "end": {
          "line": 81,
          "column": 12
        }
      },
      "26": {
        "start": {
          "line": 83,
          "column": 2
        },
        "end": {
          "line": 165,
          "column": 4
        }
      },
      "27": {
        "start": {
          "line": 118,
          "column": 10
        },
        "end": {
          "line": 161,
          "column": 17
        }
      },
      "28": {
        "start": {
          "line": 132,
          "column": 37
        },
        "end": {
          "line": 132,
          "column": 64
        }
      },
      "29": {
        "start": {
          "line": 139,
          "column": 20
        },
        "end": {
          "line": 147,
          "column": 21
        }
      },
      "30": {
        "start": {
          "line": 140,
          "column": 22
        },
        "end": {
          "line": 146,
          "column": 24
        }
      },
      "31": {
        "start": {
          "line": 143,
          "column": 41
        },
        "end": {
          "line": 143,
          "column": 63
        }
      },
      "32": {
        "start": {
          "line": 148,
          "column": 20
        },
        "end": {
          "line": 156,
          "column": 22
        }
      },
      "33": {
        "start": {
          "line": 151,
          "column": 39
        },
        "end": {
          "line": 151,
          "column": 56
        }
      },
      "34": {
        "start": {
          "line": 168,
          "column": 0
        },
        "end": {
          "line": 171,
          "column": 2
        }
      },
      "35": {
        "start": {
          "line": 173,
          "column": 0
        },
        "end": {
          "line": 195,
          "column": 2
        }
      }
    },
    "fnMap": {
      "0": {
        "name": "CustomDropdown",
        "decl": {
          "start": {
            "line": 25,
            "column": 24
          },
          "end": {
            "line": 25,
            "column": 38
          }
        },
        "loc": {
          "start": {
            "line": 25,
            "column": 46
          },
          "end": {
            "line": 166,
            "column": 1
          }
        },
        "line": 25
      },
      "1": {
        "name": "(anonymous_1)",
        "decl": {
          "start": {
            "line": 27,
            "column": 22
          },
          "end": {
            "line": 27,
            "column": 23
          }
        },
        "loc": {
          "start": {
            "line": 27,
            "column": 31
          },
          "end": {
            "line": 33,
            "column": 3
          }
        },
        "line": 27
      },
      "2": {
        "name": "(anonymous_2)",
        "decl": {
          "start": {
            "line": 34,
            "column": 22
          },
          "end": {
            "line": 34,
            "column": 23
          }
        },
        "loc": {
          "start": {
            "line": 34,
            "column": 31
          },
          "end": {
            "line": 39,
            "column": 3
          }
        },
        "line": 34
      },
      "3": {
        "name": "(anonymous_3)",
        "decl": {
          "start": {
            "line": 40,
            "column": 26
          },
          "end": {
            "line": 40,
            "column": 27
          }
        },
        "loc": {
          "start": {
            "line": 40,
            "column": 35
          },
          "end": {
            "line": 45,
            "column": 3
          }
        },
        "line": 40
      },
      "4": {
        "name": "(anonymous_4)",
        "decl": {
          "start": {
            "line": 117,
            "column": 9
          },
          "end": {
            "line": 117,
            "column": 10
          }
        },
        "loc": {
          "start": {
            "line": 118,
            "column": 10
          },
          "end": {
            "line": 161,
            "column": 17
          }
        },
        "line": 118
      },
      "5": {
        "name": "(anonymous_5)",
        "decl": {
          "start": {
            "line": 132,
            "column": 31
          },
          "end": {
            "line": 132,
            "column": 32
          }
        },
        "loc": {
          "start": {
            "line": 132,
            "column": 37
          },
          "end": {
            "line": 132,
            "column": 64
          }
        },
        "line": 132
      },
      "6": {
        "name": "(anonymous_6)",
        "decl": {
          "start": {
            "line": 138,
            "column": 36
          },
          "end": {
            "line": 138,
            "column": 37
          }
        },
        "loc": {
          "start": {
            "line": 138,
            "column": 51
          },
          "end": {
            "line": 157,
            "column": 19
          }
        },
        "line": 138
      },
      "7": {
        "name": "(anonymous_7)",
        "decl": {
          "start": {
            "line": 143,
            "column": 35
          },
          "end": {
            "line": 143,
            "column": 36
          }
        },
        "loc": {
          "start": {
            "line": 143,
            "column": 41
          },
          "end": {
            "line": 143,
            "column": 63
          }
        },
        "line": 143
      },
      "8": {
        "name": "(anonymous_8)",
        "decl": {
          "start": {
            "line": 151,
            "column": 33
          },
          "end": {
            "line": 151,
            "column": 34
          }
        },
        "loc": {
          "start": {
            "line": 151,
            "column": 39
          },
          "end": {
            "line": 151,
            "column": 56
          }
        },
        "line": 151
      }
    },
    "branchMap": {
      "0": {
        "loc": {
          "start": {
            "line": 28,
            "column": 4
          },
          "end": {
            "line": 32,
            "column": 5
          }
        },
        "type": "if",
        "locations": [
          {
            "start": {
              "line": 28,
              "column": 4
            },
            "end": {
              "line": 32,
              "column": 5
            }
          },
          {
            "start": {
              "line": 28,
              "column": 4
            },
            "end": {
              "line": 32,
              "column": 5
            }
          }
        ],
        "line": 28
      },
      "1": {
        "loc": {
          "start": {
            "line": 28,
            "column": 8
          },
          "end": {
            "line": 28,
            "column": 51
          }
        },
        "type": "binary-expr",
        "locations": [
          {
            "start": {
              "line": 28,
              "column": 8
            },
            "end": {
              "line": 28,
              "column": 16
            }
          },
          {
            "start": {
              "line": 28,
              "column": 20
            },
            "end": {
              "line": 28,
              "column": 51
            }
          }
        ],
        "line": 28
      },
      "2": {
        "loc": {
          "start": {
            "line": 36,
            "column": 4
          },
          "end": {
            "line": 38,
            "column": 5
          }
        },
        "type": "if",
        "locations": [
          {
            "start": {
              "line": 36,
              "column": 4
            },
            "end": {
              "line": 38,
              "column": 5
            }
          },
          {
            "start": {
              "line": 36,
              "column": 4
            },
            "end": {
              "line": 38,
              "column": 5
            }
          }
        ],
        "line": 36
      },
      "3": {
        "loc": {
          "start": {
            "line": 36,
            "column": 8
          },
          "end": {
            "line": 36,
            "column": 30
          }
        },
        "type": "binary-expr",
        "locations": [
          {
            "start": {
              "line": 36,
              "column": 8
            },
            "end": {
              "line": 36,
              "column": 13
            }
          },
          {
            "start": {
              "line": 36,
              "column": 17
            },
            "end": {
              "line": 36,
              "column": 30
            }
          }
        ],
        "line": 36
      },
      "4": {
        "loc": {
          "start": {
            "line": 41,
            "column": 4
          },
          "end": {
            "line": 43,
            "column": 5
          }
        },
        "type": "if",
        "locations": [
          {
            "start": {
              "line": 41,
              "column": 4
            },
            "end": {
              "line": 43,
              "column": 5
            }
          },
          {
            "start": {
              "line": 41,
              "column": 4
            },
            "end": {
              "line": 43,
              "column": 5
            }
          }
        ],
        "line": 41
      },
      "5": {
        "loc": {
          "start": {
            "line": 72,
            "column": 2
          },
          "end": {
            "line": 82,
            "column": 3
          }
        },
        "type": "switch",
        "locations": [
          {
            "start": {
              "line": 73,
              "column": 4
            },
            "end": {
              "line": 75,
              "column": 12
            }
          },
          {
            "start": {
              "line": 76,
              "column": 4
            },
            "end": {
              "line": 78,
              "column": 12
            }
          },
          {
            "start": {
              "line": 79,
              "column": 4
            },
            "end": {
              "line": 81,
              "column": 12
            }
          }
        ],
        "line": 72
      },
      "6": {
        "loc": {
          "start": {
            "line": 88,
            "column": 21
          },
          "end": {
            "line": 88,
            "column": 50
          }
        },
        "type": "cond-expr",
        "locations": [
          {
            "start": {
              "line": 88,
              "column": 32
            },
            "end": {
              "line": 88,
              "column": 43
            }
          },
          {
            "start": {
              "line": 88,
              "column": 46
            },
            "end": {
              "line": 88,
              "column": 50
            }
          }
        ],
        "line": 88
      },
      "7": {
        "loc": {
          "start": {
            "line": 94,
            "column": 11
          },
          "end": {
            "line": 94,
            "column": 55
          }
        },
        "type": "cond-expr",
        "locations": [
          {
            "start": {
              "line": 94,
              "column": 38
            },
            "end": {
              "line": 94,
              "column": 48
            }
          },
          {
            "start": {
              "line": 94,
              "column": 51
            },
            "end": {
              "line": 94,
              "column": 55
            }
          }
        ],
        "line": 94
      },
      "8": {
        "loc": {
          "start": {
            "line": 95,
            "column": 11
          },
          "end": {
            "line": 95,
            "column": 56
          }
        },
        "type": "cond-expr",
        "locations": [
          {
            "start": {
              "line": 95,
              "column": 19
            },
            "end": {
              "line": 95,
              "column": 49
            }
          },
          {
            "start": {
              "line": 95,
              "column": 52
            },
            "end": {
              "line": 95,
              "column": 56
            }
          }
        ],
        "line": 95
      },
      "9": {
        "loc": {
          "start": {
            "line": 104,
            "column": 10
          },
          "end": {
            "line": 110,
            "column": 22
          }
        },
        "type": "cond-expr",
        "locations": [
          {
            "start": {
              "line": 105,
              "column": 14
            },
            "end": {
              "line": 107,
              "column": 21
            }
          },
          {
            "start": {
              "line": 108,
              "column": 14
            },
            "end": {
              "line": 110,
              "column": 22
            }
          }
        ],
        "line": 104
      },
      "10": {
        "loc": {
          "start": {
            "line": 105,
            "column": 14
          },
          "end": {
            "line": 107,
            "column": 21
          }
        },
        "type": "cond-expr",
        "locations": [
          {
            "start": {
              "line": 106,
              "column": 16
            },
            "end": {
              "line": 106,
              "column": 27
            }
          },
          {
            "start": {
              "line": 107,
              "column": 16
            },
            "end": {
              "line": 107,
              "column": 21
            }
          }
        ],
        "line": 105
      },
      "11": {
        "loc": {
          "start": {
            "line": 108,
            "column": 14
          },
          "end": {
            "line": 110,
            "column": 22
          }
        },
        "type": "cond-expr",
        "locations": [
          {
            "start": {
              "line": 109,
              "column": 14
            },
            "end": {
              "line": 109,
              "column": 28
            }
          },
          {
            "start": {
              "line": 110,
              "column": 14
            },
            "end": {
              "line": 110,
              "column": 22
            }
          }
        ],
        "line": 108
      },
      "12": {
        "loc": {
          "start": {
            "line": 122,
            "column": 14
          },
          "end": {
            "line": 124,
            "column": 46
          }
        },
        "type": "cond-expr",
        "locations": [
          {
            "start": {
              "line": 123,
              "column": 18
            },
            "end": {
              "line": 123,
              "column": 49
            }
          },
          {
            "start": {
              "line": 124,
              "column": 18
            },
            "end": {
              "line": 124,
              "column": 46
            }
          }
        ],
        "line": 122
      },
      "13": {
        "loc": {
          "start": {
            "line": 130,
            "column": 19
          },
          "end": {
            "line": 137,
            "column": 26
          }
        },
        "type": "cond-expr",
        "locations": [
          {
            "start": {
              "line": 131,
              "column": 20
            },
            "end": {
              "line": 136,
              "column": 31
            }
          },
          {
            "start": {
              "line": 137,
              "column": 22
            },
            "end": {
              "line": 137,
              "column": 26
            }
          }
        ],
        "line": 130
      },
      "14": {
        "loc": {
          "start": {
            "line": 139,
            "column": 20
          },
          "end": {
            "line": 147,
            "column": 21
          }
        },
        "type": "if",
        "locations": [
          {
            "start": {
              "line": 139,
              "column": 20
            },
            "end": {
              "line": 147,
              "column": 21
            }
          },
          {
            "start": {
              "line": 139,
              "column": 20
            },
            "end": {
              "line": 147,
              "column": 21
            }
          }
        ],
        "line": 139
      }
    },
    "s": {
      "0": 7,
      "1": 154,
      "2": 154,
      "3": 7,
      "4": 0,
      "5": 7,
      "6": 154,
      "7": 7,
      "8": 7,
      "9": 0,
      "10": 154,
      "11": 0,
      "12": 0,
      "13": 0,
      "14": 154,
      "15": 154,
      "16": 154,
      "17": 154,
      "18": 154,
      "19": 154,
      "20": 0,
      "21": 0,
      "22": 0,
      "23": 0,
      "24": 154,
      "25": 154,
      "26": 154,
      "27": 28,
      "28": 0,
      "29": 84,
      "30": 28,
      "31": 0,
      "32": 56,
      "33": 7,
      "34": 7,
      "35": 7
    },
    "f": {
      "0": 154,
      "1": 7,
      "2": 7,
      "3": 0,
      "4": 28,
      "5": 0,
      "6": 84,
      "7": 0,
      "8": 7
    },
    "b": {
      "0": [
        0,
        7
      ],
      "1": [
        7,
        0
      ],
      "2": [
        0,
        7
      ],
      "3": [
        7,
        7
      ],
      "4": [
        0,
        0
      ],
      "5": [
        0,
        0,
        154
      ],
      "6": [
        28,
        126
      ],
      "7": [
        154,
        0
      ],
      "8": [
        154,
        0
      ],
      "9": [
        0,
        154
      ],
      "10": [
        0,
        0
      ],
      "11": [
        0,
        154
      ],
      "12": [
        0,
        28
      ],
      "13": [
        28,
        0
      ],
      "14": [
        28,
        56
      ]
    },
    "_coverageSchema": "43e27e138ebf9cfc5966b082cf9a028302ed4184",
    "hash": "da3b5ed338c3a29c96aa0358471f94a15041f3ad"
  },
  "/Users/hemalatharamachandran/Documents/Univ_documents/SEP/SEP203/client/src/assets/jss/material-kit-react/components/customInputStyle.js": {
    "path": "/Users/hemalatharamachandran/Documents/Univ_documents/SEP/SEP203/client/src/assets/jss/material-kit-react/components/customInputStyle.js",
    "statementMap": {
      "0": {
        "start": {
          "line": 8,
          "column": 25
        },
        "end": {
          "line": 87,
          "column": 1
        }
      }
    },
    "fnMap": {},
    "branchMap": {},
    "s": {
      "0": 7
    },
    "f": {},
    "b": {},
    "_coverageSchema": "43e27e138ebf9cfc5966b082cf9a028302ed4184",
    "hash": "f0f356d4dda0dad4518b13d7bf857308a0892be1"
  },
  "/Users/hemalatharamachandran/Documents/Univ_documents/SEP/SEP203/client/src/components/CustomInput/CustomInput.js": {
    "path": "/Users/hemalatharamachandran/Documents/Univ_documents/SEP/SEP203/client/src/components/CustomInput/CustomInput.js",
    "statementMap": {
      "0": {
        "start": {
          "line": 14,
          "column": 18
        },
        "end": {
          "line": 14,
          "column": 36
        }
      },
      "1": {
        "start": {
          "line": 17,
          "column": 18
        },
        "end": {
          "line": 17,
          "column": 29
        }
      },
      "2": {
        "start": {
          "line": 28,
          "column": 6
        },
        "end": {
          "line": 28,
          "column": 11
        }
      },
      "3": {
        "start": {
          "line": 30,
          "column": 23
        },
        "end": {
          "line": 33,
          "column": 4
        }
      },
      "4": {
        "start": {
          "line": 34,
          "column": 27
        },
        "end": {
          "line": 39,
          "column": 4
        }
      },
      "5": {
        "start": {
          "line": 40,
          "column": 20
        },
        "end": {
          "line": 42,
          "column": 4
        }
      },
      "6": {
        "start": {
          "line": 43,
          "column": 23
        },
        "end": {
          "line": 46,
          "column": 4
        }
      },
      "7": {
        "start": {
          "line": 48,
          "column": 2
        },
        "end": {
          "line": 55,
          "column": 3
        }
      },
      "8": {
        "start": {
          "line": 49,
          "column": 4
        },
        "end": {
          "line": 52,
          "column": 6
        }
      },
      "9": {
        "start": {
          "line": 54,
          "column": 4
        },
        "end": {
          "line": 54,
          "column": 45
        }
      },
      "10": {
        "start": {
          "line": 56,
          "column": 2
        },
        "end": {
          "line": 78,
          "column": 4
        }
      },
      "11": {
        "start": {
          "line": 81,
          "column": 0
        },
        "end": {
          "line": 92,
          "column": 2
        }
      }
    },
    "fnMap": {
      "0": {
        "name": "CustomInput",
        "decl": {
          "start": {
            "line": 16,
            "column": 24
          },
          "end": {
            "line": 16,
            "column": 35
          }
        },
        "loc": {
          "start": {
            "line": 16,
            "column": 43
          },
          "end": {
            "line": 79,
            "column": 1
          }
        },
        "line": 16
      }
    },
    "branchMap": {
      "0": {
        "loc": {
          "start": {
            "line": 32,
            "column": 38
          },
          "end": {
            "line": 32,
            "column": 55
          }
        },
        "type": "binary-expr",
        "locations": [
          {
            "start": {
              "line": 32,
              "column": 38
            },
            "end": {
              "line": 32,
              "column": 45
            }
          },
          {
            "start": {
              "line": 32,
              "column": 49
            },
            "end": {
              "line": 32,
              "column": 55
            }
          }
        ],
        "line": 32
      },
      "1": {
        "loc": {
          "start": {
            "line": 36,
            "column": 32
          },
          "end": {
            "line": 36,
            "column": 49
          }
        },
        "type": "binary-expr",
        "locations": [
          {
            "start": {
              "line": 36,
              "column": 32
            },
            "end": {
              "line": 36,
              "column": 39
            }
          },
          {
            "start": {
              "line": 36,
              "column": 43
            },
            "end": {
              "line": 36,
              "column": 49
            }
          }
        ],
        "line": 36
      },
      "2": {
        "loc": {
          "start": {
            "line": 48,
            "column": 2
          },
          "end": {
            "line": 55,
            "column": 3
          }
        },
        "type": "if",
        "locations": [
          {
            "start": {
              "line": 48,
              "column": 2
            },
            "end": {
              "line": 55,
              "column": 3
            }
          },
          {
            "start": {
              "line": 48,
              "column": 2
            },
            "end": {
              "line": 55,
              "column": 3
            }
          }
        ],
        "line": 48
      },
      "3": {
        "loc": {
          "start": {
            "line": 58,
            "column": 7
          },
          "end": {
            "line": 66,
            "column": 14
          }
        },
        "type": "cond-expr",
        "locations": [
          {
            "start": {
              "line": 59,
              "column": 8
            },
            "end": {
              "line": 65,
              "column": 21
[...]
          },
          "end": {
            "line": 14,
            "column": 16
          }
        },
        "loc": {
          "start": {
            "line": 15,
            "column": 6
          },
          "end": {
            "line": 28,
            "column": 12
          }
        },
        "line": 15
      },
      "2": {
        "name": "(anonymous_2)",
        "decl": {
          "start": {
            "line": 37,
            "column": 24
          },
          "end": {
            "line": 37,
            "column": 25
          }
        },
        "loc": {
          "start": {
            "line": 37,
            "column": 34
          },
          "end": {
            "line": 39,
            "column": 1
          }
        },
        "line": 37
      }
    },
    "branchMap": {
      "0": {
        "loc": {
          "start": {
            "line": 12,
            "column": 4
          },
          "end": {
            "line": 29,
            "column": 6
          }
        },
        "type": "binary-expr",
        "locations": [
          {
            "start": {
              "line": 12,
              "column": 4
            },
            "end": {
              "line": 12,
              "column": 19
            }
          },
          {
            "start": {
              "line": 13,
              "column": 4
            },
            "end": {
              "line": 13,
              "column": 21
            }
          },
          {
            "start": {
              "line": 14,
              "column": 4
            },
            "end": {
              "line": 29,
              "column": 6
            }
          }
        ],
        "line": 12
      }
    },
    "s": {
      "0": 7,
      "1": 7,
      "2": 0,
      "3": 7,
      "4": 7,
      "5": 92
    },
    "f": {
      "0": 7,
      "1": 0,
      "2": 92
    },
    "b": {
      "0": [
        7,
        7,
        0
      ]
    },
    "_coverageSchema": "43e27e138ebf9cfc5966b082cf9a028302ed4184",
    "hash": "ca07add14125e044f4d05c2646d50f58c74e2506"
  },
  "/Users/hemalatharamachandran/Documents/Univ_documents/SEP/SEP203/client/src/views/CategoryPage/UpdateCategoryPage.js": {
    "path": "/Users/hemalatharamachandran/Documents/Univ_documents/SEP/SEP203/client/src/views/CategoryPage/UpdateCategoryPage.js",
    "statementMap": {
      "0": {
        "start": {
          "line": 19,
          "column": 18
        },
        "end": {
          "line": 19,
          "column": 36
        }
      },
      "1": {
        "start": {
          "line": 21,
          "column": 27
        },
        "end": {
          "line": 118,
          "column": 1
        }
      },
      "2": {
        "start": {
          "line": 26,
          "column": 2
        },
        "end": {
          "line": 26,
          "column": 60
        }
      },
      "3": {
        "start": {
          "line": 27,
          "column": 18
        },
        "end": {
          "line": 27,
          "column": 29
        }
      },
      "4": {
        "start": {
          "line": 28,
          "column": 44
        },
        "end": {
          "line": 28,
          "column": 72
        }
      },
      "5": {
        "start": {
          "line": 29,
          "column": 2
        },
        "end": {
          "line": 31,
          "column": 10
        }
      },
      "6": {
        "start": {
          "line": 30,
          "column": 4
        },
        "end": {
          "line": 30,
          "column": 25
        }
      },
      "7": {
        "start": {
          "line": 34,
          "column": 2
        },
        "end": {
          "line": 34,
          "column": 58
        }
      },
      "8": {
        "start": {
          "line": 35,
          "column": 34
        },
        "end": {
          "line": 37,
          "column": 4
        }
      },
      "9": {
        "start": {
          "line": 39,
          "column": 19
        },
        "end": {
          "line": 39,
          "column": 27
        }
      },
      "10": {
        "start": {
          "line": 41,
          "column": 2
        },
        "end": {
          "line": 51,
          "column": 33
        }
      },
      "11": {
        "start": {
          "line": 42,
          "column": 4
        },
        "end": {
          "line": 42,
          "column": 53
        }
      },
      "12": {
        "start": {
          "line": 43,
          "column": 4
        },
        "end": {
          "line": 47,
          "column": 7
        }
      },
      "13": {
        "start": {
          "line": 44,
          "column": 6
        },
        "end": {
          "line": 46,
          "column": 7
        }
      },
      "14": {
        "start": {
          "line": 45,
          "column": 8
        },
        "end": {
          "line": 45,
          "column": 37
        }
      },
      "15": {
        "start": {
          "line": 48,
          "column": 4
        },
        "end": {
          "line": 50,
          "column": 7
        }
      },
      "16": {
        "start": {
          "line": 54,
          "column": 19
        },
        "end": {
          "line": 58,
          "column": 6
        }
      },
      "17": {
        "start": {
          "line": 55,
          "column": 4
        },
        "end": {
          "line": 58,
          "column": 6
        }
      },
      "18": {
        "start": {
          "line": 61,
          "column": 19
        },
        "end": {
          "line": 64,
          "column": 3
        }
      },
      "19": {
        "start": {
          "line": 62,
          "column": 4
        },
        "end": {
          "line": 62,
          "column": 23
        }
      },
      "20": {
        "start": {
          "line": 63,
          "column": 4
        },
        "end": {
          "line": 63,
          "column": 46
        }
      },
      "21": {
        "start": {
          "line": 69,
          "column": 2
        },
        "end": {
          "line": 71,
          "column": 3
        }
      },
      "22": {
        "start": {
          "line": 70,
          "column": 4
        },
        "end": {
          "line": 70,
          "column": 61
        }
      },
      "23": {
        "start": {
          "line": 73,
          "column": 2
        },
        "end": {
          "line": 117,
          "column": 4
        }
      },
      "24": {
        "start": {
          "line": 80,
          "column": 64
        },
        "end": {
          "line": 80,
          "column": 75
        }
      },
      "25": {
        "start": {
          "line": 96,
          "column": 41
        },
        "end": {
          "line": 96,
          "column": 52
        }
      },
      "26": {
        "start": {
          "line": 120,
          "column": 0
        },
        "end": {
          "line": 123,
          "column": 2
        }
      },
      "27": {
        "start": {
          "line": 125,
          "column": 24
        },
        "end": {
          "line": 127,
          "column": 2
        }
      },
      "28": {
        "start": {
          "line": 125,
          "column": 36
        },
        "end": {
          "line": 127,
          "column": 1
        }
      }
    },
    "fnMap": {
      "0": {
        "name": "(anonymous_0)",
        "decl": {
          "start": {
            "line": 21,
            "column": 27
          },
          "end": {
            "line": 21,
            "column": 28
          }
        },
        "loc": {
          "start": {
            "line": 25,
            "column": 6
          },
          "end": {
            "line": 118,
            "column": 1
          }
        },
        "line": 25
      },
      "1": {
        "name": "(anonymous_1)",
        "decl": {
          "start": {
            "line": 29,
            "column": 13
          },
          "end": {
            "line": 29,
            "column": 14
          }
        },
        "loc": {
          "start": {
            "line": 29,
            "column": 24
          },
          "end": {
            "line": 31,
            "column": 3
          }
        },
        "line": 29
      },
      "2": {
        "name": "(anonymous_2)",
        "decl": {
          "start": {
            "line": 41,
            "column": 12
          },
          "end": {
            "line": 41,
            "column": 13
          }
        },
        "loc": {
          "start": {
            "line": 41,
            "column": 18
          },
          "end": {
            "line": 51,
            "column": 3
          }
        },
        "line": 41
      },
      "3": {
        "name": "(anonymous_3)",
        "decl": {
          "start": {
            "line": 43,
            "column": 19
          },
          "end": {
            "line": 43,
            "column": 20
          }
        },
        "loc": {
          "start": {
            "line": 43,
            "column": 33
          },
          "end": {
            "line": 47,
            "column": 5
          }
        },
        "line": 43
      },
      "4": {
        "name": "(anonymous_4)",
        "decl": {
          "start": {
            "line": 54,
            "column": 19
          },
          "end": {
            "line": 54,
            "column": 20
          }
        },
        "loc": {
          "start": {
            "line": 55,
            "column": 4
          },
          "end": {
            "line": 58,
            "column": 6
          }
        },
        "line": 55
      },
      "5": {
        "name": "(anonymous_5)",
        "decl": {
          "start": {
            "line": 61,
            "column": 19
          },
          "end": {
            "line": 61,
            "column": 20
          }
        },
        "loc": {
          "start": {
            "line": 61,
            "column": 26
          },
          "end": {
            "line": 64,
            "column": 3
          }
        },
        "line": 61
      },
      "6": {
        "name": "(anonymous_6)",
        "decl": {
          "start": {
            "line": 80,
            "column": 57
          },
          "end": {
            "line": 80,
            "column": 58
          }
        },
        "loc": {
          "start": {
            "line": 80,
            "column": 64
          },
          "end": {
            "line": 80,
            "column": 75
          }
        },
        "line": 80
      },
      "7": {
        "name": "(anonymous_7)",
        "decl": {
          "start": {
            "line": 96,
            "column": 34
          },
          "end": {
            "line": 96,
            "column": 35
          }
        },
        "loc": {
          "start": {
            "line": 96,
            "column": 41
          },
          "end": {
            "line": 96,
            "column": 52
          }
        },
        "line": 96
      },
      "8": {
        "name": "(anonymous_8)",
        "decl": {
          "start": {
            "line": 125,
            "column": 24
          },
          "end": {
            "line": 125,
            "column": 25
          }
        },
        "loc": {
          "start": {
            "line": 125,
            "column": 36
          },
          "end": {
            "line": 127,
            "column": 1
          }
        },
        "line": 125
      }
    },
    "branchMap": {
      "0": {
        "loc": {
          "start": {
            "line": 44,
            "column": 6
          },
          "end": {
            "line": 46,
            "column": 7
          }
        },
        "type": "if",
        "locations": [
          {
            "start": {
              "line": 44,
              "column": 6
            },
            "end": {
              "line": 46,
              "column": 7
            }
          },
          {
            "start": {
              "line": 44,
              "column": 6
            },
            "end": {
              "line": 46,
              "column": 7
            }
          }
        ],
        "line": 44
      },
      "1": {
        "loc": {
          "start": {
            "line": 69,
            "column": 2
          },
          "end": {
            "line": 71,
            "column": 3
          }
        },
        "type": "if",
        "locations": [
          {
            "start": {
              "line": 69,
              "column": 2
            },
            "end": {
              "line": 71,
              "column": 3
            }
          },
          {
            "start": {
              "line": 69,
              "column": 2
            },
            "end": {
              "line": 71,
              "column": 3
            }
          }
        ],
        "line": 69
      }
    },
    "s": {
      "0": 7,
      "1": 7,
      "2": 0,
      "3": 0,
      "4": 0,
      "5": 0,
      "6": 0,
      "7": 0,
      "8": 0,
      "9": 0,
      "10": 0,
      "11": 0,
      "12": 0,
      "13": 0,
      "14": 0,
      "15": 0,
      "16": 0,
      "17": 0,
      "18": 0,
      "19": 0,
      "20": 0,
      "21": 0,
      "22": 0,
      "23": 0,
      "24": 0,
      "25": 0,
      "26": 7,
      "27": 7,
      "28": 0
    },
    "f": {
      "0": 0,
      "1": 0,
      "2": 0,
      "3": 0,
      "4": 0,
      "5": 0,
      "6": 0,
      "7": 0,
      "8": 0
    },
    "b": {
      "0": [
        0,
        0
      ],
      "1": [
        0,
        0
      ]
    },
    "_coverageSchema": "43e27e138ebf9cfc5966b082cf9a028302ed4184",
    "hash": "537bf77aee57fa374ad243704bb574d0daa17f63"
  },
  "/Users/hemalatharamachandran/Documents/Univ_documents/SEP/SEP203/client/src/views/ProductPage/ProductDetail.js": {
    "path": "/Users/hemalatharamachandran/Documents/Univ_documents/SEP/SEP203/client/src/views/ProductPage/ProductDetail.js",
    "statementMap": {
      "0": {
        "start": {
          "line": 4,
          "column": 22
        },
        "end": {
          "line": 9,
          "column": 1
        }
      },
      "1": {
        "start": {
          "line": 5,
          "column": 4
        },
        "end": {
          "line": 5,
          "column": 46
        }
      },
      "2": {
        "start": {
          "line": 6,
          "column": 4
        },
        "end": {
          "line": 8,
          "column": 5
        }
      }
    },
    "fnMap": {
      "0": {
        "name": "(anonymous_0)",
        "decl": {
          "start": {
            "line": 4,
            "column": 22
          },
          "end": {
            "line": 4,
            "column": 23
          }
        },
        "loc": {
          "start": {
            "line": 4,
            "column": 28
          },
          "end": {
            "line": 9,
            "column": 1
          }
        },
        "line": 4
      }
    },
    "branchMap": {},
    "s": {
      "0": 7,
      "1": 0,
      "2": 0
    },
    "f": {
      "0": 0
    },
    "b": {},
    "_coverageSchema": "43e27e138ebf9cfc5966b082cf9a028302ed4184",
    "hash": "4061cf0627215d77240f0902926b89efdb190b15"
  },
  "/Users/hemalatharamachandran/Documents/Univ_documents/SEP/SEP203/client/src/App.js": {
    "path": "/Users/hemalatharamachandran/Documents/Univ_documents/SEP/SEP203/client/src/App.js",
    "statementMap": {
      "0": {
        "start": {
          "line": 29,
          "column": 0
        },
        "end": {
          "line": 31,
          "column": 1
        }
      },
      "1": {
        "start": {
          "line": 30,
          "column": 2
        },
        "end": {
          "line": 30,
          "column": 35
        }
      },
      "2": {
        "start": {
          "line": 33,
          "column": 12
        },
        "end": {
          "line": 88,
          "column": 1
        }
      },
      "3": {
        "start": {
          "line": 35,
          "column": 2
        },
        "end": {
          "line": 37,
          "column": 3
        }
      },
      "4": {
        "start": {
          "line": 36,
          "column": 4
        },
        "end": {
          "line": 36,
          "column": 25
        }
      },
      "5": {
        "start": {
          "line": 38,
          "column": 2
        },
        "end": {
          "line": 40,
          "column": 9
        }
      },
      "6": {
        "start": {
          "line": 39,
          "column": 4
        },
        "end": {
          "line": 39,
          "column": 31
        }
      },
      "7": {
        "start": {
          "line": 41,
          "column": 2
        },
        "end": {
          "line": 87,
          "column": 4
        }
      }
    },
    "fnMap": {
      "0": {
        "name": "(anonymous_0)",
        "decl": {
          "start": {
            "line": 33,
            "column": 12
          },
          "end": {
            "line": 33,
            "column": 13
          }
        },
        "loc": {
          "start": {
            "line": 33,
            "column": 18
          },
          "end": {
            "line": 88,
            "column": 1
          }
        },
        "line": 33
      },
      "1": {
        "name": "(anonymous_1)",
        "decl": {
          "start": {
            "line": 38,
            "column": 12
          },
          "end": {
            "line": 38,
            "column": 13
          }
        },
        "loc": {
          "start": {
            "line": 38,
            "column": 18
          },
          "end": {
            "line": 40,
            "column": 3
          }
        },
        "line": 38
      }
    },
    "branchMap": {
      "0": {
        "loc": {
          "start": {
            "line": 29,
            "column": 0
          },
          "end": {
            "line": 31,
            "column": 1
          }
        },
        "type": "if",
        "locations": [
          {
            "start": {
              "line": 29,
              "column": 0
            },
            "end": {
              "line": 31,
              "column": 1
            }
          },
          {
            "start": {
              "line": 29,
              "column": 0
            },
            "end": {
              "line": 31,
              "column": 1
            }
          }
        ],
        "line": 29
      },
      "1": {
        "loc": {
          "start": {
            "line": 35,
            "column": 2
          },
          "end": {
            "line": 37,
            "column": 3
          }
        },
        "type": "if",
        "locations": [
          {
            "start": {
              "line": 35,
              "column": 2
            },
            "end": {
              "line": 37,
              "column": 3
            }
          },
          {
            "start": {
              "line": 35,
              "column": 2
            },
            "end": {
              "line": 37,
              "column": 3
            }
          }
        ],
        "line": 35
      }
    },
    "s": {
      "0": 7,
      "1": 0,
      "2": 7,
      "3": 7,
      "4": 7,
      "5": 7,
      "6": 7,
      "7": 7
    },
    "f": {
      "0": 7,
      "1": 7
    },
    "b": {
      "0": [
        0,
        7
      ],
      "1": [
        7,
        0
      ]
    },
    "_coverageSchema": "43e27e138ebf9cfc5966b082cf9a028302ed4184",
    "hash": "6968d92f6cb77bd44b0e534717f5ea6463827f9c"
  },
  "/Users/hemalatharamachandran/Documents/Univ_documents/SEP/SEP203/client/src/index.js": {
    "path": "/Users/hemalatharamachandran/Documents/Univ_documents/SEP/SEP203/client/src/index.js",
    "statementMap": {
      "0": {
        "start": {
          "line": 6,
          "column": 0
        },
        "end": {
          "line": 6,
          "column": 58
        }
      }
    },
    "fnMap": {},
    "branchMap": {},
    "s": {
      "0": 7
    },
    "f": {},
    "b": {},
    "_coverageSchema": "43e27e138ebf9cfc5966b082cf9a028302ed4184",
    "hash": "78ec0a283f20b0bde3b4c68a3fe4da3cf3712d72"
  }
}