{
  "/Users/hemalatharamachandran/Documents/Univ_documents/SEP/SEP203/client/src/assets/jss/material-kit-react.js": {
    "path": "/Users/hemalatharamachandran/Documents/Univ_documents/SEP/SEP203/client/src/assets/jss/material-kit-react.js",
    "statementMap": {
      "0": {
        "start": {
          "line": 21,
          "column": 20
        },
        "end": {
          "line": 21,
          "column": 23
        }
      },
      "1": {
        "start": {
          "line": 23,
          "column": 19
        },
        "end": {
          "line": 25,
          "column": 1
        }
      },
      "2": {
        "start": {
          "line": 27,
          "column": 23
        },
        "end": {
          "line": 33,
          "column": 1
        }
      },
      "3": {
        "start": {
          "line": 34,
          "column": 18
        },
        "end": {
          "line": 48,
          "column": 1
        }
      },
      "4": {
        "start": {
          "line": 50,
          "column": 18
        },
        "end": {
          "line": 53,
          "column": 1
        }
      },
      "5": {
        "start": {
          "line": 55,
          "column": 13
        },
        "end": {
          "line": 64,
          "column": 1
        }
      },
      "6": {
        "start": {
          "line": 66,
          "column": 20
        },
        "end": {
          "line": 70,
          "column": 1
        }
      },
      "7": {
        "start": {
          "line": 72,
          "column": 21
        },
        "end": {
          "line": 72,
          "column": 30
        }
      },
      "8": {
        "start": {
          "line": 73,
          "column": 21
        },
        "end": {
          "line": 73,
          "column": 30
        }
      },
      "9": {
        "start": {
          "line": 74,
          "column": 20
        },
        "end": {
          "line": 74,
          "column": 29
        }
      },
      "10": {
        "start": {
          "line": 75,
          "column": 21
        },
        "end": {
          "line": 75,
          "column": 30
        }
      },
      "11": {
        "start": {
          "line": 76,
          "column": 18
        },
        "end": {
          "line": 76,
          "column": 27
        }
      },
      "12": {
        "start": {
          "line": 77,
          "column": 18
        },
        "end": {
          "line": 77,
          "column": 27
        }
      },
      "13": {
        "start": {
          "line": 78,
          "column": 18
        },
        "end": {
          "line": 78,
          "column": 27
        }
      },
      "14": {
        "start": {
          "line": 80,
          "column": 25
        },
        "end": {
          "line": 83,
          "column": 1
        }
      },
      "15": {
        "start": {
          "line": 84,
          "column": 22
        },
        "end": {
          "line": 87,
          "column": 1
        }
      },
      "16": {
        "start": {
          "line": 88,
          "column": 25
        },
        "end": {
          "line": 91,
          "column": 1
        }
      },
      "17": {
        "start": {
          "line": 92,
          "column": 25
        },
        "end": {
          "line": 95,
          "column": 1
        }
      },
      "18": {
        "start": {
          "line": 96,
          "column": 24
        },
        "end": {
          "line": 99,
          "column": 1
        }
      },
      "19": {
        "start": {
          "line": 100,
          "column": 22
        },
        "end": {
          "line": 103,
          "column": 1
        }
      },
      "20": {
        "start": {
          "line": 105,
          "column": 26
        },
        "end": {
          "line": 109,
          "column": 1
        }
      },
      "21": {
        "start": {
          "line": 110,
          "column": 26
        },
        "end": {
          "line": 114,
          "column": 1
        }
      },
      "22": {
        "start": {
          "line": 115,
          "column": 25
        },
        "end": {
          "line": 119,
          "column": 1
        }
      },
      "23": {
        "start": {
          "line": 120,
          "column": 23
        },
        "end": {
          "line": 124,
          "column": 1
        }
      },
      "24": {
        "start": {
          "line": 125,
          "column": 26
        },
        "end": {
          "line": 129,
          "column": 1
        }
      },
      "25": {
        "start": {
          "line": 130,
          "column": 23
        },
        "end": {
          "line": 134,
          "column": 1
        }
      },
      "26": {
        "start": {
          "line": 135,
          "column": 20
        },
        "end": {
          "line": 141,
          "column": 1
        }
      },
      "27": {
        "start": {
          "line": 143,
          "column": 19
        },
        "end": {
          "line": 147,
          "column": 1
        }
      },
      "28": {
        "start": {
          "line": 149,
          "column": 25
        },
        "end": {
          "line": 156,
          "column": 1
        }
      },
      "29": {
        "start": {
          "line": 158,
          "column": 14
        },
        "end": {
          "line": 164,
          "column": 1
        }
      },
      "30": {
        "start": {
          "line": 166,
          "column": 18
        },
        "end": {
          "line": 169,
          "column": 1
        }
      },
      "31": {
        "start": {
          "line": 171,
          "column": 17
        },
        "end": {
          "line": 175,
          "column": 1
        }
      },
      "32": {
        "start": {
          "line": 177,
          "column": 21
        },
        "end": {
          "line": 180,
          "column": 1
        }
      }
    },
    "fnMap": {},
    "branchMap": {},
    "s": {
      "0": 57,
      "1": 57,
      "2": 57,
      "3": 57,
      "4": 57,
      "5": 57,
      "6": 57,
      "7": 57,
      "8": 57,
      "9": 57,
      "10": 57,
      "11": 57,
      "12": 57,
      "13": 57,
      "14": 57,
      "15": 57,
      "16": 57,
      "17": 57,
      "18": 57,
      "19": 57,
      "20": 57,
      "21": 57,
      "22": 57,
      "23": 57,
      "24": 57,
      "25": 57,
      "26": 57,
      "27": 57,
      "28": 57,
      "29": 57,
      "30": 57,
      "31": 57,
      "32": 57
    },
    "f": {},
    "b": {},
    "_coverageSchema": "43e27e138ebf9cfc5966b082cf9a028302ed4184",
    "hash": "3386c419827f7b3e67c53b0ba4bbb2fcdb71f035"
  },
  "/Users/hemalatharamachandran/Documents/Univ_documents/SEP/SEP203/client/src/assets/jss/material-kit-react/components/buttonStyle.js": {
    "path": "/Users/hemalatharamachandran/Documents/Univ_documents/SEP/SEP203/client/src/assets/jss/material-kit-react/components/buttonStyle.js",
    "statementMap": {
      "0": {
        "start": {
          "line": 11,
          "column": 20
        },
        "end": {
          "line": 322,
          "column": 1
        }
      }
    },
    "fnMap": {},
    "branchMap": {},
    "s": {
      "0": 57
    },
    "f": {},
    "b": {},
    "_coverageSchema": "43e27e138ebf9cfc5966b082cf9a028302ed4184",
    "hash": "c845ec90979c7139cdbed5cc1af993db575e290f"
  },
  "/Users/hemalatharamachandran/Documents/Univ_documents/SEP/SEP203/client/src/components/CustomButtons/Button.js": {
    "path": "/Users/hemalatharamachandran/Documents/Univ_documents/SEP/SEP203/client/src/components/CustomButtons/Button.js",
    "statementMap": {
      "0": {
        "start": {
          "line": 15,
          "column": 28
        },
        "end": {
          "line": 17,
          "column": 3
        }
      },
      "1": {
        "start": {
          "line": 15,
          "column": 46
        },
        "end": {
          "line": 17,
          "column": 1
        }
      },
      "2": {
        "start": {
          "line": 19,
          "column": 22
        },
        "end": {
          "line": 55,
          "column": 2
        }
      },
      "3": {
        "start": {
          "line": 33,
          "column": 6
        },
        "end": {
          "line": 33,
          "column": 11
        }
      },
      "4": {
        "start": {
          "line": 35,
          "column": 18
        },
        "end": {
          "line": 35,
          "column": 39
        }
      },
      "5": {
        "start": {
          "line": 37,
          "column": 21
        },
        "end": {
          "line": 49,
          "column": 4
        }
      },
      "6": {
        "start": {
          "line": 50,
          "column": 2
        },
        "end": {
          "line": 54,
          "column": 4
        }
      },
      "7": {
        "start": {
          "line": 57,
          "column": 0
        },
        "end": {
          "line": 82,
          "column": 2
        }
      }
    },
    "fnMap": {
      "0": {
        "name": "(anonymous_0)",
        "decl": {
          "start": {
            "line": 15,
            "column": 39
          },
          "end": {
            "line": 15,
            "column": 40
          }
        },
        "loc": {
          "start": {
            "line": 15,
            "column": 46
          },
          "end": {
            "line": 17,
            "column": 1
          }
        },
        "line": 15
      },
      "1": {
        "name": "(anonymous_1)",
        "decl": {
          "start": {
            "line": 19,
            "column": 39
          },
          "end": {
            "line": 19,
            "column": 40
          }
        },
        "loc": {
          "start": {
            "line": 19,
            "column": 55
          },
          "end": {
            "line": 55,
            "column": 1
          }
        },
        "line": 19
      }
    },
    "branchMap": {},
    "s": {
      "0": 57,
      "1": 61,
      "2": 57,
      "3": 8479,
      "4": 8479,
      "5": 8479,
      "6": 8479,
      "7": 57
    },
    "f": {
      "0": 61,
      "1": 8479
    },
    "b": {},
    "_coverageSchema": "43e27e138ebf9cfc5966b082cf9a028302ed4184",
    "hash": "7844144edcee2f8e620cf9b3a58b69845e6a9fc8"
  },
  "/Users/hemalatharamachandran/Documents/Univ_documents/SEP/SEP203/client/src/assets/jss/material-kit-react/views/landingPage.js": {
    "path": "/Users/hemalatharamachandran/Documents/Univ_documents/SEP/SEP203/client/src/assets/jss/material-kit-react/views/landingPage.js",
    "statementMap": {
      "0": {
        "start": {
          "line": 3,
          "column": 23
        },
        "end": {
          "line": 9,
          "column": 1
        }
      },
      "1": {
        "start": {
          "line": 11,
          "column": 25
        },
        "end": {
          "line": 25,
          "column": 1
        }
      },
      "2": {
        "start": {
          "line": 27,
          "column": 25
        },
        "end": {
          "line": 109,
          "column": 1
        }
      }
    },
    "fnMap": {},
    "branchMap": {},
    "s": {
      "0": 57,
      "1": 57,
      "2": 57
    },
    "f": {},
    "b": {},
    "_coverageSchema": "43e27e138ebf9cfc5966b082cf9a028302ed4184",
    "hash": "627ecdfd3332f880a5cbeefa473404ae417146ae"
  },
  "/Users/hemalatharamachandran/Documents/Univ_documents/SEP/SEP203/client/src/views/Dashboard/Spinner.js": {
    "path": "/Users/hemalatharamachandran/Documents/Univ_documents/SEP/SEP203/client/src/views/Dashboard/Spinner.js",
    "statementMap": {
      "0": {
        "start": {
          "line": 6,
          "column": 2
        },
        "end": {
          "line": 12,
          "column": 13
        }
      }
    },
    "fnMap": {
      "0": {
        "name": "(anonymous_0)",
        "decl": {
          "start": {
            "line": 5,
            "column": 15
          },
          "end": {
            "line": 5,
            "column": 16
          }
        },
        "loc": {
          "start": {
            "line": 6,
            "column": 2
          },
          "end": {
            "line": 12,
            "column": 13
          }
        },
        "line": 6
      }
    },
    "branchMap": {},
    "s": {
      "0": 18
    },
    "f": {
      "0": 18
    },
    "b": {},
    "_coverageSchema": "43e27e138ebf9cfc5966b082cf9a028302ed4184",
    "hash": "ec88b4f97559186021e0193c859407bbf0c0ceb9"
  },
  "/Users/hemalatharamachandran/Documents/Univ_documents/SEP/SEP203/client/src/actions/types.js": {
    "path": "/Users/hemalatharamachandran/Documents/Univ_documents/SEP/SEP203/client/src/actions/types.js",
    "statementMap": {
      "0": {
        "start": {
          "line": 1,
          "column": 32
        },
        "end": {
          "line": 1,
          "column": 50
        }
      },
      "1": {
        "start": {
          "line": 2,
          "column": 29
        },
        "end": {
          "line": 2,
          "column": 44
        }
      },
      "2": {
        "start": {
          "line": 3,
          "column": 29
        },
        "end": {
          "line": 3,
          "column": 44
        }
      },
      "3": {
        "start": {
          "line": 4,
          "column": 26
        },
        "end": {
          "line": 4,
          "column": 38
        }
      },
      "4": {
        "start": {
          "line": 5,
          "column": 26
        },
        "end": {
          "line": 5,
          "column": 38
        }
      },
      "5": {
        "start": {
          "line": 6,
          "column": 27
        },
        "end": {
          "line": 6,
          "column": 40
        }
      },
      "6": {
        "start": {
          "line": 7,
          "column": 25
        },
        "end": {
          "line": 7,
          "column": 36
        }
      },
      "7": {
        "start": {
          "line": 8,
          "column": 26
        },
        "end": {
          "line": 8,
          "column": 38
        }
      },
      "8": {
        "start": {
          "line": 9,
          "column": 22
        },
        "end": {
          "line": 9,
          "column": 30
        }
      },
      "9": {
        "start": {
          "line": 10,
          "column": 27
        },
        "end": {
          "line": 10,
          "column": 40
        }
      },
      "10": {
        "start": {
          "line": 11,
          "column": 30
        },
        "end": {
          "line": 11,
          "column": 46
        }
      },
      "11": {
        "start": {
          "line": 12,
          "column": 27
        },
        "end": {
          "line": 12,
          "column": 40
        }
      },
      "12": {
        "start": {
          "line": 13,
          "column": 28
        },
        "end": {
          "line": 13,
          "column": 42
        }
      },
      "13": {
        "start": {
          "line": 14,
          "column": 29
        },
        "end": {
          "line": 14,
          "column": 44
        }
      },
      "14": {
        "start": {
          "line": 15,
          "column": 29
        },
        "end": {
          "line": 15,
          "column": 44
        }
      },
      "15": {
        "start": {
          "line": 16,
          "column": 30
        },
        "end": {
          "line": 16,
          "column": 46
        }
      },
      "16": {
        "start": {
          "line": 17,
          "column": 25
        },
        "end": {
          "line": 17,
          "column": 36
        }
      },
      "17": {
        "start": {
          "line": 18,
          "column": 28
        },
        "end": {
          "line": 18,
          "column": 42
        }
      },
      "18": {
        "start": {
          "line": 19,
          "column": 31
        },
        "end": {
          "line": 19,
          "column": 48
        }
      },
      "19": {
        "start": {
          "line": 20,
          "column": 27
        },
        "end": {
          "line": 20,
          "column": 40
        }
      },
      "20": {
        "start": {
          "line": 21,
          "column": 29
        },
        "end": {
          "line": 21,
          "column": 44
        }
      },
      "21": {
        "start": {
          "line": 22,
          "column": 30
        },
        "end": {
          "line": 22,
          "column": 46
        }
      },
      "22": {
        "start": {
          "line": 23,
          "column": 30
        },
        "end": {
          "line": 23,
          "column": 46
        }
      },
      "23": {
        "start": {
          "line": 24,
          "column": 28
        },
        "end": {
          "line": 24,
          "column": 42
        }
      }
    },
    "fnMap": {},
    "branchMap": {},
    "s": {
      "0": 57,
      "1": 57,
      "2": 57,
      "3": 57,
      "4": 57,
      "5": 57,
      "6": 57,
      "7": 57,
      "8": 57,
      "9": 57,
      "10": 57,
      "11": 57,
      "12": 57,
      "13": 57,
      "14": 57,
      "15": 57,
      "16": 57,
      "17": 57,
      "18": 57,
      "19": 57,
      "20": 57,
      "21": 57,
      "22": 57,
      "23": 57
    },
    "f": {},
    "b": {},
    "_coverageSchema": "43e27e138ebf9cfc5966b082cf9a028302ed4184",
    "hash": "eade2b5e8634c7560f2d2282f6c9f056af81b1b5"
  },
  "/Users/hemalatharamachandran/Documents/Univ_documents/SEP/SEP203/client/src/utils/setAuthToken.js": {
    "path": "/Users/hemalatharamachandran/Documents/Univ_documents/SEP/SEP203/client/src/utils/setAuthToken.js",
    "statementMap": {
      "0": {
        "start": {
          "line": 3,
          "column": 21
        },
        "end": {
          "line": 9,
          "column": 1
        }
      },
      "1": {
        "start": {
          "line": 4,
          "column": 2
        },
        "end": {
          "line": 8,
          "column": 3
        }
      },
      "2": {
        "start": {
          "line": 5,
          "column": 4
        },
        "end": {
          "line": 5,
          "column": 58
        }
      },
      "3": {
        "start": {
          "line": 7,
          "column": 4
        },
        "end": {
          "line": 7,
          "column": 57
        }
      }
    },
    "fnMap": {
      "0": {
        "name": "(anonymous_0)",
        "decl": {
          "start": {
            "line": 3,
            "column": 21
          },
          "end": {
            "line": 3,
            "column": 22
          }
        },
        "loc": {
          "start": {
            "line": 3,
            "column": 30
          },
          "end": {
            "line": 9,
            "column": 1
          }
        },
        "line": 3
      }
    },
    "branchMap": {
      "0": {
        "loc": {
          "start": {
            "line": 4,
            "column": 2
          },
          "end": {
            "line": 8,
            "column": 3
          }
        },
        "type": "if",
        "locations": [
          {
            "start": {
              "line": 4,
              "column": 2
            },
            "end": {
              "line": 8,
              "column": 3
            }
          },
          {
            "start": {
              "line": 4,
              "column": 2
            },
            "end": {
              "line": 8,
              "column": 3
            }
          }
        ],
        "line": 4
      }
    },
    "s": {
      "0": 57,
      "1": 140,
      "2": 140,
      "3": 0
    },
    "f": {
      "0": 140
    },
    "b": {
      "0": [
        140,
        0
      ]
    },
    "_coverageSchema": "43e27e138ebf9cfc5966b082cf9a028302ed4184",
    "hash": "02b75dd245e29d85a5c15e2ba28b5dc5f5454693"
  },
  "/Users/hemalatharamachandran/Documents/Univ_documents/SEP/SEP203/client/src/actions/auth.js": {
    "path": "/Users/hemalatharamachandran/Documents/Univ_documents/SEP/SEP203/client/src/actions/auth.js",
    "statementMap": {
      "0": {
        "start": {
          "line": 22,
          "column": 24
        },
        "end": {
          "line": 41,
          "column": 1
        }
      },
      "1": {
        "start": {
          "line": 22,
          "column": 30
        },
        "end": {
          "line": 41,
          "column": 1
        }
      },
      "2": {
        "start": {
          "line": 23,
          "column": 2
        },
        "end": {
          "line": 25,
          "column": 3
        }
      },
      "3": {
        "start": {
          "line": 24,
          "column": 4
        },
        "end": {
          "line": 24,
          "column": 37
        }
      },
      "4": {
        "start": {
          "line": 26,
          "column": 2
        },
        "end": {
          "line": 40,
          "column": 3
        }
      },
      "5": {
        "start": {
          "line": 27,
          "column": 16
        },
        "end": {
          "line": 27,
          "column": 44
        }
      },
      "6": {
        "start": {
          "line": 28,
          "column": 4
        },
        "end": {
          "line": 31,
          "column": 7
        }
      },
      "7": {
        "start": {
          "line": 33,
          "column": 19
        },
        "end": {
          "line": 33,
          "column": 43
        }
      },
      "8": {
        "start": {
          "line": 34,
          "column": 4
        },
        "end": {
          "line": 36,
          "column": 5
        }
      },
      "9": {
        "start": {
          "line": 35,
          "column": 6
        },
        "end": {
          "line": 35,
          "column": 46
        }
      },
      "10": {
        "start": {
          "line": 35,
          "column": 28
        },
        "end": {
          "line": 35,
          "column": 44
        }
      },
      "11": {
        "start": {
          "line": 37,
          "column": 4
        },
        "end": {
          "line": 39,
          "column": 7
        }
      },
      "12": {
        "start": {
          "line": 44,
          "column": 24
        },
        "end": {
          "line": 79,
          "column": 1
        }
      },
      "13": {
        "start": {
          "line": 49,
          "column": 6
        },
        "end": {
          "line": 79,
          "column": 1
        }
      },
      "14": {
        "start": {
          "line": 50,
          "column": 17
        },
        "end": {
          "line": 54,
          "column": 3
        }
      },
      "15": {
        "start": {
          "line": 55,
          "column": 15
        },
        "end": {
          "line": 55,
          "column": 66
        }
      },
      "16": {
        "start": {
          "line": 56,
          "column": 2
        },
        "end": {
          "line": 78,
          "column": 3
        }
      },
      "17": {
        "start": {
          "line": 57,
          "column": 16
        },
        "end": {
          "line": 57,
          "column": 60
        }
      },
      "18": {
        "start": {
          "line": 58,
          "column": 4
        },
        "end": {
          "line": 61,
          "column": 7
        }
      },
      "19": {
        "start": {
          "line": 65,
          "column": 19
        },
        "end": {
          "line": 65,
          "column": 42
        }
      },
      "20": {
        "start": {
          "line": 66,
          "column": 4
        },
        "end": {
          "line": 70,
          "column": 5
        }
      },
      "21": {
        "start": {
          "line": 67,
          "column": 6
        },
        "end": {
          "line": 69,
          "column": 9
        }
      },
      "22": {
        "start": {
          "line": 68,
          "column": 8
        },
        "end": {
          "line": 68,
          "column": 24
        }
      },
      "23": {
        "start": {
          "line": 71,
          "column": 4
        },
        "end": {
          "line": 74,
          "column": 7
        }
      },
      "24": {
        "start": {
          "line": 75,
          "column": 4
        },
        "end": {
          "line": 77,
          "column": 7
        }
      },
      "25": {
        "start": {
          "line": 82,
          "column": 21
        },
        "end": {
          "line": 115,
          "column": 1
        }
      },
      "26": {
        "start": {
          "line": 82,
          "column": 45
        },
        "end": {
          "line": 115,
          "column": 1
        }
      },
      "27": {
        "start": {
          "line": 83,
          "column": 17
        },
        "end": {
          "line": 87,
          "column": 3
        }
      },
      "28": {
        "start": {
          "line": 88,
          "column": 15
        },
        "end": {
          "line": 88,
          "column": 53
        }
      },
      "29": {
        "start": {
          "line": 89,
          "column": 2
        },
        "end": {
          "line": 114,
          "column": 3
        }
      },
      "30": {
        "start": {
          "line": 90,
          "column": 16
        },
        "end": {
          "line": 90,
          "column": 59
        }
      },
      "31": {
        "start": {
          "line": 92,
          "column": 4
        },
        "end": {
          "line": 95,
          "column": 7
        }
      },
      "32": {
        "start": {
          "line": 97,
          "column": 4
        },
        "end": {
          "line": 97,
          "column": 25
        }
      },
      "33": {
        "start": {
          "line": 101,
          "column": 19
        },
        "end": {
          "line": 101,
          "column": 43
        }
      },
      "34": {
        "start": {
          "line": 102,
          "column": 4
        },
        "end": {
          "line": 106,
          "column": 5
        }
      },
      "35": {
        "start": {
          "line": 103,
          "column": 6
        },
        "end": {
          "line": 105,
          "column": 9
        }
      },
      "36": {
        "start": {
          "line": 104,
          "column": 8
        },
        "end": {
          "line": 104,
          "column": 24
        }
      },
      "37": {
        "start": {
          "line": 107,
          "column": 4
        },
        "end": {
          "line": 110,
          "column": 7
        }
      },
      "38": {
        "start": {
          "line": 111,
          "column": 4
        },
        "end": {
          "line": 113,
          "column": 7
        }
      },
      "39": {
        "start": {
          "line": 117,
          "column": 27
        },
        "end": {
          "line": 133,
          "column": 1
        }
      },
      "40": {
        "start": {
          "line": 117,
          "column": 33
        },
        "end": {
          "line": 133,
          "column": 1
        }
      },
      "41": {
        "start": {
          "line": 118,
          "column": 2
        },
        "end": {
          "line": 130,
          "column": 3
        }
      },
      "42": {
        "start": {
          "line": 119,
          "column": 16
        },
        "end": {
          "line": 119,
          "column": 45
        }
      },
      "43": {
        "start": {
          "line": 120,
          "column": 4
        },
        "end": {
          "line": 123,
          "column": 6
        }
      },
      "44": {
        "start": {
          "line": 126,
          "column": 4
        },
        "end": {
          "line": 129,
          "column": 7
        }
      },
      "45": {
        "start": {
          "line": 154,
          "column": 22
        },
        "end": {
          "line": 159,
          "column": 1
        }
      },
      "46": {
        "start": {
          "line": 154,
          "column": 28
        },
        "end": {
          "line": 159,
          "column": 1
        }
      },
      "47": {
        "start": {
          "line": 155,
          "column": 2
        },
        "end": {
          "line": 155,
          "column": 36
        }
      },
      "48": {
        "start": {
          "line": 156,
          "column": 2
        },
        "end": {
          "line": 156,
          "column": 35
        }
      },
      "49": {
        "start": {
          "line": 157,
          "column": 2
        },
        "end": {
          "line": 157,
          "column": 31
        }
      },
      "50": {
        "start": {
          "line": 158,
          "column": 2
        },
        "end": {
          "line": 158,
          "column": 29
        }
      }
    },
    "fnMap": {
      "0": {
        "name": "(anonymous_0)",
        "decl": {
          "start": {
            "line": 22,
            "column": 24
          },
          "end": {
            "line": 22,
            "column": 25
          }
        },
        "loc": {
          "start": {
            "line": 22,
            "column": 30
          },
          "end": {
            "line": 41,
            "column": 1
          }
        },
        "line": 22
      },
      "1": {
        "name": "(anonymous_1)",
        "decl": {
          "start": {
            "line": 22,
            "column": 30
          },
          "end": {
            "line": 22,
            "column": 31
          }
        },
        "loc": {
          "start": {
            "line": 22,
            "column": 48
          },
          "end": {
            "line": 41,
            "column": 1
          }
        },
        "line": 22
      },
      "2": {
        "name": "(anonymous_2)",
        "decl": {
          "start": {
            "line": 35,
            "column": 21
          },
          "end": {
            "line": 35,
            "column": 22
          }
        },
        "loc": {
          "start": {
            "line": 35,
            "column": 28
          },
          "end": {
            "line": 35,
            "column": 44
          }
        },
        "line": 35
      },
      "3": {
        "name": "(anonymous_3)",
        "decl": {
          "start": {
            "line": 44,
            "column": 24
          },
          "end": {
            "line": 44,
            "column": 25
          }
        },
        "loc": {
          "start": {
            "line": 49,
            "column": 6
          },
          "end": {
            "line": 79,
            "column": 1
          }
        },
        "line": 49
      },
      "4": {
        "name": "(anonymous_4)",
        "decl": {
          "start": {
            "line": 49,
            "column": 6
          },
          "end": {
            "line": 49,
            "column": 7
          }
        },
        "loc": {
          "start": {
            "line": 49,
            "column": 24
          },
          "end": {
            "line": 79,
            "column": 1
          }
        },
        "line": 49
      },
      "5": {
        "name": "(anonymous_5)",
        "decl": {
          "start": {
            "line": 67,
            "column": 21
          },
          "end": {
            "line": 67,
            "column": 22
          }
        },
        "loc": {
          "start": {
            "line": 67,
            "column": 28
          },
          "end": {
            "line": 69,
            "column": 7
          }
        },
        "line": 67
      },
      "6": {
        "name": "(anonymous_6)",
        "decl": {
          "start": {
            "line": 82,
            "column": 21
          },
          "end": {
            "line": 82,
            "column": 22
          }
        },
        "loc": {
          "start": {
            "line": 82,
            "column": 45
          },
          "end": {
            "line": 115,
            "column": 1
          }
        },
        "line": 82
      },
      "7": {
        "name": "(anonymous_7)",
        "decl": {
          "start": {
            "line": 82,
            "column": 45
          },
          "end": {
            "line": 82,
            "column": 46
          }
        },
        "loc": {
          "start": {
            "line": 82,
            "column": 63
          },
          "end": {
            "line": 115,
            "column": 1
          }
        },
        "line": 82
      },
      "8": {
        "name": "(anonymous_8)",
        "decl": {
          "start": {
            "line": 103,
            "column": 21
          },
          "end": {
            "line": 103,
            "column": 22
          }
        },
        "loc": {
          "start": {
            "line": 103,
            "column": 28
          },
          "end": {
            "line": 105,
            "column": 7
          }
        },
        "line": 103
      },
      "9": {
        "name": "(anonymous_9)",
        "decl": {
          "start": {
            "line": 117,
            "column": 27
          },
          "end": {
            "line": 117,
            "column": 28
          }
        },
        "loc": {
          "start": {
            "line": 117,
            "column": 33
          },
          "end": {
            "line": 133,
            "column": 1
          }
        },
        "line": 117
      },
      "10": {
        "name": "(anonymous_10)",
        "decl": {
          "start": {
            "line": 117,
            "column": 33
          },
          "end": {
            "line": 117,
            "column": 34
          }
        },
        "loc": {
          "start": {
            "line": 117,
            "column": 51
          },
          "end": {
            "line": 133,
            "column": 1
          }
        },
        "line": 117
      },
      "11": {
        "name": "(anonymous_11)",
        "decl": {
          "start": {
            "line": 154,
            "column": 22
          },
          "end": {
            "line": 154,
            "column": 23
          }
        },
        "loc": {
          "start": {
            "line": 154,
            "column": 28
          },
          "end": {
            "line": 159,
            "column": 1
          }
        },
        "line": 154
      },
      "12": {
        "name": "(anonymous_12)",
        "decl": {
          "start": {
            "line": 154,
            "column": 28
          },
          "end": {
            "line": 154,
            "column": 29
          }
        },
        "loc": {
          "start": {
            "line": 154,
            "column": 40
          },
          "end": {
            "line": 159,
            "column": 1
          }
        },
        "line": 154
      }
    },
    "branchMap": {
      "0": {
        "loc": {
          "start": {
            "line": 23,
            "column": 2
          },
          "end": {
            "line": 25,
            "column": 3
          }
        },
        "type": "if",
        "locations": [
          {
            "start": {
              "line": 23,
              "column": 2
            },
            "end": {
              "line": 25,
              "column": 3
            }
          },
          {
            "start": {
              "line": 23,
              "column": 2
            },
            "end": {
              "line": 25,
              "column": 3
            }
          }
        ],
        "line": 23
      },
      "1": {
        "loc": {
          "start": {
            "line": 34,
            "column": 4
          },
          "end": {
            "line": 36,
            "column": 5
          }
        },
        "type": "if",
        "locations": [
          {
            "start": {
              "line": 34,
              "column": 4
            },
            "end": {
              "line": 36,
              "column": 5
            }
          },
          {
            "start": {
              "line": 34,
              "column": 4
            },
            "end": {
              "line": 36,
              "column": 5
            }
          }
        ],
        "line": 34
      },
      "2": {
        "loc": {
          "start": {
            "line": 66,
            "column": 4
          },
          "end": {
            "line": 70,
            "column": 5
          }
        },
        "type": "if",
        "locations": [
          {
            "start": {
              "line": 66,
              "column": 4
            },
            "end": {
              "line": 70,
              "column": 5
            }
          },
          {
            "start": {
              "line": 66,
              "column": 4
            },
            "end": {
              "line": 70,
              "column": 5
            }
          }
        ],
        "line": 66
      },
      "3": {
        "loc": {
          "start": {
            "line": 102,
            "column": 4
          },
          "end": {
            "line": 106,
            "column": 5
          }
        },
        "type": "if",
        "locations": [
          {
            "start": {
              "line": 102,
              "column": 4
            },
            "end": {
              "line": 106,
              "column": 5
            }
          },
          {
            "start": {
              "line": 102,
              "column": 4
            },
            "end": {
              "line": 106,
              "column": 5
            }
          }
        ],
        "line": 102
      }
    },
    "s": {
      "0": 57,
      "1": 158,
      "2": 158,
      "3": 101,
      "4": 158,
      "5": 158,
      "6": 100,
      "7": 57,
      "8": 57,
      "9": 0,
      "10": 0,
      "11": 57,
      "12": 57,
      "13": 6,
      "14": 6,
      "15": 6,
      "16": 6,
      "17": 6,
      "18": 5,
      "19": 1,
      "20": 1,
      "21": 1,
      "22": 1,
      "23": 1,
      "24": 1,
      "25": 57,
      "26": 48,
      "27": 48,
      "28": 48,
      "29": 48,
      "30": 48,
      "31": 39,
      "32": 39,
      "33": 9,
      "34": 9,
      "35": 9,
      "36": 9,
      "37": 9,
      "38": 9,
      "39": 57,
      "40": 4,
      "41": 4,
      "42": 4,
      "43": 4,
      "44": 0,
      "45": 57,
      "46": 0,
      "47": 0,
      "48": 0,
      "49": 0,
      "50": 0
    },
    "f": {
      "0": 158,
      "1": 158,
      "2": 0,
      "3": 6,
      "4": 6,
      "5": 1,
      "6": 48,
      "7": 48,
      "8": 9,
      "9": 4,
      "10": 4,
      "11": 0,
      "12": 0
    },
    "b": {
      "0": [
        101,
        57
      ],
      "1": [
        0,
        57
      ],
      "2": [
        1,
        0
      ],
      "3": [
        9,
        0
      ]
    },
    "_coverageSchema": "43e27e138ebf9cfc5966b082cf9a028302ed4184",
    "hash": "645953f724d683103d31f1bdef4697509b465c2c"
  },
  "/Users/hemalatharamachandran/Documents/Univ_documents/SEP/SEP203/client/src/actions/profile.js": {
    "path": "/Users/hemalatharamachandran/Documents/Univ_documents/SEP/SEP203/client/src/actions/profile.js",
    "statementMap": {
      "0": {
        "start": {
          "line": 12,
          "column": 29
        },
        "end": {
          "line": 42,
          "column": 1
        }
      },
      "1": {
        "start": {
          "line": 16,
          "column": 5
        },
        "end": {
          "line": 42,
          "column": 1
        }
      },
      "2": {
        "start": {
          "line": 17,
          "column": 2
        },
        "end": {
          "line": 41,
          "column": 3
        }
      },
      "3": {
        "start": {
          "line": 18,
          "column": 19
        },
        "end": {
          "line": 22,
          "column": 5
        }
      },
      "4": {
        "start": {
          "line": 23,
          "column": 16
        },
        "end": {
          "line": 23,
          "column": 66
        }
      },
      "5": {
        "start": {
          "line": 24,
          "column": 4
        },
        "end": {
          "line": 27,
          "column": 7
        }
      },
      "6": {
        "start": {
          "line": 28,
          "column": 4
        },
        "end": {
          "line": 30,
          "column": 5
        }
      },
      "7": {
        "start": {
          "line": 29,
          "column": 6
        },
        "end": {
          "line": 29,
          "column": 38
        }
      },
      "8": {
        "start": {
          "line": 46,
          "column": 30
        },
        "end": {
          "line": 59,
          "column": 1
        }
      },
      "9": {
        "start": {
          "line": 46,
          "column": 36
        },
        "end": {
          "line": 59,
          "column": 1
        }
      },
      "10": {
        "start": {
          "line": 47,
          "column": 2
        },
        "end": {
          "line": 58,
          "column": 3
        }
      },
      "11": {
        "start": {
          "line": 48,
          "column": 16
        },
        "end": {
          "line": 48,
          "column": 50
        }
      },
      "12": {
        "start": {
          "line": 49,
          "column": 4
        },
        "end": {
          "line": 52,
          "column": 7
        }
      },
      "13": {
        "start": {
          "line": 54,
          "column": 4
        },
        "end": {
          "line": 57,
          "column": 7
        }
      },
      "14": {
        "start": {
          "line": 62,
          "column": 27
        },
        "end": {
          "line": 76,
          "column": 1
        }
      },
      "15": {
        "start": {
          "line": 62,
          "column": 33
        },
        "end": {
          "line": 76,
          "column": 1
        }
      },
      "16": {
        "start": {
          "line": 63,
          "column": 2
        },
        "end": {
          "line": 75,
          "column": 3
        }
      },
      "17": {
        "start": {
          "line": 64,
          "column": 16
        },
        "end": {
          "line": 64,
          "column": 47
        }
      },
      "18": {
        "start": {
          "line": 66,
          "column": 4
        },
        "end": {
          "line": 69,
          "column": 7
        }
      },
      "19": {
        "start": {
          "line": 71,
          "column": 4
        },
        "end": {
          "line": 74,
          "column": 7
        }
      },
      "20": {
        "start": {
          "line": 79,
          "column": 30
        },
        "end": {
          "line": 97,
          "column": 1
        }
      },
      "21": {
        "start": {
          "line": 79,
          "column": 40
        },
        "end": {
          "line": 97,
          "column": 1
        }
      },
      "22": {
        "start": {
          "line": 80,
          "column": 2
        },
        "end": {
          "line": 96,
          "column": 3
        }
      },
      "23": {
        "start": {
          "line": 82,
          "column": 16
        },
        "end": {
          "line": 82,
          "column": 63
        }
      },
      "24": {
        "start": {
          "line": 83,
          "column": 4
        },
        "end": {
          "line": 83,
          "column": 56
        }
      },
      "25": {
        "start": {
          "line": 84,
          "column": 4
        },
        "end": {
          "line": 87,
          "column": 6
        }
      },
      "26": {
        "start": {
          "line": 88,
          "column": 4
        },
        "end": {
          "line": 88,
          "column": 28
        }
      },
      "27": {
        "start": {
          "line": 92,
          "column": 4
        },
        "end": {
          "line": 95,
          "column": 6
        }
      },
      "28": {
        "start": {
          "line": 101,
          "column": 29
        },
        "end": {
          "line": 120,
          "column": 1
        }
      },
      "29": {
        "start": {
          "line": 101,
          "column": 35
        },
        "end": {
          "line": 120,
          "column": 1
        }
      },
      "30": {
        "start": {
          "line": 102,
          "column": 2
        },
        "end": {
          "line": 119,
          "column": 3
        }
      },
      "31": {
        "start": {
          "line": 103,
          "column": 4
        },
        "end": {
          "line": 118,
          "column": 5
        }
      },
      "32": {
        "start": {
          "line": 104,
          "column": 18
        },
        "end": {
          "line": 104,
          "column": 52
        }
      },
      "33": {
        "start": {
          "line": 105,
          "column": 6
        },
        "end": {
          "line": 107,
          "column": 9
        }
      },
      "34": {
        "start": {
          "line": 108,
          "column": 6
        },
        "end": {
          "line": 110,
          "column": 9
        }
      }
    },
    "fnMap": {
      "0": {
        "name": "(anonymous_0)",
        "decl": {
          "start": {
            "line": 12,
            "column": 29
          },
          "end": {
            "line": 12,
            "column": 30
          }
        },
        "loc": {
          "start": {
            "line": 16,
            "column": 5
          },
          "end": {
            "line": 42,
            "column": 1
          }
        },
        "line": 16
      },
      "1": {
        "name": "(anonymous_1)",
        "decl": {
          "start": {
            "line": 16,
            "column": 5
          },
          "end": {
            "line": 16,
            "column": 6
          }
        },
        "loc": {
          "start": {
            "line": 16,
            "column": 23
          },
          "end": {
            "line": 42,
            "column": 1
          }
        },
        "line": 16
      },
      "2": {
        "name": "(anonymous_2)",
        "decl": {
          "start": {
            "line": 46,
            "column": 30
          },
          "end": {
            "line": 46,
            "column": 31
          }
        },
        "loc": {
          "start": {
            "line": 46,
            "column": 36
          },
          "end": {
            "line": 59,
            "column": 1
          }
        },
        "line": 46
      },
      "3": {
        "name": "(anonymous_3)",
        "decl": {
          "start": {
            "line": 46,
            "column": 36
          },
          "end": {
            "line": 46,
            "column": 37
          }
        },
        "loc": {
          "start": {
            "line": 46,
            "column": 54
          },
          "end": {
            "line": 59,
            "column": 1
          }
        },
        "line": 46
      },
      "4": {
        "name": "(anonymous_4)",
        "decl": {
          "start": {
            "line": 62,
            "column": 27
          },
          "end": {
            "line": 62,
            "column": 28
          }
        },
        "loc": {
          "start": {
            "line": 62,
            "column": 33
          },
          "end": {
            "line": 76,
            "column": 1
          }
        },
        "line": 62
      },
      "5": {
        "name": "(anonymous_5)",
        "decl": {
          "start": {
            "line": 62,
            "column": 33
          },
          "end": {
            "line": 62,
            "column": 34
          }
        },
        "loc": {
          "start": {
            "line": 62,
            "column": 51
          },
          "end": {
            "line": 76,
            "column": 1
          }
        },
        "line": 62
      },
      "6": {
        "name": "(anonymous_6)",
        "decl": {
          "start": {
            "line": 79,
            "column": 30
          },
          "end": {
            "line": 79,
            "column": 31
          }
        },
        "loc": {
          "start": {
            "line": 79,
            "column": 40
          },
          "end": {
            "line": 97,
            "column": 1
          }
        },
        "line": 79
      },
      "7": {
        "name": "(anonymous_7)",
        "decl": {
          "start": {
            "line": 79,
            "column": 40
          },
          "end": {
            "line": 79,
            "column": 41
          }
        },
        "loc": {
          "start": {
            "line": 79,
            "column": 58
          },
          "end": {
            "line": 97,
            "column": 1
          }
        },
        "line": 79
      },
      "8": {
        "name": "(anonymous_8)",
        "decl": {
          "start": {
            "line": 101,
            "column": 29
          },
          "end": {
            "line": 101,
            "column": 30
          }
        },
        "loc": {
          "start": {
            "line": 101,
            "column": 35
          },
          "end": {
            "line": 120,
            "column": 1
          }
        },
        "line": 101
      },
      "9": {
        "name": "(anonymous_9)",
        "decl": {
          "start": {
            "line": 101,
            "column": 35
          },
          "end": {
            "line": 101,
            "column": 36
          }
        },
        "loc": {
          "start": {
            "line": 101,
            "column": 53
          },
          "end": {
            "line": 120,
            "column": 1
          }
        },
        "line": 101
      }
    },
    "branchMap": {
      "0": {
        "loc": {
          "start": {
            "line": 15,
            "column": 2
          },
          "end": {
            "line": 15,
            "column": 14
          }
        },
        "type": "default-arg",
        "locations": [
          {
            "start": {
              "line": 15,
              "column": 9
            },
            "end": {
              "line": 15,
              "column": 14
            }
          }
        ],
        "line": 15
      },
      "1": {
        "loc": {
          "start": {
            "line": 28,
            "column": 4
          },
          "end": {
            "line": 30,
            "column": 5
          }
        },
        "type": "if",
        "locations": [
          {
            "start": {
              "line": 28,
              "column": 4
            },
            "end": {
              "line": 30,
              "column": 5
            }
          },
          {
            "start": {
              "line": 28,
              "column": 4
            },
            "end": {
              "line": 30,
              "column": 5
            }
          }
        ],
        "line": 28
      },
      "2": {
        "loc": {
          "start": {
            "line": 102,
            "column": 2
          },
          "end": {
            "line": 119,
            "column": 3
          }
        },
        "type": "if",
        "locations": [
          {
            "start": {
              "line": 102,
              "column": 2
            },
            "end": {
              "line": 119,
              "column": 3
            }
          },
          {
            "start": {
              "line": 102,
              "column": 2
            },
            "end": {
              "line": 119,
              "column": 3
            }
          }
        ],
        "line": 102
      }
    },
    "s": {
      "0": 57,
      "1": 15,
      "2": 15,
      "3": 15,
      "4": 15,
      "5": 15,
      "6": 15,
      "7": 9,
      "8": 57,
      "9": 38,
      "10": 38,
      "11": 38,
      "12": 21,
      "13": 16,
      "14": 57,
      "15": 4,
      "16": 4,
      "17": 4,
      "18": 4,
      "19": 0,
      "20": 57,
      "21": 0,
      "22": 0,
      "23": 0,
      "24": 0,
      "25": 0,
      "26": 0,
      "27": 0,
      "28": 57,
      "29": 9,
      "30": 9,
      "31": 4,
      "32": 4,
      "33": 3,
      "34": 3
    },
    "f": {
      "0": 15,
      "1": 15,
      "2": 38,
      "3": 38,
      "4": 4,
      "5": 4,
      "6": 0,
      "7": 0,
      "8": 9,
      "9": 9
    },
    "b": {
      "0": [
        9
      ],
      "1": [
        9,
        6
      ],
      "2": [
        4,
        0
      ]
    },
    "_coverageSchema": "43e27e138ebf9cfc5966b082cf9a028302ed4184",
    "hash": "b31165572b21eeea162afd3655b6b6e9cb2dfd81"
  },
  "/Users/hemalatharamachandran/Documents/Univ_documents/SEP/SEP203/client/src/views/Dashboard/DashboardProfile.js": {
    "path": "/Users/hemalatharamachandran/Documents/Univ_documents/SEP/SEP203/client/src/views/Dashboard/DashboardProfile.js",
    "statementMap": {
      "0": {
        "start": {
          "line": 12,
          "column": 18
        },
        "end": {
          "line": 12,
          "column": 36
        }
      },
      "1": {
        "start": {
          "line": 13,
          "column": 25
        },
        "end": {
          "line": 86,
          "column": 1
        }
      },
      "2": {
        "start": {
          "line": 19,
          "column": 18
        },
        "end": {
          "line": 19,
          "column": 29
        }
      },
      "3": {
        "start": {
          "line": 20,
          "column": 2
        },
        "end": {
          "line": 22,
          "column": 23
        }
      },
      "4": {
        "start": {
          "line": 21,
          "column": 4
        },
        "end": {
          "line": 21,
          "column": 21
        }
      },
      "5": {
        "start": {
          "line": 23,
          "column": 2
        },
        "end": {
          "line": 85,
          "column": 4
        }
      },
      "6": {
        "start": {
          "line": 54,
          "column": 31
        },
        "end": {
          "line": 54,
          "column": 46
        }
      },
      "7": {
        "start": {
          "line": 76,
          "column": 31
        },
        "end": {
          "line": 76,
          "column": 46
        }
      },
      "8": {
        "start": {
          "line": 88,
          "column": 0
        },
        "end": {
          "line": 93,
          "column": 2
        }
      },
      "9": {
        "start": {
          "line": 95,
          "column": 24
        },
        "end": {
          "line": 98,
          "column": 2
        }
      },
      "10": {
        "start": {
          "line": 95,
          "column": 34
        },
        "end": {
          "line": 98,
          "column": 1
        }
      }
    },
    "fnMap": {
      "0": {
        "name": "(anonymous_0)",
        "decl": {
          "start": {
            "line": 13,
            "column": 25
          },
          "end": {
            "line": 13,
            "column": 26
          }
        },
        "loc": {
          "start": {
            "line": 18,
            "column": 6
          },
          "end": {
            "line": 86,
            "column": 1
          }
        },
        "line": 18
      },
      "1": {
        "name": "(anonymous_1)",
        "decl": {
          "start": {
            "line": 20,
            "column": 12
          },
          "end": {
            "line": 20,
            "column": 13
          }
        },
        "loc": {
          "start": {
            "line": 20,
            "column": 18
          },
          "end": {
            "line": 22,
            "column": 3
          }
        },
        "line": 20
      },
      "2": {
        "name": "(anonymous_2)",
        "decl": {
          "start": {
            "line": 54,
            "column": 25
          },
          "end": {
            "line": 54,
            "column": 26
          }
        },
        "loc": {
          "start": {
            "line": 54,
            "column": 31
          },
          "end": {
            "line": 54,
            "column": 46
          }
        },
        "line": 54
      },
      "3": {
        "name": "(anonymous_3)",
        "decl": {
          "start": {
            "line": 76,
            "column": 25
          },
          "end": {
            "line": 76,
            "column": 26
          }
        },
        "loc": {
          "start": {
            "line": 76,
            "column": 31
          },
          "end": {
            "line": 76,
            "column": 46
          }
        },
        "line": 76
      },
      "4": {
        "name": "(anonymous_4)",
        "decl": {
          "start": {
            "line": 95,
            "column": 24
          },
          "end": {
            "line": 95,
            "column": 25
          }
        },
        "loc": {
          "start": {
            "line": 95,
            "column": 34
          },
          "end": {
            "line": 98,
            "column": 1
          }
        },
        "line": 95
      }
    },
    "branchMap": {
      "0": {
        "loc": {
          "start": {
            "line": 23,
            "column": 9
          },
          "end": {
            "line": 85,
            "column": 3
          }
        },
        "type": "cond-expr",
        "locations": [
          {
            "start": {
              "line": 24,
              "column": 4
            },
            "end": {
              "line": 24,
              "column": 15
            }
          },
          {
            "start": {
              "line": 26,
              "column": 4
            },
            "end": {
              "line": 84,
              "column": 15
            }
          }
        ],
        "line": 23
      },
      "1": {
        "loc": {
          "start": {
            "line": 23,
            "column": 9
          },
          "end": {
            "line": 23,
            "column": 36
          }
        },
        "type": "binary-expr",
        "locations": [
          {
            "start": {
              "line": 23,
              "column": 9
            },
            "end": {
              "line": 23,
              "column": 16
            }
          },
          {
            "start": {
              "line": 23,
              "column": 20
            },
            "end": {
              "line": 23,
              "column": 36
            }
          }
        ],
        "line": 23
      },
      "2": {
        "loc": {
          "start": {
            "line": 29,
            "column": 23
          },
          "end": {
            "line": 29,
            "column": 40
          }
        },
        "type": "binary-expr",
        "locations": [
          {
            "start": {
              "line": 29,
              "column": 23
            },
            "end": {
              "line": 29,
              "column": 27
            }
          },
          {
            "start": {
              "line": 29,
              "column": 31
            },
            "end": {
              "line": 29,
              "column": 40
            }
          }
        ],
        "line": 29
      },
      "3": {
        "loc": {
          "start": {
            "line": 32,
            "column": 11
          },
          "end": {
            "line": 81,
            "column": 11
          }
        },
        "type": "cond-expr",
        "locations": [
          {
            "start": {
              "line": 33,
              "column": 12
            },
            "end": {
              "line": 58,
              "column": 23
            }
          },
          {
            "start": {
              "line": 60,
              "column": 12
            },
            "end": {
              "line": 80,
              "column": 23
            }
          }
        ],
        "line": 32
      }
    },
    "s": {
      "0": 57,
      "1": 57,
      "2": 96,
      "3": 96,
      "4": 30,
      "5": 96,
      "6": 7,
      "7": 2,
      "8": 57,
      "9": 57,
      "10": 66
    },
    "f": {
      "0": 96,
      "1": 30,
      "2": 7,
      "3": 2,
      "4": 66
    },
    "b": {
      "0": [
        16,
        80
      ],
      "1": [
        96,
        16
      ],
      "2": [
        80,
        77
      ],
      "3": [
        42,
        38
      ]
    },
    "_coverageSchema": "43e27e138ebf9cfc5966b082cf9a028302ed4184",
    "hash": "829b857167952aca1b145ffa051c4a29b2e2c6a1"
  },
  "/Users/hemalatharamachandran/Documents/Univ_documents/SEP/SEP203/client/src/assets/jss/material-kit-react/components/footerStyle.js": {
    "path": "/Users/hemalatharamachandran/Documents/Univ_documents/SEP/SEP203/client/src/assets/jss/material-kit-react/components/footerStyle.js",
    "statementMap": {
      "0": {
        "start": {
          "line": 3,
          "column": 20
        },
        "end": {
          "line": 58,
          "column": 1
        }
      }
    },
    "fnMap": {},
    "branchMap": {},
    "s": {
      "0": 57
    },
    "f": {},
    "b": {},
    "_coverageSchema": "43e27e138ebf9cfc5966b082cf9a028302ed4184",
    "hash": "ac7b2038234fe4942e95f7c4744c751f65a801e3"
  },
  "/Users/hemalatharamachandran/Documents/Univ_documents/SEP/SEP203/client/src/components/Footer/Footer.js": {
    "path": "/Users/hemalatharamachandran/Documents/Univ_documents/SEP/SEP203/client/src/components/Footer/Footer.js",
    "statementMap": {
      "0": {
        "start": {
          "line": 16,
          "column": 18
        },
        "end": {
          "line": 16,
          "column": 36
        }
      },
      "1": {
        "start": {
          "line": 19,
          "column": 18
        },
        "end": {
          "line": 19,
          "column": 29
        }
      },
      "2": {
        "start": {
          "line": 20,
          "column": 24
        },
        "end": {
          "line": 20,
          "column": 29
        }
      },
      "3": {
        "start": {
          "line": 21,
          "column": 24
        },
        "end": {
          "line": 24,
          "column": 4
        }
      },
      "4": {
        "start": {
          "line": 25,
          "column": 19
        },
        "end": {
          "line": 28,
          "column": 4
        }
      },
      "5": {
        "start": {
          "line": 29,
          "column": 2
        },
        "end": {
          "line": 86,
          "column": 4
        }
      },
      "6": {
        "start": {
          "line": 89,
          "column": 0
        },
        "end": {
          "line": 91,
          "column": 2
        }
      }
    },
    "fnMap": {
      "0": {
        "name": "Footer",
        "decl": {
          "start": {
            "line": 18,
            "column": 24
          },
          "end": {
            "line": 18,
            "column": 30
          }
        },
        "loc": {
          "start": {
            "line": 18,
            "column": 38
          },
          "end": {
            "line": 87,
            "column": 1
          }
        },
        "line": 18
      }
    },
    "branchMap": {},
    "s": {
      "0": 57,
      "1": 5976,
      "2": 5976,
      "3": 5976,
      "4": 5976,
      "5": 5976,
      "6": 57
    },
    "f": {
      "0": 5976
    },
    "b": {},
    "_coverageSchema": "43e27e138ebf9cfc5966b082cf9a028302ed4184",
    "hash": "bf1771c90307e38ec866f017a3b16ec0d3da9c20"
  },
  "/Users/hemalatharamachandran/Documents/Univ_documents/SEP/SEP203/client/src/components/Grid/GridContainer.js": {
    "path": "/Users/hemalatharamachandran/Documents/Univ_documents/SEP/SEP203/client/src/components/Grid/GridContainer.js",
    "statementMap": {
      "0": {
        "start": {
          "line": 9,
          "column": 15
        },
        "end": {
          "line": 15,
          "column": 1
        }
      },
      "1": {
        "start": {
          "line": 17,
          "column": 18
        },
        "end": {
          "line": 17,
          "column": 36
        }
      },
      "2": {
        "start": {
          "line": 20,
          "column": 18
        },
        "end": {
          "line": 20,
          "column": 29
        }
      },
      "3": {
        "start": {
          "line": 21,
          "column": 43
        },
        "end": {
          "line": 21,
          "column": 48
        }
      },
      "4": {
        "start": {
          "line": 22,
          "column": 2
        },
        "end": {
          "line": 26,
          "column": 4
        }
      },
      "5": {
        "start": {
          "line": 29,
          "column": 0
        },
        "end": {
          "line": 31,
          "column": 2
        }
      },
      "6": {
        "start": {
          "line": 33,
          "column": 0
        },
        "end": {
          "line": 36,
          "column": 2
        }
      }
    },
    "fnMap": {
      "0": {
        "name": "GridContainer",
        "decl": {
          "start": {
            "line": 19,
            "column": 24
          },
          "end": {
            "line": 19,
            "column": 37
          }
        },
        "loc": {
          "start": {
            "line": 19,
            "column": 45
          },
          "end": {
            "line": 27,
            "column": 1
          }
        },
        "line": 19
      }
    },
    "branchMap": {},
    "s": {
      "0": 57,
      "1": 57,
      "2": 6056,
      "3": 6056,
      "4": 6056,
      "5": 57,
      "6": 57
    },
    "f": {
      "0": 6056
    },
    "b": {},
    "_coverageSchema": "43e27e138ebf9cfc5966b082cf9a028302ed4184",
    "hash": "98b93c4fff92e4b5b0599277450a30f5b67ea7ff"
  },
  "/Users/hemalatharamachandran/Documents/Univ_documents/SEP/SEP203/client/src/components/Grid/GridItem.js": {
    "path": "/Users/hemalatharamachandran/Documents/Univ_documents/SEP/SEP203/client/src/components/Grid/GridItem.js",
    "statementMap": {
      "0": {
        "start": {
          "line": 8,
          "column": 15
        },
        "end": {
          "line": 17,
          "column": 1
        }
      },
      "1": {
        "start": {
          "line": 19,
          "column": 18
        },
        "end": {
          "line": 19,
          "column": 36
        }
      },
      "2": {
        "start": {
          "line": 22,
          "column": 18
        },
        "end": {
          "line": 22,
          "column": 29
        }
      },
      "3": {
        "start": {
          "line": 23,
          "column": 43
        },
        "end": {
          "line": 23,
          "column": 48
        }
      },
      "4": {
        "start": {
          "line": 24,
          "column": 2
        },
        "end": {
          "line": 28,
          "column": 4
        }
      },
      "5": {
        "start": {
          "line": 31,
          "column": 0
        },
        "end": {
          "line": 33,
          "column": 2
        }
      },
      "6": {
        "start": {
          "line": 35,
          "column": 0
        },
        "end": {
          "line": 38,
          "column": 2
        }
      }
    },
    "fnMap": {
      "0": {
        "name": "GridItem",
        "decl": {
          "start": {
            "line": 21,
            "column": 24
          },
          "end": {
            "line": 21,
            "column": 32
          }
        },
        "loc": {
          "start": {
            "line": 21,
            "column": 40
          },
          "end": {
            "line": 29,
            "column": 1
          }
        },
        "line": 21
      }
    },
    "branchMap": {},
    "s": {
      "0": 57,
      "1": 57,
      "2": 6136,
      "3": 6136,
      "4": 6136,
      "5": 57,
      "6": 57
    },
    "f": {
      "0": 6136
    },
    "b": {},
    "_coverageSchema": "43e27e138ebf9cfc5966b082cf9a028302ed4184",
    "hash": "89b8784cb54649115a8dc14f5fc815fd5c5bdfb7"
  },
  "/Users/hemalatharamachandran/Documents/Univ_documents/SEP/SEP203/client/src/assets/jss/material-kit-react/components/cardStyle.js": {
    "path": "/Users/hemalatharamachandran/Documents/Univ_documents/SEP/SEP203/client/src/assets/jss/material-kit-react/components/cardStyle.js",
    "statementMap": {
      "0": {
        "start": {
          "line": 1,
          "column": 18
        },
        "end": {
          "line": 27,
          "column": 1
        }
      }
    },
    "fnMap": {},
    "branchMap": {},
    "s": {
      "0": 57
    },
    "f": {},
    "b": {},
    "_coverageSchema": "43e27e138ebf9cfc5966b082cf9a028302ed4184",
    "hash": "ac4964f5ffe8b5020a0fc53dda3ac6d7eef50533"
  },
  "/Users/hemalatharamachandran/Documents/Univ_documents/SEP/SEP203/client/src/components/Card/Card.js": {
    "path": "/Users/hemalatharamachandran/Documents/Univ_documents/SEP/SEP203/client/src/components/Card/Card.js",
    "statementMap": {
      "0": {
        "start": {
          "line": 13,
          "column": 18
        },
        "end": {
          "line": 13,
          "column": 36
        }
      },
      "1": {
        "start": {
          "line": 16,
          "column": 18
        },
        "end": {
          "line": 16,
          "column": 29
        }
      },
      "2": {
        "start": {
          "line": 17,
          "column": 60
        },
        "end": {
          "line": 17,
          "column": 65
        }
      },
      "3": {
        "start": {
          "line": 18,
          "column": 22
        },
        "end": {
          "line": 23,
          "column": 4
        }
      },
      "4": {
        "start": {
          "line": 24,
          "column": 2
        },
        "end": {
          "line": 28,
          "column": 4
        }
      },
      "5": {
        "start": {
          "line": 31,
          "column": 0
        },
        "end": {
          "line": 36,
          "column": 2
        }
      }
    },
    "fnMap": {
      "0": {
        "name": "Card",
        "decl": {
          "start": {
            "line": 15,
            "column": 24
          },
          "end": {
            "line": 15,
            "column": 28
          }
        },
        "loc": {
          "start": {
            "line": 15,
            "column": 36
          },
          "end": {
            "line": 29,
            "column": 1
          }
        },
        "line": 15
      }
    },
    "branchMap": {},
    "s": {
      "0": 57,
      "1": 5976,
      "2": 5976,
      "3": 5976,
      "4": 5976,
      "5": 57
    },
    "f": {
      "0": 5976
    },
    "b": {},
    "_coverageSchema": "43e27e138ebf9cfc5966b082cf9a028302ed4184",
    "hash": "c8fbd7c1214dc8ec25811a44ce8bdf393e60f63e"
  },
  "/Users/hemalatharamachandran/Documents/Univ_documents/SEP/SEP203/client/src/assets/jss/material-kit-react/components/cardBodyStyle.js": {
    "path": "/Users/hemalatharamachandran/Documents/Univ_documents/SEP/SEP203/client/src/assets/jss/material-kit-react/components/cardBodyStyle.js",
    "statementMap": {
      "0": {
        "start": {
          "line": 1,
          "column": 22
        },
        "end": {
          "line": 6,
          "column": 1
        }
      }
    },
    "fnMap": {},
    "branchMap": {},
    "s": {
      "0": 57
    },
    "f": {},
    "b": {},
    "_coverageSchema": "43e27e138ebf9cfc5966b082cf9a028302ed4184",
    "hash": "ab6d754a32d44bb0bae0fc43690bcf3c36979f10"
  },
  "/Users/hemalatharamachandran/Documents/Univ_documents/SEP/SEP203/client/src/components/Card/CardBody.js": {
    "path": "/Users/hemalatharamachandran/Documents/Univ_documents/SEP/SEP203/client/src/components/Card/CardBody.js",
    "statementMap": {
      "0": {
        "start": {
          "line": 13,
          "column": 18
        },
        "end": {
          "line": 13,
          "column": 36
        }
      },
      "1": {
        "start": {
          "line": 16,
          "column": 18
        },
        "end": {
          "line": 16,
          "column": 29
        }
      },
      "2": {
        "start": {
          "line": 17,
          "column": 43
        },
        "end": {
          "line": 17,
          "column": 48
        }
      },
      "3": {
        "start": {
          "line": 18,
          "column": 26
        },
        "end": {
          "line": 21,
          "column": 4
        }
      },
      "4": {
        "start": {
          "line": 22,
          "column": 2
        },
        "end": {
          "line": 26,
          "column": 4
        }
      },
      "5": {
        "start": {
          "line": 29,
          "column": 0
        },
        "end": {
          "line": 32,
          "column": 2
        }
      }
    },
    "fnMap": {
      "0": {
        "name": "CardBody",
        "decl": {
          "start": {
            "line": 15,
            "column": 24
          },
          "end": {
            "line": 15,
            "column": 32
          }
        },
        "loc": {
          "start": {
            "line": 15,
            "column": 40
          },
          "end": {
            "line": 27,
            "column": 1
          }
        },
        "line": 15
      }
    },
    "branchMap": {},
    "s": {
      "0": 57,
      "1": 5896,
      "2": 5896,
      "3": 5896,
      "4": 5896,
      "5": 57
    },
    "f": {
      "0": 5896
    },
    "b": {},
    "_coverageSchema": "43e27e138ebf9cfc5966b082cf9a028302ed4184",
    "hash": "9926538f122ab1886f59912ff41e4d71918d02e2"
  },
  "/Users/hemalatharamachandran/Documents/Univ_documents/SEP/SEP203/client/src/assets/jss/material-kit-react/components/cardHeaderStyle.js": {
    "path": "/Users/hemalatharamachandran/Documents/Univ_documents/SEP/SEP203/client/src/assets/jss/material-kit-react/components/cardHeaderStyle.js",
    "statementMap": {
      "0": {
        "start": {
          "line": 8,
          "column": 24
        },
        "end": {
          "line": 27,
          "column": 1
        }
      }
    },
    "fnMap": {},
    "branchMap": {},
    "s": {
      "0": 57
    },
    "f": {},
    "b": {},
    "_coverageSchema": "43e27e138ebf9cfc5966b082cf9a028302ed4184",
    "hash": "65e4b1ce6aac008b4f215472dc1f1b39d34b30db"
  },
  "/Users/hemalatharamachandran/Documents/Univ_documents/SEP/SEP203/client/src/components/Card/CardHeader.js": {
    "path": "/Users/hemalatharamachandran/Documents/Univ_documents/SEP/SEP203/client/src/components/Card/CardHeader.js",
    "statementMap": {
      "0": {
        "start": {
          "line": 13,
          "column": 18
        },
        "end": {
          "line": 13,
          "column": 36
        }
      },
      "1": {
        "start": {
          "line": 16,
          "column": 18
        },
        "end": {
          "line": 16,
          "column": 29
        }
      },
      "2": {
        "start": {
          "line": 17,
          "column": 57
        },
        "end": {
          "line": 17,
          "column": 62
        }
      },
      "3": {
        "start": {
          "line": 18,
          "column": 28
        },
        "end": {
          "line": 23,
          "column": 4
        }
      },
      "4": {
        "start": {
          "line": 24,
          "column": 2
        },
        "end": {
          "line": 28,
          "column": 4
        }
      },
      "5": {
        "start": {
          "line": 31,
          "column": 0
        },
        "end": {
          "line": 36,
          "column": 2
        }
      }
    },
    "fnMap": {
      "0": {
        "name": "CardHeader",
        "decl": {
          "start": {
            "line": 15,
            "column": 24
          },
          "end": {
            "line": 15,
            "column": 34
          }
        },
        "loc": {
          "start": {
            "line": 15,
            "column": 42
          },
          "end": {
            "line": 29,
            "column": 1
          }
        },
        "line": 15
      }
    },
    "branchMap": {},
    "s": {
      "0": 57,
      "1": 5896,
      "2": 5896,
      "3": 5896,
      "4": 5896,
      "5": 57
    },
    "f": {
      "0": 5896
    },
    "b": {},
    "_coverageSchema": "43e27e138ebf9cfc5966b082cf9a028302ed4184",
    "hash": "d7c340d7772038210c1e675dd029b4f2aba90983"
  },
  "/Users/hemalatharamachandran/Documents/Univ_documents/SEP/SEP203/client/src/assets/jss/material-kit-react/components/cardFooterStyle.js": {
    "path": "/Users/hemalatharamachandran/Documents/Univ_documents/SEP/SEP203/client/src/assets/jss/material-kit-react/components/cardFooterStyle.js",
    "statementMap": {
      "0": {
        "start": {
          "line": 1,
          "column": 24
        },
        "end": {
          "line": 8,
          "column": 1
        }
      }
    },
    "fnMap": {},
    "branchMap": {},
    "s": {
      "0": 57
    },
    "f": {},
    "b": {},
    "_coverageSchema": "43e27e138ebf9cfc5966b082cf9a028302ed4184",
    "hash": "e38f66d9f3e3e67dbd3d5b19203eeb6f3903516d"
  },
  "/Users/hemalatharamachandran/Documents/Univ_documents/SEP/SEP203/client/src/components/Card/CardFooter.js": {
    "path": "/Users/hemalatharamachandran/Documents/Univ_documents/SEP/SEP203/client/src/components/Card/CardFooter.js",
    "statementMap": {
      "0": {
        "start": {
          "line": 13,
          "column": 18
        },
        "end": {
          "line": 13,
          "column": 36
        }
      },
      "1": {
        "start": {
          "line": 16,
          "column": 18
        },
        "end": {
          "line": 16,
          "column": 29
        }
      },
      "2": {
        "start": {
          "line": 17,
          "column": 43
        },
        "end": {
          "line": 17,
          "column": 48
        }
      },
      "3": {
        "start": {
          "line": 18,
          "column": 28
        },
        "end": {
          "line": 21,
          "column": 4
        }
      },
      "4": {
        "start": {
          "line": 22,
          "column": 2
        },
        "end": {
          "line": 26,
          "column": 4
        }
      },
      "5": {
        "start": {
          "line": 29,
          "column": 0
        },
        "end": {
          "line": 32,
          "column": 2
        }
      }
    },
    "fnMap": {
      "0": {
        "name": "CardFooter",
        "decl": {
          "start": {
            "line": 15,
            "column": 24
          },
          "end": {
            "line": 15,
            "column": 34
          }
        },
        "loc": {
          "start": {
            "line": 15,
            "column": 42
          },
          "end": {
            "line": 27,
            "column": 1
          }
        },
        "line": 15
      }
    },
    "branchMap": {},
    "s": {
      "0": 57,
      "1": 5896,
      "2": 5896,
      "3": 5896,
      "4": 5896,
      "5": 57
    },
    "f": {
      "0": 5896
    },
    "b": {},
    "_coverageSchema": "43e27e138ebf9cfc5966b082cf9a028302ed4184",
    "hash": "45711ccaab9e9407c086ea14f0a8f3a12e21f4d1"
  },
  "/Users/hemalatharamachandran/Documents/Univ_documents/SEP/SEP203/client/src/assets/jss/material-kit-react/components/customInputStyle.js": {
    "path": "/Users/hemalatharamachandran/Documents/Univ_documents/SEP/SEP203/client/src/assets/jss/material-kit-react/components/customInputStyle.js",
    "statementMap": {
      "0": {
        "start": {
          "line": 8,
          "column": 25
        },
        "end": {
          "line": 87,
          "column": 1
        }
      }
    },
    "fnMap": {},
    "branchMap": {},
    "s": {
      "0": 57
    },
    "f": {},
    "b": {},
    "_coverageSchema": "43e27e138ebf9cfc5966b082cf9a028302ed4184",
    "hash": "f0f356d4dda0dad4518b13d7bf857308a0892be1"
  },
  "/Users/hemalatharamachandran/Documents/Univ_documents/SEP/SEP203/client/src/components/CustomInput/CustomInput.js": {
    "path": "/Users/hemalatharamachandran/Documents/Univ_documents/SEP/SEP203/client/src/components/CustomInput/CustomInput.js",
    "statementMap": {
      "0": {
        "start": {
          "line": 14,
          "column": 18
        },
        "end": {
          "line": 14,
          "column": 36
        }
      },
      "1": {
        "start": {
          "line": 17,
          "column": 18
        },
        "end": {
          "line": 17,
          "column": 29
        }
      },
      "2": {
        "start": {
          "line": 28,
          "column": 6
        },
        "end": {
          "line": 28,
          "column": 11
        }
[...]
        "start": {
          "line": 11,
          "column": 29
        },
        "end": {
          "line": 84,
          "column": 1
        }
      }
    },
    "fnMap": {},
    "branchMap": {},
    "s": {
      "0": 57
    },
    "f": {},
    "b": {},
    "_coverageSchema": "43e27e138ebf9cfc5966b082cf9a028302ed4184",
    "hash": "8b3b1a55ec30edf7a96a6251f1653a38c02d479e"
  },
  "/Users/hemalatharamachandran/Documents/Univ_documents/SEP/SEP203/client/src/components/Snackbar/SnackbarContent.js": {
    "path": "/Users/hemalatharamachandran/Documents/Univ_documents/SEP/SEP203/client/src/components/Snackbar/SnackbarContent.js",
    "statementMap": {
      "0": {
        "start": {
          "line": 15,
          "column": 18
        },
        "end": {
          "line": 15,
          "column": 36
        }
      },
      "1": {
        "start": {
          "line": 18,
          "column": 42
        },
        "end": {
          "line": 18,
          "column": 47
        }
      },
      "2": {
        "start": {
          "line": 19,
          "column": 18
        },
        "end": {
          "line": 19,
          "column": 29
        }
      },
      "3": {
        "start": {
          "line": 20,
          "column": 15
        },
        "end": {
          "line": 20,
          "column": 17
        }
      },
      "4": {
        "start": {
          "line": 21,
          "column": 21
        },
        "end": {
          "line": 23,
          "column": 3
        }
      },
      "5": {
        "start": {
          "line": 22,
          "column": 4
        },
        "end": {
          "line": 22,
          "column": 19
        }
      },
      "6": {
        "start": {
          "line": 24,
          "column": 2
        },
        "end": {
          "line": 36,
          "column": 3
        }
      },
      "7": {
        "start": {
          "line": 25,
          "column": 4
        },
        "end": {
          "line": 35,
          "column": 6
        }
      },
      "8": {
        "start": {
          "line": 37,
          "column": 18
        },
        "end": {
          "line": 37,
          "column": 22
        }
      },
      "9": {
        "start": {
          "line": 38,
          "column": 2
        },
        "end": {
          "line": 48,
          "column": 3
        }
      },
      "10": {
        "start": {
          "line": 40,
          "column": 6
        },
        "end": {
          "line": 40,
          "column": 58
        }
      },
      "11": {
        "start": {
          "line": 41,
          "column": 6
        },
        "end": {
          "line": 41,
          "column": 12
        }
      },
      "12": {
        "start": {
          "line": 43,
          "column": 6
        },
        "end": {
          "line": 43,
          "column": 69
        }
      },
      "13": {
        "start": {
          "line": 44,
          "column": 6
        },
        "end": {
          "line": 44,
          "column": 12
        }
      },
      "14": {
        "start": {
          "line": 46,
          "column": 6
        },
        "end": {
          "line": 46,
          "column": 23
        }
      },
      "15": {
        "start": {
          "line": 47,
          "column": 6
        },
        "end": {
          "line": 47,
          "column": 12
        }
      },
      "16": {
        "start": {
          "line": 49,
          "column": 28
        },
        "end": {
          "line": 63,
          "column": 3
        }
      },
      "17": {
        "start": {
          "line": 64,
          "column": 2
        },
        "end": {
          "line": 64,
          "column": 15
        }
      },
      "18": {
        "start": {
          "line": 67,
          "column": 0
        },
        "end": {
          "line": 72,
          "column": 2
        }
      }
    },
    "fnMap": {
      "0": {
        "name": "SnackbarContent",
        "decl": {
          "start": {
            "line": 17,
            "column": 24
          },
          "end": {
            "line": 17,
            "column": 39
          }
        },
        "loc": {
          "start": {
            "line": 17,
            "column": 47
          },
          "end": {
            "line": 65,
            "column": 1
          }
        },
        "line": 17
      },
      "1": {
        "name": "(anonymous_1)",
        "decl": {
          "start": {
            "line": 21,
            "column": 21
          },
          "end": {
            "line": 21,
            "column": 22
          }
        },
        "loc": {
          "start": {
            "line": 21,
            "column": 27
          },
          "end": {
            "line": 23,
            "column": 3
          }
        },
        "line": 21
      }
    },
    "branchMap": {
      "0": {
        "loc": {
          "start": {
            "line": 24,
            "column": 2
          },
          "end": {
            "line": 36,
            "column": 3
          }
        },
        "type": "if",
        "locations": [
          {
            "start": {
              "line": 24,
              "column": 2
            },
            "end": {
              "line": 36,
              "column": 3
            }
          },
          {
            "start": {
              "line": 24,
              "column": 2
            },
            "end": {
              "line": 36,
              "column": 3
            }
          }
        ],
        "line": 24
      },
      "1": {
        "loc": {
          "start": {
            "line": 38,
            "column": 2
          },
          "end": {
            "line": 48,
            "column": 3
          }
        },
        "type": "switch",
        "locations": [
          {
            "start": {
              "line": 39,
              "column": 4
            },
            "end": {
              "line": 41,
              "column": 12
            }
          },
          {
            "start": {
              "line": 42,
              "column": 4
            },
            "end": {
              "line": 44,
              "column": 12
            }
          },
          {
            "start": {
              "line": 45,
              "column": 4
            },
            "end": {
              "line": 47,
              "column": 12
            }
          }
        ],
        "line": 38
      },
      "2": {
        "loc": {
          "start": {
            "line": 55,
            "column": 11
          },
          "end": {
            "line": 55,
            "column": 46
          }
        },
        "type": "cond-expr",
        "locations": [
          {
            "start": {
              "line": 55,
              "column": 33
            },
            "end": {
              "line": 55,
              "column": 39
            }
          },
          {
            "start": {
              "line": 55,
              "column": 42
            },
            "end": {
              "line": 55,
              "column": 46
            }
          }
        ],
        "line": 55
      }
    },
    "s": {
      "0": 57,
      "1": 12,
      "2": 12,
      "3": 12,
      "4": 12,
      "5": 0,
      "6": 12,
      "7": 12,
      "8": 12,
      "9": 12,
      "10": 0,
      "11": 0,
      "12": 12,
      "13": 12,
      "14": 0,
      "15": 0,
      "16": 12,
      "17": 12,
      "18": 57
    },
    "f": {
      "0": 12,
      "1": 0
    },
    "b": {
      "0": [
        12,
        0
      ],
      "1": [
        0,
        12,
        0
      ],
      "2": [
        12,
        0
      ]
    },
    "_coverageSchema": "43e27e138ebf9cfc5966b082cf9a028302ed4184",
    "hash": "857d9ee85803e4e22c4afafae5494893c89a1b41"
  },
  "/Users/hemalatharamachandran/Documents/Univ_documents/SEP/SEP203/client/src/components/Clearfix/Clearfix.js": {
    "path": "/Users/hemalatharamachandran/Documents/Univ_documents/SEP/SEP203/client/src/components/Clearfix/Clearfix.js",
    "statementMap": {
      "0": {
        "start": {
          "line": 6,
          "column": 15
        },
        "end": {
          "line": 16,
          "column": 1
        }
      },
      "1": {
        "start": {
          "line": 18,
          "column": 18
        },
        "end": {
          "line": 18,
          "column": 36
        }
      },
      "2": {
        "start": {
          "line": 21,
          "column": 18
        },
        "end": {
          "line": 21,
          "column": 29
        }
      },
      "3": {
        "start": {
          "line": 22,
          "column": 2
        },
        "end": {
          "line": 22,
          "column": 46
        }
      },
      "4": {
        "start": {
          "line": 25,
          "column": 0
        },
        "end": {
          "line": 25,
          "column": 24
        }
      }
    },
    "fnMap": {
      "0": {
        "name": "Clearfix",
        "decl": {
          "start": {
            "line": 20,
            "column": 24
          },
          "end": {
            "line": 20,
            "column": 32
          }
        },
        "loc": {
          "start": {
            "line": 20,
            "column": 35
          },
          "end": {
            "line": 23,
            "column": 1
          }
        },
        "line": 20
      }
    },
    "branchMap": {},
    "s": {
      "0": 57,
      "1": 57,
      "2": 12,
      "3": 12,
      "4": 57
    },
    "f": {
      "0": 12
    },
    "b": {},
    "_coverageSchema": "43e27e138ebf9cfc5966b082cf9a028302ed4184",
    "hash": "4248167b07f2cd87a4976d7a790efe7709b2320f"
  },
  "/Users/hemalatharamachandran/Documents/Univ_documents/SEP/SEP203/client/src/components/Layout/Alert.js": {
    "path": "/Users/hemalatharamachandran/Documents/Univ_documents/SEP/SEP203/client/src/components/Layout/Alert.js",
    "statementMap": {
      "0": {
        "start": {
          "line": 10,
          "column": 14
        },
        "end": {
          "line": 31,
          "column": 1
        }
      },
      "1": {
        "start": {
          "line": 11,
          "column": 2
        },
        "end": {
          "line": 30,
          "column": 4
        }
      },
      "2": {
        "start": {
          "line": 15,
          "column": 6
        },
        "end": {
          "line": 28,
          "column": 12
        }
      },
      "3": {
        "start": {
          "line": 33,
          "column": 0
        },
        "end": {
          "line": 35,
          "column": 2
        }
      },
      "4": {
        "start": {
          "line": 37,
          "column": 24
        },
        "end": {
          "line": 39,
          "column": 2
        }
      },
      "5": {
        "start": {
          "line": 37,
          "column": 34
        },
        "end": {
          "line": 39,
          "column": 1
        }
      }
    },
    "fnMap": {
      "0": {
        "name": "(anonymous_0)",
        "decl": {
          "start": {
            "line": 10,
            "column": 14
          },
          "end": {
            "line": 10,
            "column": 15
          }
        },
        "loc": {
          "start": {
            "line": 10,
            "column": 30
          },
          "end": {
            "line": 31,
            "column": 1
          }
        },
        "line": 10
      },
      "1": {
        "name": "(anonymous_1)",
        "decl": {
          "start": {
            "line": 14,
            "column": 15
          },
          "end": {
            "line": 14,
            "column": 16
          }
        },
        "loc": {
          "start": {
            "line": 15,
            "column": 6
          },
          "end": {
            "line": 28,
            "column": 12
          }
        },
        "line": 15
      },
      "2": {
        "name": "(anonymous_2)",
        "decl": {
          "start": {
            "line": 37,
            "column": 24
          },
          "end": {
            "line": 37,
            "column": 25
          }
        },
        "loc": {
          "start": {
            "line": 37,
            "column": 34
          },
          "end": {
            "line": 39,
            "column": 1
          }
        },
        "line": 37
      }
    },
    "branchMap": {
      "0": {
        "loc": {
          "start": {
            "line": 12,
            "column": 4
          },
          "end": {
            "line": 29,
            "column": 6
          }
        },
        "type": "binary-expr",
        "locations": [
          {
            "start": {
              "line": 12,
              "column": 4
            },
            "end": {
              "line": 12,
              "column": 19
            }
          },
          {
            "start": {
              "line": 13,
              "column": 4
            },
            "end": {
              "line": 13,
              "column": 21
            }
          },
          {
            "start": {
              "line": 14,
              "column": 4
            },
            "end": {
              "line": 29,
              "column": 6
            }
          }
        ],
        "line": 12
      }
    },
    "s": {
      "0": 57,
      "1": 71,
      "2": 12,
      "3": 57,
      "4": 57,
      "5": 360
    },
    "f": {
      "0": 71,
      "1": 12,
      "2": 360
    },
    "b": {
      "0": [
        71,
        71,
        12
      ]
    },
    "_coverageSchema": "43e27e138ebf9cfc5966b082cf9a028302ed4184",
    "hash": "ca07add14125e044f4d05c2646d50f58c74e2506"
  },
  "/Users/hemalatharamachandran/Documents/Univ_documents/SEP/SEP203/client/src/App.js": {
    "path": "/Users/hemalatharamachandran/Documents/Univ_documents/SEP/SEP203/client/src/App.js",
    "statementMap": {
      "0": {
        "start": {
          "line": 35,
          "column": 2
        },
        "end": {
          "line": 44,
          "column": 11
        }
      },
      "1": {
        "start": {
          "line": 37,
          "column": 6
        },
        "end": {
          "line": 42,
          "column": 8
        }
      },
      "2": {
        "start": {
          "line": 47,
          "column": 0
        },
        "end": {
          "line": 49,
          "column": 1
        }
      },
      "3": {
        "start": {
          "line": 48,
          "column": 2
        },
        "end": {
          "line": 48,
          "column": 35
        }
      },
      "4": {
        "start": {
          "line": 51,
          "column": 12
        },
        "end": {
          "line": 113,
          "column": 1
        }
      },
      "5": {
        "start": {
          "line": 53,
          "column": 2
        },
        "end": {
          "line": 55,
          "column": 3
        }
      },
      "6": {
        "start": {
          "line": 54,
          "column": 4
        },
        "end": {
          "line": 54,
          "column": 25
        }
      },
      "7": {
        "start": {
          "line": 56,
          "column": 2
        },
        "end": {
          "line": 58,
          "column": 9
        }
      },
      "8": {
        "start": {
          "line": 57,
          "column": 4
        },
        "end": {
          "line": 57,
          "column": 31
        }
      },
      "9": {
        "start": {
          "line": 59,
          "column": 2
        },
        "end": {
          "line": 112,
          "column": 4
        }
      },
      "10": {
        "start": {
          "line": 101,
          "column": 16
        },
        "end": {
          "line": 104,
          "column": 28
        }
      }
    },
    "fnMap": {
      "0": {
        "name": "(anonymous_0)",
        "decl": {
          "start": {
            "line": 36,
            "column": 25
          },
          "end": {
            "line": 36,
            "column": 26
          }
        },
        "loc": {
          "start": {
            "line": 37,
            "column": 6
          },
          "end": {
            "line": 42,
            "column": 8
          }
        },
        "line": 37
      },
      "1": {
        "name": "(anonymous_1)",
        "decl": {
          "start": {
            "line": 51,
            "column": 12
          },
          "end": {
            "line": 51,
            "column": 13
          }
        },
        "loc": {
          "start": {
            "line": 51,
            "column": 18
          },
          "end": {
            "line": 113,
            "column": 1
          }
        },
        "line": 51
      },
      "2": {
        "name": "(anonymous_2)",
        "decl": {
          "start": {
            "line": 56,
            "column": 12
          },
          "end": {
            "line": 56,
            "column": 13
          }
        },
        "loc": {
          "start": {
            "line": 56,
            "column": 18
          },
          "end": {
            "line": 58,
            "column": 3
          }
        },
        "line": 56
      },
      "3": {
        "name": "(anonymous_3)",
        "decl": {
          "start": {
            "line": 100,
            "column": 22
          },
          "end": {
            "line": 100,
            "column": 23
          }
        },
        "loc": {
          "start": {
            "line": 101,
            "column": 16
          },
          "end": {
            "line": 104,
            "column": 28
          }
        },
        "line": 101
      }
    },
    "branchMap": {
      "0": {
        "loc": {
          "start": {
            "line": 47,
            "column": 0
          },
          "end": {
            "line": 49,
            "column": 1
          }
        },
        "type": "if",
        "locations": [
          {
            "start": {
              "line": 47,
              "column": 0
            },
            "end": {
              "line": 49,
              "column": 1
            }
          },
          {
            "start": {
              "line": 47,
              "column": 0
            },
            "end": {
              "line": 49,
              "column": 1
            }
          }
        ],
        "line": 47
      },
      "1": {
        "loc": {
          "start": {
            "line": 53,
            "column": 2
          },
          "end": {
            "line": 55,
            "column": 3
          }
        },
        "type": "if",
        "locations": [
          {
            "start": {
              "line": 53,
              "column": 2
            },
            "end": {
              "line": 55,
              "column": 3
            }
          },
          {
            "start": {
              "line": 53,
              "column": 2
            },
            "end": {
              "line": 55,
              "column": 3
            }
          }
        ],
        "line": 53
      }
    },
    "s": {
      "0": 57,
      "1": 171,
      "2": 57,
      "3": 0,
      "4": 57,
      "5": 57,
      "6": 57,
      "7": 57,
      "8": 57,
      "9": 57,
      "10": 76
    },
    "f": {
      "0": 171,
      "1": 57,
      "2": 57,
      "3": 76
    },
    "b": {
      "0": [
        0,
        57
      ],
      "1": [
        57,
        0
      ]
    },
    "_coverageSchema": "43e27e138ebf9cfc5966b082cf9a028302ed4184",
    "hash": "7144d4ea43df6f0381440ac2113c25fee0e30bdd"
  },
  "/Users/hemalatharamachandran/Documents/Univ_documents/SEP/SEP203/client/src/index.js": {
    "path": "/Users/hemalatharamachandran/Documents/Univ_documents/SEP/SEP203/client/src/index.js",
    "statementMap": {
      "0": {
        "start": {
          "line": 6,
          "column": 0
        },
        "end": {
          "line": 6,
          "column": 58
        }
      }
    },
    "fnMap": {},
    "branchMap": {},
    "s": {
      "0": 57
    },
    "f": {},
    "b": {},
    "_coverageSchema": "43e27e138ebf9cfc5966b082cf9a028302ed4184",
    "hash": "78ec0a283f20b0bde3b4c68a3fe4da3cf3712d72"
  }
}