<?xml version="1.0" encoding="UTF-8"?>
<coverage generated="1585166162833" clover="3.2.0">
  <project timestamp="1585166162833" name="All files">
    <metrics statements="431" coveredstatements="358" conditionals="144" coveredconditionals="94" methods="115" coveredmethods="88" elements="690" coveredelements="540" complexity="0" loc="431" ncloc="431" packages="26" files="50" classes="50"/>
    <package name="src">
      <metrics statements="10" coveredstatements="9" conditionals="2" coveredconditionals="1" methods="2" coveredmethods="2"/>
      <file name="App.js" path="/Users/hemalatharamachandran/Documents/Univ_documents/SEP/SEP203/client/src/App.js">
        <metrics statements="6" coveredstatements="5" conditionals="2" coveredconditionals="1" methods="2" coveredmethods="2"/>
        <line num="23" count="40" type="cond" truecount="1" falsecount="1"/>
        <line num="24" count="0" type="stmt"/>
        <line num="27" count="40" type="stmt"/>
        <line num="28" count="40" type="stmt"/>
        <line num="29" count="40" type="stmt"/>
        <line num="31" count="40" type="stmt"/>
      </file>
      <file name="index.js" path="/Users/hemalatharamachandran/Documents/Univ_documents/SEP/SEP203/client/src/index.js">
        <metrics statements="1" coveredstatements="1" conditionals="0" coveredconditionals="0" methods="0" coveredmethods="0"/>
        <line num="6" count="40" type="stmt"/>
      </file>
      <file name="store.js" path="/Users/hemalatharamachandran/Documents/Univ_documents/SEP/SEP203/client/src/store.js">
        <metrics statements="3" coveredstatements="3" conditionals="0" coveredconditionals="0" methods="0" coveredmethods="0"/>
        <line num="6" count="40" type="stmt"/>
        <line num="8" count="40" type="stmt"/>
        <line num="10" count="40" type="stmt"/>
      </file>
    </package>
    <package name="src.actions">
      <metrics statements="69" coveredstatements="57" conditionals="11" coveredconditionals="6" methods="16" coveredmethods="12"/>
      <file name="auth.js" path="/Users/hemalatharamachandran/Documents/Univ_documents/SEP/SEP203/client/src/actions/auth.js">
        <metrics statements="33" coveredstatements="23" conditionals="6" coveredconditionals="2" methods="10" coveredmethods="6"/>
        <line num="15" count="61" type="stmt"/>
        <line num="17" count="61" type="cond" truecount="2" falsecount="0"/>
        <line num="19" count="21" type="stmt"/>
        <line num="21" count="61" type="stmt"/>
        <line num="22" count="61" type="stmt"/>
        <line num="23" count="20" type="stmt"/>
        <line num="28" count="40" type="stmt"/>
        <line num="35" count="40" type="stmt"/>
        <line num="40" count="3" type="stmt"/>
        <line num="41" count="3" type="stmt"/>
        <line num="46" count="3" type="stmt"/>
        <line num="47" count="3" type="stmt"/>
        <line num="48" count="3" type="stmt"/>
        <line num="49" count="3" type="stmt"/>
        <line num="54" count="0" type="stmt"/>
        <line num="55" count="0" type="cond" truecount="0" falsecount="2"/>
        <line num="56" count="0" type="stmt"/>
        <line num="58" count="0" type="stmt"/>
        <line num="65" count="40" type="stmt"/>
        <line num="66" count="23" type="stmt"/>
        <line num="71" count="23" type="stmt"/>
        <line num="72" count="23" type="stmt"/>
        <line num="73" count="23" type="stmt"/>
        <line num="74" count="21" type="stmt"/>
        <line num="76" count="21" type="stmt"/>
        <line num="80" count="21" type="stmt"/>
        <line num="83" count="0" type="stmt"/>
        <line num="84" count="0" type="cond" truecount="0" falsecount="2"/>
        <line num="85" count="0" type="stmt"/>
        <line num="87" count="0" type="stmt"/>
        <line num="94" count="40" type="stmt"/>
        <line num="95" count="0" type="stmt"/>
        <line num="96" count="0" type="stmt"/>
      </file>
      <file name="profile.js" path="/Users/hemalatharamachandran/Documents/Univ_documents/SEP/SEP203/client/src/actions/profile.js">
        <metrics statements="24" coveredstatements="22" conditionals="5" coveredconditionals="4" methods="6" coveredmethods="6"/>
        <line num="9" count="40" type="cond" truecount="1" falsecount="0"/>
        <line num="10" count="15" type="stmt"/>
        <line num="11" count="15" type="stmt"/>
        <line num="16" count="15" type="stmt"/>
        <line num="17" count="15" type="stmt"/>
        <line num="23" count="15" type="cond" truecount="2" falsecount="0"/>
        <line num="24" count="9" type="stmt"/>
        <line num="34" count="0" type="stmt"/>
        <line num="43" count="46" type="stmt"/>
        <line num="44" count="46" type="stmt"/>
        <line num="45" count="46" type="stmt"/>
        <line num="46" count="46" type="stmt"/>
        <line num="47" count="46" type="stmt"/>
        <line num="48" count="22" type="stmt"/>
        <line num="49" count="22" type="stmt"/>
        <line num="55" count="22" type="stmt"/>
        <line num="64" count="40" type="stmt"/>
        <line num="65" count="7" type="stmt"/>
        <line num="66" count="7" type="cond" truecount="1" falsecount="1"/>
        <line num="67" count="4" type="stmt"/>
        <line num="68" count="4" type="stmt"/>
        <line num="69" count="3" type="stmt"/>
        <line num="72" count="3" type="stmt"/>
        <line num="78" count="0" type="stmt"/>
      </file>
      <file name="types.js" path="/Users/hemalatharamachandran/Documents/Univ_documents/SEP/SEP203/client/src/actions/types.js">
        <metrics statements="12" coveredstatements="12" conditionals="0" coveredconditionals="0" methods="0" coveredmethods="0"/>
        <line num="1" count="40" type="stmt"/>
        <line num="2" count="40" type="stmt"/>
        <line num="3" count="40" type="stmt"/>
        <line num="4" count="40" type="stmt"/>
        <line num="5" count="40" type="stmt"/>
        <line num="6" count="40" type="stmt"/>
        <line num="7" count="40" type="stmt"/>
        <line num="8" count="40" type="stmt"/>
        <line num="9" count="40" type="stmt"/>
        <line num="10" count="40" type="stmt"/>
        <line num="11" count="40" type="stmt"/>
        <line num="12" count="40" type="stmt"/>
      </file>
    </package>
    <package name="src.assets.jss">
      <metrics statements="33" coveredstatements="33" conditionals="0" coveredconditionals="0" methods="0" coveredmethods="0"/>
      <file name="material-kit-react.js" path="/Users/hemalatharamachandran/Documents/Univ_documents/SEP/SEP203/client/src/assets/jss/material-kit-react.js">
        <metrics statements="33" coveredstatements="33" conditionals="0" coveredconditionals="0" methods="0" coveredmethods="0"/>
        <line num="21" count="40" type="stmt"/>
        <line num="23" count="40" type="stmt"/>
        <line num="27" count="40" type="stmt"/>
        <line num="34" count="40" type="stmt"/>
        <line num="50" count="40" type="stmt"/>
        <line num="55" count="40" type="stmt"/>
        <line num="66" count="40" type="stmt"/>
        <line num="72" count="40" type="stmt"/>
        <line num="73" count="40" type="stmt"/>
        <line num="74" count="40" type="stmt"/>
        <line num="75" count="40" type="stmt"/>
        <line num="76" count="40" type="stmt"/>
        <line num="77" count="40" type="stmt"/>
        <line num="78" count="40" type="stmt"/>
        <line num="80" count="40" type="stmt"/>
        <line num="84" count="40" type="stmt"/>
        <line num="88" count="40" type="stmt"/>
        <line num="92" count="40" type="stmt"/>
        <line num="96" count="40" type="stmt"/>
        <line num="100" count="40" type="stmt"/>
        <line num="105" count="40" type="stmt"/>
        <line num="110" count="40" type="stmt"/>
        <line num="115" count="40" type="stmt"/>
        <line num="120" count="40" type="stmt"/>
        <line num="125" count="40" type="stmt"/>
        <line num="130" count="40" type="stmt"/>
        <line num="135" count="40" type="stmt"/>
        <line num="143" count="40" type="stmt"/>
        <line num="149" count="40" type="stmt"/>
        <line num="158" count="40" type="stmt"/>
        <line num="166" count="40" type="stmt"/>
        <line num="171" count="40" type="stmt"/>
        <line num="177" count="40" type="stmt"/>
      </file>
    </package>
    <package name="src.assets.jss.material-kit-react">
      <metrics statements="1" coveredstatements="1" conditionals="0" coveredconditionals="0" methods="0" coveredmethods="0"/>
      <file name="tooltipsStyle.js" path="/Users/hemalatharamachandran/Documents/Univ_documents/SEP/SEP203/client/src/assets/jss/material-kit-react/tooltipsStyle.js">
        <metrics statements="1" coveredstatements="1" conditionals="0" coveredconditionals="0" methods="0" coveredmethods="0"/>
        <line num="1" count="40" type="stmt"/>
      </file>
    </package>
    <package name="src.assets.jss.material-kit-react.components">
      <metrics statements="11" coveredstatements="11" conditionals="0" coveredconditionals="0" methods="2" coveredmethods="2"/>
      <file name="buttonStyle.js" path="/Users/hemalatharamachandran/Documents/Univ_documents/SEP/SEP203/client/src/assets/jss/material-kit-react/components/buttonStyle.js">
        <metrics statements="1" coveredstatements="1" conditionals="0" coveredconditionals="0" methods="0" coveredmethods="0"/>
        <line num="11" count="40" type="stmt"/>
      </file>
      <file name="cardBodyStyle.js" path="/Users/hemalatharamachandran/Documents/Univ_documents/SEP/SEP203/client/src/assets/jss/material-kit-react/components/cardBodyStyle.js">
        <metrics statements="1" coveredstatements="1" conditionals="0" coveredconditionals="0" methods="0" coveredmethods="0"/>
        <line num="1" count="40" type="stmt"/>
      </file>
      <file name="cardFooterStyle.js" path="/Users/hemalatharamachandran/Documents/Univ_documents/SEP/SEP203/client/src/assets/jss/material-kit-react/components/cardFooterStyle.js">
        <metrics statements="1" coveredstatements="1" conditionals="0" coveredconditionals="0" methods="0" coveredmethods="0"/>
        <line num="1" count="40" type="stmt"/>
      </file>
      <file name="cardHeaderStyle.js" path="/Users/hemalatharamachandran/Documents/Univ_documents/SEP/SEP203/client/src/assets/jss/material-kit-react/components/cardHeaderStyle.js">
        <metrics statements="1" coveredstatements="1" conditionals="0" coveredconditionals="0" methods="0" coveredmethods="0"/>
        <line num="8" count="40" type="stmt"/>
      </file>
      <file name="cardStyle.js" path="/Users/hemalatharamachandran/Documents/Univ_documents/SEP/SEP203/client/src/assets/jss/material-kit-react/components/cardStyle.js">
        <metrics statements="1" coveredstatements="1" conditionals="0" coveredconditionals="0" methods="0" coveredmethods="0"/>
        <line num="1" count="40" type="stmt"/>
      </file>
      <file name="customDropdownStyle.js" path="/Users/hemalatharamachandran/Documents/Univ_documents/SEP/SEP203/client/src/assets/jss/material-kit-react/components/customDropdownStyle.js">
        <metrics statements="1" coveredstatements="1" conditionals="0" coveredconditionals="0" methods="1" coveredmethods="1"/>
        <line num="17" count="40" type="stmt"/>
      </file>
      <file name="customInputStyle.js" path="/Users/hemalatharamachandran/Documents/Univ_documents/SEP/SEP203/client/src/assets/jss/material-kit-react/components/customInputStyle.js">
        <metrics statements="1" coveredstatements="1" conditionals="0" coveredconditionals="0" methods="0" coveredmethods="0"/>
        <line num="8" count="40" type="stmt"/>
      </file>
      <file name="footerStyle.js" path="/Users/hemalatharamachandran/Documents/Univ_documents/SEP/SEP203/client/src/assets/jss/material-kit-react/components/footerStyle.js">
        <metrics statements="1" coveredstatements="1" conditionals="0" coveredconditionals="0" methods="0" coveredmethods="0"/>
        <line num="3" count="40" type="stmt"/>
      </file>
      <file name="headerLinksStyle.js" path="/Users/hemalatharamachandran/Documents/Univ_documents/SEP/SEP203/client/src/assets/jss/material-kit-react/components/headerLinksStyle.js">
        <metrics statements="1" coveredstatements="1" conditionals="0" coveredconditionals="0" methods="1" coveredmethods="1"/>
        <line num="5" count="40" type="stmt"/>
      </file>
      <file name="headerStyle.js" path="/Users/hemalatharamachandran/Documents/Univ_documents/SEP/SEP203/client/src/assets/jss/material-kit-react/components/headerStyle.js">
        <metrics statements="1" coveredstatements="1" conditionals="0" coveredconditionals="0" methods="0" coveredmethods="0"/>
        <line num="15" count="40" type="stmt"/>
      </file>
      <file name="parallaxStyle.js" path="/Users/hemalatharamachandran/Documents/Univ_documents/SEP/SEP203/client/src/assets/jss/material-kit-react/components/parallaxStyle.js">
        <metrics statements="1" coveredstatements="1" conditionals="0" coveredconditionals="0" methods="0" coveredmethods="0"/>
        <line num="1" count="40" type="stmt"/>
      </file>
    </package>
    <package name="src.assets.jss.material-kit-react.views">
      <metrics statements="4" coveredstatements="4" conditionals="0" coveredconditionals="0" methods="0" coveredmethods="0"/>
      <file name="landingPage.js" path="/Users/hemalatharamachandran/Documents/Univ_documents/SEP/SEP203/client/src/assets/jss/material-kit-react/views/landingPage.js">
        <metrics statements="3" coveredstatements="3" conditionals="0" coveredconditionals="0" methods="0" coveredmethods="0"/>
        <line num="3" count="40" type="stmt"/>
        <line num="11" count="40" type="stmt"/>
        <line num="27" count="40" type="stmt"/>
      </file>
      <file name="loginPage.js" path="/Users/hemalatharamachandran/Documents/Univ_documents/SEP/SEP203/client/src/assets/jss/material-kit-react/views/loginPage.js">
        <metrics statements="1" coveredstatements="1" conditionals="0" coveredconditionals="0" methods="0" coveredmethods="0"/>
        <line num="3" count="40" type="stmt"/>
      </file>
    </package>
    <package name="src.assets.jss.material-kit-react.views.componentsSections">
      <metrics statements="1" coveredstatements="1" conditionals="0" coveredconditionals="0" methods="0" coveredmethods="0"/>
      <file name="carouselStyle.js" path="/Users/hemalatharamachandran/Documents/Univ_documents/SEP/SEP203/client/src/assets/jss/material-kit-react/views/componentsSections/carouselStyle.js">
        <metrics statements="1" coveredstatements="1" conditionals="0" coveredconditionals="0" methods="0" coveredmethods="0"/>
        <line num="3" count="40" type="stmt"/>
      </file>
    </package>
    <package name="src.components.Card">
      <metrics statements="24" coveredstatements="24" conditionals="0" coveredconditionals="0" methods="4" coveredmethods="4"/>
      <file name="Card.js" path="/Users/hemalatharamachandran/Documents/Univ_documents/SEP/SEP203/client/src/components/Card/Card.js">
        <metrics statements="6" coveredstatements="6" conditionals="0" coveredconditionals="0" methods="1" coveredmethods="1"/>
        <line num="13" count="40" type="stmt"/>
        <line num="16" count="4798" type="stmt"/>
        <line num="17" count="4798" type="stmt"/>
        <line num="18" count="4798" type="stmt"/>
        <line num="24" count="4798" type="stmt"/>
        <line num="31" count="40" type="stmt"/>
      </file>
      <file name="CardBody.js" path="/Users/hemalatharamachandran/Documents/Univ_documents/SEP/SEP203/client/src/components/Card/CardBody.js">
        <metrics statements="6" coveredstatements="6" conditionals="0" coveredconditionals="0" methods="1" coveredmethods="1"/>
        <line num="13" count="40" type="stmt"/>
        <line num="16" count="4798" type="stmt"/>
        <line num="17" count="4798" type="stmt"/>
        <line num="18" count="4798" type="stmt"/>
        <line num="22" count="4798" type="stmt"/>
        <line num="29" count="40" type="stmt"/>
      </file>
      <file name="CardFooter.js" path="/Users/hemalatharamachandran/Documents/Univ_documents/SEP/SEP203/client/src/components/Card/CardFooter.js">
        <metrics statements="6" coveredstatements="6" conditionals="0" coveredconditionals="0" methods="1" coveredmethods="1"/>
        <line num="13" count="40" type="stmt"/>
        <line num="16" count="4798" type="stmt"/>
        <line num="17" count="4798" type="stmt"/>
        <line num="18" count="4798" type="stmt"/>
        <line num="22" count="4798" type="stmt"/>
        <line num="29" count="40" type="stmt"/>
      </file>
      <file name="CardHeader.js" path="/Users/hemalatharamachandran/Documents/Univ_documents/SEP/SEP203/client/src/components/Card/CardHeader.js">
        <metrics statements="6" coveredstatements="6" conditionals="0" coveredconditionals="0" methods="1" coveredmethods="1"/>
        <line num="13" count="40" type="stmt"/>
        <line num="16" count="4798" type="stmt"/>
        <line num="17" count="4798" type="stmt"/>
        <line num="18" count="4798" type="stmt"/>
        <line num="24" count="4798" type="stmt"/>
        <line num="31" count="40" type="stmt"/>
      </file>
    </package>
    <package name="src.components.CustomButtons">
      <metrics statements="7" coveredstatements="7" conditionals="0" coveredconditionals="0" methods="2" coveredmethods="2"/>
      <file name="Button.js" path="/Users/hemalatharamachandran/Documents/Univ_documents/SEP/SEP203/client/src/components/CustomButtons/Button.js">
        <metrics statements="7" coveredstatements="7" conditionals="0" coveredconditionals="0" methods="2" coveredmethods="2"/>
        <line num="15" count="40" type="stmt"/>
        <line num="19" count="40" type="stmt"/>
        <line num="33" count="6105" type="stmt"/>
        <line num="35" count="6105" type="stmt"/>
        <line num="37" count="6105" type="stmt"/>
        <line num="50" count="6105" type="stmt"/>
        <line num="57" count="40" type="stmt"/>
      </file>
    </package>
    <package name="src.components.CustomDropdown">
      <metrics statements="36" coveredstatements="25" conditionals="31" coveredconditionals="16" methods="9" coveredmethods="6"/>
      <file name="CustomDropdown.js" path="/Users/hemalatharamachandran/Documents/Univ_documents/SEP/SEP203/client/src/components/CustomDropdown/CustomDropdown.js">
        <metrics statements="36" coveredstatements="25" conditionals="31" coveredconditionals="16" methods="9" coveredmethods="6"/>
        <line num="23" count="40" type="stmt"/>
        <line num="26" count="66" type="stmt"/>
        <line num="27" count="66" type="stmt"/>
        <line num="28" count="11" type="cond" truecount="2" falsecount="2"/>
        <line num="29" count="0" type="stmt"/>
        <line num="31" count="11" type="stmt"/>
        <line num="34" count="66" type="stmt"/>
        <line num="35" count="11" type="stmt"/>
        <line num="36" count="11" type="cond" truecount="3" falsecount="1"/>
        <line num="37" count="0" type="stmt"/>
        <line num="40" count="66" type="stmt"/>
        <line num="41" count="0" type="cond" truecount="0" falsecount="2"/>
        <line num="42" count="0" type="stmt"/>
        <line num="44" count="0" type="stmt"/>
        <line num="46" count="66" type="stmt"/>
        <line num="59" count="66" type="stmt"/>
        <line num="60" count="66" type="stmt"/>
        <line num="65" count="66" type="stmt"/>
        <line num="71" count="66" type="stmt"/>
        <line num="72" count="66" type="cond" truecount="1" falsecount="2"/>
        <line num="74" count="0" type="stmt"/>
        <line num="75" count="0" type="stmt"/>
        <line num="77" count="0" type="stmt"/>
        <line num="78" count="0" type="stmt"/>
        <line num="80" count="66" type="stmt"/>
        <line num="81" count="66" type="stmt"/>
        <line num="83" count="66" type="stmt"/>
        <line num="118" count="14" type="stmt"/>
        <line num="132" count="0" type="stmt"/>
        <line num="139" count="98" type="cond" truecount="2" falsecount="0"/>
        <line num="140" count="42" type="stmt"/>
        <line num="143" count="0" type="stmt"/>
        <line num="148" count="56" type="stmt"/>
        <line num="151" count="11" type="stmt"/>
        <line num="168" count="40" type="stmt"/>
        <line num="173" count="40" type="stmt"/>
      </file>
    </package>
    <package name="src.components.CustomInput">
      <metrics statements="12" coveredstatements="11" conditionals="8" coveredconditionals="4" methods="1" coveredmethods="1"/>
      <file name="CustomInput.js" path="/Users/hemalatharamachandran/Documents/Univ_documents/SEP/SEP203/client/src/components/CustomInput/CustomInput.js">
        <metrics statements="12" coveredstatements="11" conditionals="8" coveredconditionals="4" methods="1" coveredmethods="1"/>
        <line num="14" count="40" type="stmt"/>
        <line num="17" count="38526" type="stmt"/>
        <line num="28" count="38526" type="stmt"/>
        <line num="30" count="38526" type="stmt"/>
        <line num="34" count="38526" type="stmt"/>
        <line num="40" count="38526" type="stmt"/>
        <line num="43" count="38526" type="stmt"/>
        <line num="48" count="38526" type="cond" truecount="1" falsecount="1"/>
        <line num="49" count="38526" type="stmt"/>
        <line num="54" count="0" type="stmt"/>
        <line num="56" count="38526" type="stmt"/>
        <line num="81" count="40" type="stmt"/>
      </file>
    </package>
    <package name="src.components.Footer">
      <metrics statements="7" coveredstatements="7" conditionals="0" coveredconditionals="0" methods="1" coveredmethods="1"/>
      <file name="Footer.js" path="/Users/hemalatharamachandran/Documents/Univ_documents/SEP/SEP203/client/src/components/Footer/Footer.js">
        <metrics statements="7" coveredstatements="7" conditionals="0" coveredconditionals="0" methods="1" coveredmethods="1"/>
        <line num="16" count="40" type="stmt"/>
        <line num="19" count="4798" type="stmt"/>
        <line num="20" count="4798" type="stmt"/>
        <line num="21" count="4798" type="stmt"/>
        <line num="25" count="4798" type="stmt"/>
        <line num="29" count="4798" type="stmt"/>
        <line num="89" count="40" type="stmt"/>
      </file>
    </package>
    <package name="src.components.Grid">
      <metrics statements="14" coveredstatements="14" conditionals="0" coveredconditionals="0" methods="2" coveredmethods="2"/>
      <file name="GridContainer.js" path="/Users/hemalatharamachandran/Documents/Univ_documents/SEP/SEP203/client/src/components/Grid/GridContainer.js">
        <metrics statements="7" coveredstatements="7" conditionals="0" coveredconditionals="0" methods="1" coveredmethods="1"/>
        <line num="9" count="40" type="stmt"/>
        <line num="17" count="40" type="stmt"/>
        <line num="20" count="4798" type="stmt"/>
        <line num="21" count="4798" type="stmt"/>
        <line num="22" count="4798" type="stmt"/>
        <line num="29" count="40" type="stmt"/>
        <line num="33" count="40" type="stmt"/>
      </file>
      <file name="GridItem.js" path="/Users/hemalatharamachandran/Documents/Univ_documents/SEP/SEP203/client/src/components/Grid/GridItem.js">
        <metrics statements="7" coveredstatements="7" conditionals="0" coveredconditionals="0" methods="1" coveredmethods="1"/>
        <line num="8" count="40" type="stmt"/>
        <line num="19" count="40" type="stmt"/>
        <line num="22" count="4798" type="stmt"/>
        <line num="23" count="4798" type="stmt"/>
        <line num="24" count="4798" type="stmt"/>
        <line num="31" count="40" type="stmt"/>
        <line num="35" count="40" type="stmt"/>
      </file>
    </package>
    <package name="src.components.Header">
      <metrics statements="33" coveredstatements="23" conditionals="14" coveredconditionals="8" methods="7" coveredmethods="5"/>
      <file name="Header.js" path="/Users/hemalatharamachandran/Documents/Univ_documents/SEP/SEP203/client/src/components/Header/Header.js">
        <metrics statements="25" coveredstatements="15" conditionals="10" coveredconditionals="4" methods="5" coveredmethods="3"/>
        <line num="20" count="40" type="stmt"/>
        <line num="23" count="40" type="stmt"/>
        <line num="24" count="40" type="stmt"/>
        <line num="25" count="40" type="stmt"/>
        <line num="26" count="40" type="cond" truecount="1" falsecount="1"/>
        <line num="27" count="0" type="stmt"/>
        <line num="29" count="40" type="stmt"/>
        <line num="30" count="3" type="cond" truecount="1" falsecount="1"/>
        <line num="31" count="0" type="stmt"/>
        <line num="35" count="40" type="stmt"/>
        <line num="36" count="0" type="stmt"/>
        <line num="38" count="40" type="stmt"/>
        <line num="39" count="0" type="stmt"/>
        <line num="40" count="0" type="stmt"/>
        <line num="41" count="0" type="cond" truecount="0" falsecount="2"/>
        <line num="42" count="0" type="stmt"/>
        <line num="45" count="0" type="stmt"/>
        <line num="49" count="0" type="stmt"/>
        <line num="52" count="0" type="stmt"/>
        <line num="57" count="40" type="stmt"/>
        <line num="58" count="40" type="stmt"/>
        <line num="65" count="40" type="stmt"/>
        <line num="69" count="40" type="stmt"/>
        <line num="115" count="40" type="stmt"/>
        <line num="119" count="40" type="stmt"/>
      </file>
      <file name="HeaderLinks.js" path="/Users/hemalatharamachandran/Documents/Univ_documents/SEP/SEP203/client/src/components/Header/HeaderLinks.js">
        <metrics statements="8" coveredstatements="8" conditionals="4" coveredconditionals="4" methods="2" coveredmethods="2"/>
        <line num="22" count="40" type="stmt"/>
        <line num="24" count="40" type="stmt"/>
        <line num="25" count="127" type="stmt"/>
        <line num="28" count="127" type="stmt"/>
        <line num="53" count="127" type="stmt"/>
        <line num="116" count="127" type="stmt"/>
        <line num="125" count="40" type="stmt"/>
        <line num="130" count="187" type="stmt"/>
      </file>
    </package>
    <package name="src.components.Parallax">
      <metrics statements="19" coveredstatements="2" conditionals="6" coveredconditionals="0" methods="4" coveredmethods="0"/>
      <file name="Parallax.js" path="/Users/hemalatharamachandran/Documents/Univ_documents/SEP/SEP203/client/src/components/Parallax/Parallax.js">
        <metrics statements="19" coveredstatements="2" conditionals="6" coveredconditionals="0" methods="4" coveredmethods="0"/>
        <line num="12" count="40" type="stmt"/>
        <line num="16" count="0" type="cond" truecount="0" falsecount="2"/>
        <line num="17" count="0" type="stmt"/>
        <line num="19" count="0" type="stmt"/>
        <line num="21" count="0" type="stmt"/>
        <line num="24" count="0" type="stmt"/>
        <line num="25" count="0" type="cond" truecount="0" falsecount="2"/>
        <line num="26" count="0" type="stmt"/>
        <line num="28" count="0" type="stmt"/>
        <line num="29" count="0" type="cond" truecount="0" falsecount="2"/>
        <line num="30" count="0" type="stmt"/>
        <line num="34" count="0" type="stmt"/>
        <line num="35" count="0" type="stmt"/>
        <line num="36" count="0" type="stmt"/>
        <line num="38" count="0" type="stmt"/>
        <line num="39" count="0" type="stmt"/>
        <line num="40" count="0" type="stmt"/>
        <line num="46" count="0" type="stmt"/>
        <line num="60" count="40" type="stmt"/>
      </file>
    </package>
    <package name="src.components.ProductGallary">
      <metrics statements="3" coveredstatements="0" conditionals="0" coveredconditionals="0" methods="1" coveredmethods="0"/>
      <file name="ProductGallary.js" path="/Users/hemalatharamachandran/Documents/Univ_documents/SEP/SEP203/client/src/components/ProductGallary/ProductGallary.js">
        <metrics statements="3" coveredstatements="0" conditionals="0" coveredconditionals="0" methods="1" coveredmethods="0"/>
        <line num="5" count="0" type="stmt"/>
        <line num="6" count="0" type="stmt"/>
        <line num="7" count="0" type="stmt"/>
      </file>
    </package>
    <package name="src.components.Routing">
      <metrics statements="4" coveredstatements="4" conditionals="4" coveredconditionals="4" methods="3" coveredmethods="3"/>
      <file name="PrivateRoute.js" path="/Users/hemalatharamachandran/Documents/Univ_documents/SEP/SEP203/client/src/components/Routing/PrivateRoute.js">
        <metrics statements="4" coveredstatements="4" conditionals="4" coveredconditionals="4" methods="3" coveredmethods="3"/>
        <line num="7" count="40" type="stmt"/>
        <line num="8" count="85" type="cond" truecount="4" falsecount="0"/>
        <line num="13" count="40" type="stmt"/>
        <line num="17" count="104" type="stmt"/>
      </file>
    </package>
    <package name="src.reducers">
      <metrics statements="19" coveredstatements="19" conditionals="16" coveredconditionals="14" methods="2" coveredmethods="2"/>
      <file name="auth.js" path="/Users/hemalatharamachandran/Documents/Univ_documents/SEP/SEP203/client/src/reducers/auth.js">
        <metrics statements="12" coveredstatements="12" conditionals="10" coveredconditionals="8" methods="1" coveredmethods="1"/>
        <line num="12" count="40" type="stmt"/>
        <line num="20" count="269" type="stmt"/>
        <line num="21" count="269" type="cond" truecount="7" falsecount="2"/>
        <line num="23" count="20" type="stmt"/>
        <line num="30" count="3" type="stmt"/>
        <line num="31" count="3" type="stmt"/>
        <line num="38" count="21" type="stmt"/>
        <line num="39" count="21" type="stmt"/>
        <line num="40" count="21" type="stmt"/>
        <line num="51" count="43" type="stmt"/>
        <line num="52" count="43" type="stmt"/>
        <line num="60" count="182" type="stmt"/>
      </file>
      <file name="index.js" path="/Users/hemalatharamachandran/Documents/Univ_documents/SEP/SEP203/client/src/reducers/index.js">
        <metrics statements="0" coveredstatements="0" conditionals="0" coveredconditionals="0" methods="0" coveredmethods="0"/>
      </file>
      <file name="profile.js" path="/Users/hemalatharamachandran/Documents/Univ_documents/SEP/SEP203/client/src/reducers/profile.js">
        <metrics statements="7" coveredstatements="7" conditionals="6" coveredconditionals="6" methods="1" coveredmethods="1"/>
        <line num="9" count="40" type="stmt"/>
        <line num="17" count="269" type="stmt"/>
        <line num="19" count="269" type="cond" truecount="5" falsecount="0"/>
        <line num="22" count="37" type="stmt"/>
        <line num="28" count="3" type="stmt"/>
        <line num="35" count="22" type="stmt"/>
        <line num="41" count="207" type="stmt"/>
      </file>
    </package>
    <package name="src.utils">
      <metrics statements="5" coveredstatements="4" conditionals="2" coveredconditionals="1" methods="1" coveredmethods="1"/>
      <file name="setAuthToken.js" path="/Users/hemalatharamachandran/Documents/Univ_documents/SEP/SEP203/client/src/utils/setAuthToken.js">
        <metrics statements="5" coveredstatements="4" conditionals="2" coveredconditionals="1" methods="1" coveredmethods="1"/>
        <line num="3" count="40" type="stmt"/>
        <line num="4" count="21" type="cond" truecount="1" falsecount="1"/>
        <line num="5" count="21" type="stmt"/>
        <line num="6" count="21" type="stmt"/>
        <line num="8" count="0" type="stmt"/>
      </file>
    </package>
    <package name="src.views.Components.Sections">
      <metrics statements="4" coveredstatements="1" conditionals="0" coveredconditionals="0" methods="1" coveredmethods="0"/>
      <file name="SectionCarousel.js" path="/Users/hemalatharamachandran/Documents/Univ_documents/SEP/SEP203/client/src/views/Components/Sections/SectionCarousel.js">
        <metrics statements="4" coveredstatements="1" conditionals="0" coveredconditionals="0" methods="1" coveredmethods="0"/>
        <line num="17" count="40" type="stmt"/>
        <line num="20" count="0" type="stmt"/>
        <line num="21" count="0" type="stmt"/>
        <line num="29" count="0" type="stmt"/>
      </file>
    </package>
    <package name="src.views.Dashboard">
      <metrics statements="8" coveredstatements="8" conditionals="8" coveredconditionals="8" methods="5" coveredmethods="5"/>
      <file name="Dashboard.js" path="/Users/hemalatharamachandran/Documents/Univ_documents/SEP/SEP203/client/src/views/Dashboard/Dashboard.js">
        <metrics statements="7" coveredstatements="7" conditionals="8" coveredconditionals="8" methods="4" coveredmethods="4"/>
        <line num="9" count="40" type="stmt"/>
        <line num="15" count="92" type="stmt"/>
        <line num="16" count="35" type="stmt"/>
        <line num="18" count="92" type="cond" truecount="4" falsecount="0"/>
        <line num="29" count="7" type="stmt"/>
        <line num="45" count="40" type="stmt"/>
        <line num="52" count="92" type="stmt"/>
      </file>
      <file name="Spinner.js" path="/Users/hemalatharamachandran/Documents/Univ_documents/SEP/SEP203/client/src/views/Dashboard/Spinner.js">
        <metrics statements="1" coveredstatements="1" conditionals="0" coveredconditionals="0" methods="1" coveredmethods="1"/>
        <line num="6" count="21" type="stmt"/>
      </file>
    </package>
    <package name="src.views.EmailVerifyPage">
      <metrics statements="2" coveredstatements="2" conditionals="0" coveredconditionals="0" methods="1" coveredmethods="1"/>
      <file name="EmailVerifyPage.js" path="/Users/hemalatharamachandran/Documents/Univ_documents/SEP/SEP203/client/src/views/EmailVerifyPage/EmailVerifyPage.js">
        <metrics statements="2" coveredstatements="2" conditionals="0" coveredconditionals="0" methods="1" coveredmethods="1"/>
        <line num="3" count="40" type="stmt"/>
        <line num="4" count="3" type="stmt"/>
      </file>
    </package>
    <package name="src.views.LandingPage">
      <metrics statements="3" coveredstatements="1" conditionals="0" coveredconditionals="0" methods="1" coveredmethods="0"/>
      <file name="LandingPage.js" path="/Users/hemalatharamachandran/Documents/Univ_documents/SEP/SEP203/client/src/views/LandingPage/LandingPage.js">
        <metrics statements="3" coveredstatements="1" conditionals="0" coveredconditionals="0" methods="1" coveredmethods="0"/>
        <line num="23" count="40" type="stmt"/>
        <line num="26" count="0" type="stmt"/>
        <line num="27" count="0" type="stmt"/>
      </file>
    </package>
    <package name="src.views.LoginPage">
      <metrics statements="24" coveredstatements="23" conditionals="2" coveredconditionals="2" methods="9" coveredmethods="8"/>
      <file name="LoginPage.js" path="/Users/hemalatharamachandran/Documents/Univ_documents/SEP/SEP203/client/src/views/LoginPage/LoginPage.js">
        <metrics statements="24" coveredstatements="23" conditionals="2" coveredconditionals="2" methods="9" coveredmethods="8"/>
        <line num="28" count="40" type="stmt"/>
        <line num="29" count="40" type="stmt"/>
        <line num="30" count="441" type="stmt"/>
        <line num="31" count="441" type="stmt"/>
        <line num="32" count="376" type="stmt"/>
        <line num="34" count="441" type="stmt"/>
        <line num="36" count="441" type="stmt"/>
        <line num="41" count="441" type="stmt"/>
        <line num="43" count="441" type="stmt"/>
        <line num="44" count="292" type="stmt"/>
        <line num="49" count="441" type="stmt"/>
        <line num="50" count="23" type="stmt"/>
        <line num="51" count="23" type="stmt"/>
        <line num="52" count="23" type="stmt"/>
        <line num="56" count="441" type="cond" truecount="2" falsecount="0"/>
        <line num="57" count="21" type="stmt"/>
        <line num="58" count="21" type="stmt"/>
        <line num="60" count="420" type="stmt"/>
        <line num="74" count="23" type="stmt"/>
        <line num="83" count="0" type="stmt"/>
        <line num="102" count="144" type="stmt"/>
        <line num="121" count="148" type="stmt"/>
        <line num="149" count="40" type="stmt"/>
        <line num="154" count="78" type="stmt"/>
      </file>
    </package>
    <package name="src.views.ProfilePage">
      <metrics statements="52" coveredstatements="42" conditionals="36" coveredconditionals="27" methods="30" coveredmethods="20"/>
      <file name="CreateProfile.js" path="/Users/hemalatharamachandran/Documents/Univ_documents/SEP/SEP203/client/src/views/ProfilePage/CreateProfile.js">
        <metrics statements="24" coveredstatements="21" conditionals="0" coveredconditionals="0" methods="14" coveredmethods="11"/>
        <line num="31" count="40" type="stmt"/>
        <line num="35" count="4923" type="stmt"/>
        <line num="36" count="4923" type="stmt"/>
        <line num="37" count="4827" type="stmt"/>
        <line num="40" count="4923" type="stmt"/>
        <line num="51" count="4923" type="stmt"/>
        <line num="54" count="4923" type="stmt"/>
        <line num="57" count="4923" type="stmt"/>
        <line num="58" count="3684" type="stmt"/>
        <line num="66" count="4923" type="stmt"/>
        <line num="67" count="9" type="stmt"/>
        <line num="68" count="9" type="stmt"/>
        <line num="76" count="4923" type="stmt"/>
        <line num="90" count="9" type="stmt"/>
        <line num="108" count="1159" type="stmt"/>
        <line num="125" count="0" type="stmt"/>
        <line num="143" count="686" type="stmt"/>
        <line num="161" count="341" type="stmt"/>
        <line num="180" count="274" type="stmt"/>
        <line num="199" count="424" type="stmt"/>
        <line num="218" count="800" type="stmt"/>
        <line num="236" count="0" type="stmt"/>
        <line num="254" count="0" type="stmt"/>
        <line num="280" count="40" type="stmt"/>
      </file>
      <file name="EditProfile.js" path="/Users/hemalatharamachandran/Documents/Univ_documents/SEP/SEP203/client/src/views/ProfilePage/EditProfile.js">
        <metrics statements="28" coveredstatements="21" conditionals="36" coveredconditionals="27" methods="16" coveredmethods="9"/>
        <line num="31" count="40" type="stmt"/>
        <line num="37" count="261" type="stmt"/>
        <line num="38" count="261" type="stmt"/>
        <line num="39" count="227" type="stmt"/>
        <line num="42" count="261" type="stmt"/>
        <line num="53" count="261" type="stmt"/>
        <line num="55" count="261" type="stmt"/>
        <line num="56" count="11" type="stmt"/>
        <line num="57" count="11" type="stmt"/>
        <line num="71" count="261" type="stmt"/>
        <line num="74" count="261" type="stmt"/>
        <line num="75" count="162" type="stmt"/>
        <line num="83" count="261" type="stmt"/>
        <line num="84" count="6" type="stmt"/>
        <line num="85" count="6" type="stmt"/>
        <line num="94" count="261" type="stmt"/>
        <line num="108" count="6" type="stmt"/>
        <line num="126" count="102" type="stmt"/>
        <line num="143" count="0" type="stmt"/>
        <line num="161" count="0" type="stmt"/>
        <line num="179" count="0" type="stmt"/>
        <line num="198" count="0" type="stmt"/>
        <line num="217" count="0" type="stmt"/>
        <line num="236" count="0" type="stmt"/>
        <line num="254" count="60" type="stmt"/>
        <line num="272" count="0" type="stmt"/>
        <line num="302" count="40" type="stmt"/>
        <line num="308" count="40" type="stmt"/>
      </file>
    </package>
    <package name="src.views.RegisterPage">
      <metrics statements="26" coveredstatements="25" conditionals="4" coveredconditionals="3" methods="11" coveredmethods="11"/>
      <file name="RegisterPage.js" path="/Users/hemalatharamachandran/Documents/Univ_documents/SEP/SEP203/client/src/views/RegisterPage/RegisterPage.js">
        <metrics statements="26" coveredstatements="25" conditionals="4" coveredconditionals="3" methods="11" coveredmethods="11"/>
        <line num="30" count="40" type="stmt"/>
        <line num="33" count="681" type="stmt"/>
        <line num="34" count="681" type="stmt"/>
        <line num="35" count="541" type="stmt"/>
        <line num="38" count="681" type="stmt"/>
        <line num="45" count="681" type="stmt"/>
        <line num="48" count="681" type="stmt"/>
        <line num="49" count="467" type="stmt"/>
        <line num="54" count="681" type="stmt"/>
        <line num="57" count="681" type="stmt"/>
        <line num="58" count="3" type="stmt"/>
        <line num="59" count="3" type="stmt"/>
        <line num="60" count="3" type="cond" truecount="1" falsecount="1"/>
        <line num="61" count="0" type="stmt"/>
        <line num="63" count="3" type="stmt"/>
        <line num="67" count="681" type="cond" truecount="2" falsecount="0"/>
        <line num="68" count="3" type="stmt"/>
        <line num="70" count="678" type="stmt"/>
        <line num="84" count="3" type="stmt"/>
        <line num="111" count="84" type="stmt"/>
        <line num="129" count="93" type="stmt"/>
        <line num="147" count="194" type="stmt"/>
        <line num="165" count="48" type="stmt"/>
        <line num="186" count="48" type="stmt"/>
        <line num="214" count="40" type="stmt"/>
        <line num="219" count="40" type="stmt"/>
      </file>
    </package>
  </project>
</coverage>
