{"/Users/hemalatharamachandran/Documents/Univ_documents/SEP/SEP203/routes/api/auth.js": {"path":"/Users/hemalatharamachandran/Documents/Univ_documents/SEP/SEP203/routes/api/auth.js","statementMap":{"0":{"start":{"line":1,"column":16},"end":{"line":1,"column":34}},"1":{"start":{"line":2,"column":15},"end":{"line":2,"column":31}},"2":{"start":{"line":3,"column":15},"end":{"line":3,"column":34}},"3":{"start":{"line":4,"column":13},"end":{"line":4,"column":45}},"4":{"start":{"line":5,"column":12},"end":{"line":5,"column":35}},"5":{"start":{"line":6,"column":15},"end":{"line":6,"column":32}},"6":{"start":{"line":7,"column":36},"end":{"line":7,"column":64}},"7":{"start":{"line":9,"column":13},"end":{"line":9,"column":42}},"8":{"start":{"line":14,"column":0},"end":{"line":23,"column":3}},"9":{"start":{"line":15,"column":2},"end":{"line":22,"column":3}},"10":{"start":{"line":16,"column":17},"end":{"line":16,"column":69}},"11":{"start":{"line":17,"column":4},"end":{"line":17,"column":19}},"12":{"start":{"line":21,"column":4},"end":{"line":21,"column":41}},"13":{"start":{"line":28,"column":0},"end":{"line":84,"column":2}},"14":{"start":{"line":37,"column":19},"end":{"line":37,"column":40}},"15":{"start":{"line":44,"column":35},"end":{"line":44,"column":43}},"16":{"start":{"line":86,"column":0},"end":{"line":86,"column":24}}},"fnMap":{"0":{"name":"(anonymous_0)","decl":{"start":{"line":14,"column":22},"end":{"line":14,"column":23}},"loc":{"start":{"line":14,"column":42},"end":{"line":23,"column":1}},"line":14},"1":{"name":"(anonymous_1)","decl":{"start":{"line":36,"column":2},"end":{"line":36,"column":3}},"loc":{"start":{"line":36,"column":22},"end":{"line":83,"column":3}},"line":36}},"branchMap":{},"s":{"0":1,"1":1,"2":1,"3":1,"4":1,"5":1,"6":1,"7":1,"8":1,"9":0,"10":0,"11":0,"12":0,"13":1,"14":3,"15":3,"16":1},"f":{"0":0,"1":3},"b":{},"_coverageSchema":"1a1c01bbd47fc00a2c39e90264f33305004495a9","hash":"af7e72ddcf938ff32fcec2f952afb261c525248d"}
,"/Users/hemalatharamachandran/Documents/Univ_documents/SEP/SEP203/routes/api/category.js": {"path":"/Users/hemalatharamachandran/Documents/Univ_documents/SEP/SEP203/routes/api/category.js","statementMap":{"0":{"start":{"line":1,"column":16},"end":{"line":1,"column":34}},"1":{"start":{"line":2,"column":15},"end":{"line":2,"column":31}},"2":{"start":{"line":3,"column":13},"end":{"line":3,"column":45}},"3":{"start":{"line":4,"column":29},"end":{"line":4,"column":57}},"4":{"start":{"line":5,"column":17},"end":{"line":5,"column":49}},"5":{"start":{"line":6,"column":20},"end":{"line":6,"column":55}},"6":{"start":{"line":12,"column":0},"end":{"line":41,"column":3}},"7":{"start":{"line":13,"column":17},"end":{"line":13,"column":38}},"8":{"start":{"line":14,"column":2},"end":{"line":17,"column":3}},"9":{"start":{"line":19,"column":19},"end":{"line":19,"column":27}},"10":{"start":{"line":20,"column":25},"end":{"line":20,"column":27}},"11":{"start":{"line":21,"column":2},"end":{"line":21,"column":39}},"12":{"start":{"line":21,"column":12},"end":{"line":21,"column":39}},"13":{"start":{"line":23,"column":2},"end":{"line":40,"column":3}},"14":{"start":{"line":24,"column":19},"end":{"line":24,"column":51}},"15":{"start":{"line":26,"column":4},"end":{"line":30,"column":5}},"16":{"start":{"line":27,"column":6},"end":{"line":29,"column":75}},"17":{"start":{"line":33,"column":4},"end":{"line":33,"column":44}},"18":{"start":{"line":35,"column":4},"end":{"line":35,"column":26}},"19":{"start":{"line":36,"column":4},"end":{"line":36,"column":23}},"20":{"start":{"line":47,"column":0},"end":{"line":55,"column":3}},"21":{"start":{"line":48,"column":2},"end":{"line":54,"column":3}},"22":{"start":{"line":49,"column":23},"end":{"line":49,"column":44}},"23":{"start":{"line":50,"column":4},"end":{"line":50,"column":25}},"24":{"start":{"line":61,"column":0},"end":{"line":79,"column":3}},"25":{"start":{"line":62,"column":2},"end":{"line":78,"column":3}},"26":{"start":{"line":63,"column":21},"end":{"line":65,"column":6}},"27":{"start":{"line":67,"column":4},"end":{"line":67,"column":79}},"28":{"start":{"line":67,"column":19},"end":{"line":67,"column":79}},"29":{"start":{"line":69,"column":4},"end":{"line":69,"column":23}},"30":{"start":{"line":71,"column":4},"end":{"line":71,"column":31}},"31":{"start":{"line":85,"column":0},"end":{"line":112,"column":3}},"32":{"start":{"line":86,"column":17},"end":{"line":86,"column":38}},"33":{"start":{"line":87,"column":2},"end":{"line":90,"column":3}},"34":{"start":{"line":92,"column":19},"end":{"line":92,"column":27}},"35":{"start":{"line":93,"column":25},"end":{"line":93,"column":27}},"36":{"start":{"line":94,"column":2},"end":{"line":94,"column":39}},"37":{"start":{"line":94,"column":12},"end":{"line":94,"column":39}},"38":{"start":{"line":96,"column":2},"end":{"line":111,"column":3}},"39":{"start":{"line":97,"column":19},"end":{"line":97,"column":74}},"40":{"start":{"line":99,"column":4},"end":{"line":107,"column":5}},"41":{"start":{"line":101,"column":6},"end":{"line":105,"column":8}},"42":{"start":{"line":106,"column":6},"end":{"line":106,"column":32}},"43":{"start":{"line":118,"column":0},"end":{"line":135,"column":3}},"44":{"start":{"line":119,"column":2},"end":{"line":134,"column":3}},"45":{"start":{"line":120,"column":29},"end":{"line":120,"column":105}},"46":{"start":{"line":121,"column":4},"end":{"line":129,"column":5}},"47":{"start":{"line":122,"column":6},"end":{"line":122,"column":58}},"48":{"start":{"line":125,"column":6},"end":{"line":127,"column":9}},"49":{"start":{"line":128,"column":6},"end":{"line":128,"column":44}},"50":{"start":{"line":137,"column":0},"end":{"line":137,"column":24}}},"fnMap":{"0":{"name":"(anonymous_0)","decl":{"start":{"line":12,"column":23},"end":{"line":12,"column":24}},"loc":{"start":{"line":12,"column":43},"end":{"line":41,"column":1}},"line":12},"1":{"name":"(anonymous_1)","decl":{"start":{"line":47,"column":22},"end":{"line":47,"column":23}},"loc":{"start":{"line":47,"column":42},"end":{"line":55,"column":1}},"line":47},"2":{"name":"(anonymous_2)","decl":{"start":{"line":61,"column":34},"end":{"line":61,"column":35}},"loc":{"start":{"line":61,"column":54},"end":{"line":79,"column":1}},"line":61},"3":{"name":"(anonymous_3)","decl":{"start":{"line":85,"column":35},"end":{"line":85,"column":36}},"loc":{"start":{"line":85,"column":55},"end":{"line":112,"column":1}},"line":85},"4":{"name":"(anonymous_4)","decl":{"start":{"line":118,"column":37},"end":{"line":118,"column":38}},"loc":{"start":{"line":118,"column":57},"end":{"line":135,"column":1}},"line":118}},"branchMap":{"0":{"loc":{"start":{"line":14,"column":2},"end":{"line":17,"column":3}},"type":"if","locations":[{"start":{"line":14,"column":2},"end":{"line":17,"column":3}},{"start":{"line":14,"column":2},"end":{"line":17,"column":3}}],"line":14},"1":{"loc":{"start":{"line":21,"column":2},"end":{"line":21,"column":39}},"type":"if","locations":[{"start":{"line":21,"column":2},"end":{"line":21,"column":39}},{"start":{"line":21,"column":2},"end":{"line":21,"column":39}}],"line":21},"2":{"loc":{"start":{"line":26,"column":4},"end":{"line":30,"column":5}},"type":"if","locations":[{"start":{"line":26,"column":4},"end":{"line":30,"column":5}},{"start":{"line":26,"column":4},"end":{"line":30,"column":5}}],"line":26},"3":{"loc":{"start":{"line":67,"column":4},"end":{"line":67,"column":79}},"type":"if","locations":[{"start":{"line":67,"column":4},"end":{"line":67,"column":79}},{"start":{"line":67,"column":4},"end":{"line":67,"column":79}}],"line":67},"4":{"loc":{"start":{"line":87,"column":2},"end":{"line":90,"column":3}},"type":"if","locations":[{"start":{"line":87,"column":2},"end":{"line":90,"column":3}},{"start":{"line":87,"column":2},"end":{"line":90,"column":3}}],"line":87},"5":{"loc":{"start":{"line":94,"column":2},"end":{"line":94,"column":39}},"type":"if","locations":[{"start":{"line":94,"column":2},"end":{"line":94,"column":39}},{"start":{"line":94,"column":2},"end":{"line":94,"column":39}}],"line":94},"6":{"loc":{"start":{"line":99,"column":4},"end":{"line":107,"column":5}},"type":"if","locations":[{"start":{"line":99,"column":4},"end":{"line":107,"column":5}},{"start":{"line":99,"column":4},"end":{"line":107,"column":5}}],"line":99},"7":{"loc":{"start":{"line":121,"column":4},"end":{"line":129,"column":5}},"type":"if","locations":[{"start":{"line":121,"column":4},"end":{"line":129,"column":5}},{"start":{"line":121,"column":4},"end":{"line":129,"column":5}}],"line":121}},"s":{"0":1,"1":1,"2":1,"3":1,"4":1,"5":1,"6":1,"7":0,"8":0,"9":0,"10":0,"11":0,"12":0,"13":0,"14":0,"15":0,"16":0,"17":0,"18":0,"19":0,"20":1,"21":0,"22":0,"23":0,"24":1,"25":0,"26":0,"27":0,"28":0,"29":0,"30":0,"31":1,"32":0,"33":0,"34":0,"35":0,"36":0,"37":0,"38":0,"39":0,"40":0,"41":0,"42":0,"43":1,"44":0,"45":0,"46":0,"47":0,"48":0,"49":0,"50":1},"f":{"0":0,"1":0,"2":0,"3":0,"4":0},"b":{"0":[0,0],"1":[0,0],"2":[0,0],"3":[0,0],"4":[0,0],"5":[0,0],"6":[0,0],"7":[0,0]},"_coverageSchema":"1a1c01bbd47fc00a2c39e90264f33305004495a9","hash":"f4ce0c7a71aef4e38bd650fa26ab90ff93f9d14b"}
,"/Users/hemalatharamachandran/Documents/Univ_documents/SEP/SEP203/routes/api/product.js": {"path":"/Users/hemalatharamachandran/Documents/Univ_documents/SEP/SEP203/routes/api/product.js","statementMap":{"0":{"start":{"line":1,"column":16},"end":{"line":1,"column":34}},"1":{"start":{"line":2,"column":15},"end":{"line":2,"column":31}},"2":{"start":{"line":3,"column":13},"end":{"line":3,"column":45}},"3":{"start":{"line":4,"column":18},"end":{"line":4,"column":46}},"4":{"start":{"line":5,"column":16},"end":{"line":5,"column":47}},"5":{"start":{"line":6,"column":13},"end":{"line":6,"column":42}},"6":{"start":{"line":7,"column":17},"end":{"line":7,"column":49}},"7":{"start":{"line":8,"column":16},"end":{"line":8,"column":47}},"8":{"start":{"line":9,"column":22},"end":{"line":9,"column":42}},"9":{"start":{"line":10,"column":19},"end":{"line":10,"column":40}},"10":{"start":{"line":11,"column":10},"end":{"line":11,"column":27}},"11":{"start":{"line":12,"column":11},"end":{"line":12,"column":24}},"12":{"start":{"line":13,"column":25},"end":{"line":13,"column":64}},"13":{"start":{"line":19,"column":0},"end":{"line":30,"column":3}},"14":{"start":{"line":20,"column":2},"end":{"line":29,"column":3}},"15":{"start":{"line":21,"column":21},"end":{"line":24,"column":21}},"16":{"start":{"line":25,"column":4},"end":{"line":25,"column":23}},"17":{"start":{"line":39,"column":0},"end":{"line":58,"column":3}},"18":{"start":{"line":40,"column":14},"end":{"line":40,"column":55}},"19":{"start":{"line":41,"column":15},"end":{"line":41,"column":58}},"20":{"start":{"line":42,"column":14},"end":{"line":42,"column":61}},"21":{"start":{"line":44,"column":2},"end":{"line":57,"column":9}},"22":{"start":{"line":50,"column":10},"end":{"line":55,"column":11}},"23":{"start":{"line":51,"column":12},"end":{"line":51,"column":29}},"24":{"start":{"line":52,"column":14},"end":{"line":54,"column":17}},"25":{"start":{"line":56,"column":10},"end":{"line":56,"column":29}},"26":{"start":{"line":65,"column":0},"end":{"line":81,"column":3}},"27":{"start":{"line":66,"column":2},"end":{"line":66,"column":63}},"28":{"start":{"line":67,"column":14},"end":{"line":67,"column":61}},"29":{"start":{"line":69,"column":2},"end":{"line":80,"column":9}},"30":{"start":{"line":73,"column":8},"end":{"line":73,"column":51}},"31":{"start":{"line":74,"column":10},"end":{"line":78,"column":11}},"32":{"start":{"line":75,"column":14},"end":{"line":77,"column":17}},"33":{"start":{"line":79,"column":10},"end":{"line":79,"column":29}},"34":{"start":{"line":89,"column":0},"end":{"line":101,"column":3}},"35":{"start":{"line":90,"column":2},"end":{"line":100,"column":3}},"36":{"start":{"line":92,"column":4},"end":{"line":97,"column":5}},"37":{"start":{"line":98,"column":4},"end":{"line":98,"column":26}},"38":{"start":{"line":99,"column":4},"end":{"line":99,"column":11}},"39":{"start":{"line":112,"column":0},"end":{"line":116,"column":2}},"40":{"start":{"line":113,"column":2},"end":{"line":113,"column":41}},"41":{"start":{"line":114,"column":2},"end":{"line":114,"column":31}},"42":{"start":{"line":115,"column":2},"end":{"line":115,"column":31}},"43":{"start":{"line":125,"column":0},"end":{"line":212,"column":3}},"44":{"start":{"line":146,"column":15},"end":{"line":146,"column":44}},"45":{"start":{"line":147,"column":4},"end":{"line":147,"column":30}},"46":{"start":{"line":148,"column":4},"end":{"line":210,"column":5}},"47":{"start":{"line":149,"column":6},"end":{"line":154,"column":7}},"48":{"start":{"line":157,"column":21},"end":{"line":157,"column":32}},"49":{"start":{"line":158,"column":19},"end":{"line":158,"column":40}},"50":{"start":{"line":159,"column":6},"end":{"line":164,"column":7}},"51":{"start":{"line":167,"column":94},"end":{"line":167,"column":100}},"52":{"start":{"line":171,"column":6},"end":{"line":171,"column":120}},"53":{"start":{"line":179,"column":20},"end":{"line":179,"column":39}},"54":{"start":{"line":180,"column":6},"end":{"line":180,"column":30}},"55":{"start":{"line":184,"column":5},"end":{"line":194,"column":6}},"56":{"start":{"line":192,"column":7},"end":{"line":192,"column":61}},"57":{"start":{"line":193,"column":7},"end":{"line":193,"column":51}},"58":{"start":{"line":198,"column":4},"end":{"line":209,"column":7}},"59":{"start":{"line":208,"column":5},"end":{"line":208,"column":22}},"60":{"start":{"line":220,"column":0},"end":{"line":240,"column":2}},"61":{"start":{"line":221,"column":16},"end":{"line":221,"column":27}},"62":{"start":{"line":222,"column":15},"end":{"line":222,"column":26}},"63":{"start":{"line":223,"column":15},"end":{"line":223,"column":36}},"64":{"start":{"line":228,"column":4},"end":{"line":238,"column":6}},"65":{"start":{"line":235,"column":6},"end":{"line":237,"column":8}},"66":{"start":{"line":249,"column":0},"end":{"line":255,"column":3}},"67":{"start":{"line":250,"column":2},"end":{"line":253,"column":1}},"68":{"start":{"line":251,"column":4},"end":{"line":251,"column":59}},"69":{"start":{"line":252,"column":4},"end":{"line":252,"column":44}},"70":{"start":{"line":254,"column":0},"end":{"line":254,"column":7}},"71":{"start":{"line":263,"column":0},"end":{"line":323,"column":3}},"72":{"start":{"line":264,"column":13},"end":{"line":264,"column":42}},"73":{"start":{"line":265,"column":4},"end":{"line":265,"column":30}},"74":{"start":{"line":266,"column":4},"end":{"line":322,"column":5}},"75":{"start":{"line":267,"column":6},"end":{"line":272,"column":7}},"76":{"start":{"line":273,"column":19},"end":{"line":273,"column":30}},"77":{"start":{"line":274,"column":19},"end":{"line":274,"column":40}},"78":{"start":{"line":285,"column":76},"end":{"line":285,"column":82}},"79":{"start":{"line":286,"column":6},"end":{"line":286,"column":100}},"80":{"start":{"line":287,"column":6},"end":{"line":291,"column":7}},"81":{"start":{"line":288,"column":10},"end":{"line":290,"column":13}},"82":{"start":{"line":292,"column":22},"end":{"line":292,"column":33}},"83":{"start":{"line":293,"column":8},"end":{"line":293,"column":31}},"84":{"start":{"line":294,"column":8},"end":{"line":294,"column":44}},"85":{"start":{"line":310,"column":6},"end":{"line":321,"column":9}},"86":{"start":{"line":319,"column":8},"end":{"line":319,"column":25}},"87":{"start":{"line":327,"column":0},"end":{"line":327,"column":24}}},"fnMap":{"0":{"name":"(anonymous_0)","decl":{"start":{"line":19,"column":36},"end":{"line":19,"column":37}},"loc":{"start":{"line":19,"column":56},"end":{"line":30,"column":1}},"line":19},"1":{"name":"(anonymous_1)","decl":{"start":{"line":39,"column":24},"end":{"line":39,"column":25}},"loc":{"start":{"line":39,"column":44},"end":{"line":58,"column":1}},"line":39},"2":{"name":"(anonymous_2)","decl":{"start":{"line":49,"column":12},"end":{"line":49,"column":13}},"loc":{"start":{"line":49,"column":31},"end":{"line":57,"column":7}},"line":49},"3":{"name":"(anonymous_3)","decl":{"start":{"line":65,"column":44},"end":{"line":65,"column":45}},"loc":{"start":{"line":65,"column":58},"end":{"line":81,"column":1}},"line":65},"4":{"name":"(anonymous_4)","decl":{"start":{"line":72,"column":12},"end":{"line":72,"column":13}},"loc":{"start":{"line":72,"column":31},"end":{"line":80,"column":7}},"line":72},"5":{"name":"(anonymous_5)","decl":{"start":{"line":89,"column":27},"end":{"line":89,"column":28}},"loc":{"start":{"line":89,"column":57},"end":{"line":101,"column":1}},"line":89},"6":{"name":"(anonymous_6)","decl":{"start":{"line":91,"column":9},"end":{"line":91,"column":10}},"loc":{"start":{"line":91,"column":27},"end":{"line":100,"column":1}},"line":91},"7":{"name":"(anonymous_7)","decl":{"start":{"line":112,"column":25},"end":{"line":112,"column":26}},"loc":{"start":{"line":112,"column":39},"end":{"line":116,"column":1}},"line":112},"8":{"name":"(anonymous_8)","decl":{"start":{"line":144,"column":9},"end":{"line":144,"column":10}},"loc":{"start":{"line":144,"column":29},"end":{"line":212,"column":1}},"line":144},"9":{"name":"(anonymous_9)","decl":{"start":{"line":148,"column":21},"end":{"line":148,"column":22}},"loc":{"start":{"line":148,"column":45},"end":{"line":210,"column":3}},"line":148},"10":{"name":"(anonymous_10)","decl":{"start":{"line":198,"column":17},"end":{"line":198,"column":18}},"loc":{"start":{"line":198,"column":35},"end":{"line":209,"column":5}},"line":198},"11":{"name":"(anonymous_11)","decl":{"start":{"line":220,"column":37},"end":{"line":220,"column":38}},"loc":{"start":{"line":220,"column":57},"end":{"line":240,"column":1}},"line":220},"12":{"name":"(anonymous_12)","decl":{"start":{"line":228,"column":26},"end":{"line":228,"column":27}},"loc":{"start":{"line":228,"column":34},"end":{"line":238,"column":5}},"line":228},"13":{"name":"(anonymous_13)","decl":{"start":{"line":249,"column":31},"end":{"line":249,"column":32}},"loc":{"start":{"line":249,"column":51},"end":{"line":255,"column":2}},"line":249},"14":{"name":"(anonymous_14)","decl":{"start":{"line":263,"column":32},"end":{"line":263,"column":33}},"loc":{"start":{"line":263,"column":44},"end":{"line":323,"column":1}},"line":263},"15":{"name":"(anonymous_15)","decl":{"start":{"line":266,"column":21},"end":{"line":266,"column":22}},"loc":{"start":{"line":266,"column":45},"end":{"line":322,"column":3}},"line":266},"16":{"name":"(anonymous_16)","decl":{"start":{"line":310,"column":19},"end":{"line":310,"column":20}},"loc":{"start":{"line":310,"column":36},"end":{"line":321,"column":7}},"line":310}},"branchMap":{"0":{"loc":{"start":{"line":40,"column":14},"end":{"line":40,"column":55}},"type":"cond-expr","locations":[{"start":{"line":40,"column":32},"end":{"line":40,"column":47}},{"start":{"line":40,"column":50},"end":{"line":40,"column":55}}],"line":40},"1":{"loc":{"start":{"line":41,"column":15},"end":{"line":41,"column":58}},"type":"cond-expr","locations":[{"start":{"line":41,"column":34},"end":{"line":41,"column":50}},{"start":{"line":41,"column":53},"end":{"line":41,"column":58}}],"line":41},"2":{"loc":{"start":{"line":42,"column":14},"end":{"line":42,"column":61}},"type":"cond-expr","locations":[{"start":{"line":42,"column":32},"end":{"line":42,"column":57}},{"start":{"line":42,"column":60},"end":{"line":42,"column":61}}],"line":42},"3":{"loc":{"start":{"line":50,"column":10},"end":{"line":55,"column":11}},"type":"if","locations":[{"start":{"line":50,"column":10},"end":{"line":55,"column":11}},{"start":{"line":50,"column":10},"end":{"line":55,"column":11}}],"line":50},"4":{"loc":{"start":{"line":67,"column":14},"end":{"line":67,"column":61}},"type":"cond-expr","locations":[{"start":{"line":67,"column":32},"end":{"line":67,"column":57}},{"start":{"line":67,"column":60},"end":{"line":67,"column":61}}],"line":67},"5":{"loc":{"start":{"line":74,"column":10},"end":{"line":78,"column":11}},"type":"if","locations":[{"start":{"line":74,"column":10},"end":{"line":78,"column":11}},{"start":{"line":74,"column":10},"end":{"line":78,"column":11}}],"line":74},"6":{"loc":{"start":{"line":92,"column":4},"end":{"line":97,"column":5}},"type":"if","locations":[{"start":{"line":92,"column":4},"end":{"line":97,"column":5}},{"start":{"line":92,"column":4},"end":{"line":97,"column":5}}],"line":92},"7":{"loc":{"start":{"line":92,"column":8},"end":{"line":92,"column":23}},"type":"binary-expr","locations":[{"start":{"line":92,"column":8},"end":{"line":92,"column":11}},{"start":{"line":92,"column":15},"end":{"line":92,"column":23}}],"line":92},"8":{"loc":{"start":{"line":149,"column":6},"end":{"line":154,"column":7}},"type":"if","locations":[{"start":{"line":149,"column":6},"end":{"line":154,"column":7}},{"start":{"line":149,"column":6},"end":{"line":154,"column":7}}],"line":149},"9":{"loc":{"start":{"line":159,"column":6},"end":{"line":164,"column":7}},"type":"if","locations":[{"start":{"line":159,"column":6},"end":{"line":164,"column":7}},{"start":{"line":159,"column":6},"end":{"line":164,"column":7}}],"line":159},"10":{"loc":{"start":{"line":184,"column":5},"end":{"line":194,"column":6}},"type":"if","locations":[{"start":{"line":184,"column":5},"end":{"line":194,"column":6}},{"start":{"line":184,"column":5},"end":{"line":194,"column":6}}],"line":184},"11":{"loc":{"start":{"line":250,"column":2},"end":{"line":253,"column":1}},"type":"if","locations":[{"start":{"line":250,"column":2},"end":{"line":253,"column":1}},{"start":{"line":250,"column":2},"end":{"line":253,"column":1}}],"line":250},"12":{"loc":{"start":{"line":267,"column":6},"end":{"line":272,"column":7}},"type":"if","locations":[{"start":{"line":267,"column":6},"end":{"line":272,"column":7}},{"start":{"line":267,"column":6},"end":{"line":272,"column":7}}],"line":267},"13":{"loc":{"start":{"line":287,"column":6},"end":{"line":291,"column":7}},"type":"if","locations":[{"start":{"line":287,"column":6},"end":{"line":291,"column":7}},{"start":{"line":287,"column":6},"end":{"line":291,"column":7}}],"line":287},"14":{"loc":{"start":{"line":287,"column":10},"end":{"line":287,"column":83}},"type":"binary-expr","locations":[{"start":{"line":287,"column":10},"end":{"line":287,"column":15}},{"start":{"line":287,"column":19},"end":{"line":287,"column":31}},{"start":{"line":287,"column":35},"end":{"line":287,"column":41}},{"start":{"line":287,"column":45},"end":{"line":287,"column":57}},{"start":{"line":287,"column":61},"end":{"line":287,"column":70}},{"start":{"line":287,"column":74},"end":{"line":287,"column":83}}],"line":287}},"s":{"0":1,"1":1,"2":1,"3":1,"4":1,"5":1,"6":1,"7":1,"8":1,"9":1,"10":1,"11":1,"12":1,"13":1,"14":0,"15":0,"16":0,"17":1,"18":0,"19":0,"20":0,"21":0,"22":0,"23":0,"24":0,"25":0,"26":1,"27":0,"28":0,"29":0,"30":0,"31":0,"32":0,"33":0,"34":1,"35":0,"36":0,"37":0,"38":0,"39":1,"40":0,"41":0,"42":0,"43":1,"44":0,"45":0,"46":0,"47":0,"48":0,"49":0,"50":0,"51":0,"52":0,"53":0,"54":0,"55":0,"56":0,"57":0,"58":0,"59":0,"60":1,"61":0,"62":0,"63":0,"64":0,"65":0,"66":1,"67":0,"68":0,"69":0,"70":0,"71":1,"72":0,"73":0,"74":0,"75":0,"76":0,"77":0,"78":0,"79":0,"80":0,"81":0,"82":0,"83":0,"84":0,"85":0,"86":0,"87":1},"f":{"0":0,"1":0,"2":0,"3":0,"4":0,"5":0,"6":0,"7":0,"8":0,"9":0,"10":0,"11":0,"12":0,"13":0,"14":0,"15":0,"16":0},"b":{"0":[0,0],"1":[0,0],"2":[0,0],"3":[0,0],"4":[0,0],"5":[0,0],"6":[0,0],"7":[0,0],"8":[0,0],"9":[0,0],"10":[0,0],"11":[0,0],"12":[0,0],"13":[0,0],"14":[0,0,0,0,0,0]},"_coverageSchema":"1a1c01bbd47fc00a2c39e90264f33305004495a9","hash":"50dc86c0418a823aad7b37e3e929388741f31642"}
,"/Users/hemalatharamachandran/Documents/Univ_documents/SEP/SEP203/routes/api/profile.js": {"path":"/Users/hemalatharamachandran/Documents/Univ_documents/SEP/SEP203/routes/api/profile.js","statementMap":{"0":{"start":{"line":1,"column":16},"end":{"line":1,"column":34}},"1":{"start":{"line":2,"column":15},"end":{"line":2,"column":31}},"2":{"start":{"line":3,"column":13},"end":{"line":3,"column":45}},"3":{"start":{"line":4,"column":16},"end":{"line":4,"column":47}},"4":{"start":{"line":5,"column":14},"end":{"line":5,"column":43}},"5":{"start":{"line":6,"column":36},"end":{"line":6,"column":64}},"6":{"start":{"line":7,"column":19},"end":{"line":7,"column":40}},"7":{"start":{"line":8,"column":15},"end":{"line":8,"column":35}},"8":{"start":{"line":9,"column":9},"end":{"line":9,"column":22}},"9":{"start":{"line":15,"column":0},"end":{"line":36,"column":3}},"10":{"start":{"line":16,"column":2},"end":{"line":35,"column":3}},"11":{"start":{"line":17,"column":4},"end":{"line":17,"column":45}},"12":{"start":{"line":18,"column":24},"end":{"line":20,"column":43}},"13":{"start":{"line":21,"column":4},"end":{"line":26,"column":5}},"14":{"start":{"line":22,"column":6},"end":{"line":22,"column":44}},"15":{"start":{"line":23,"column":6},"end":{"line":25,"column":61}},"16":{"start":{"line":42,"column":0},"end":{"line":60,"column":3}},"17":{"start":{"line":43,"column":2},"end":{"line":59,"column":3}},"18":{"start":{"line":44,"column":17},"end":{"line":44,"column":55}},"19":{"start":{"line":45,"column":4},"end":{"line":53,"column":61}},"20":{"start":{"line":46,"column":23},"end":{"line":46,"column":80}},"21":{"start":{"line":47,"column":6},"end":{"line":47,"column":25}},"22":{"start":{"line":51,"column":6},"end":{"line":53,"column":56}},"23":{"start":{"line":58,"column":4},"end":{"line":58,"column":41}},"24":{"start":{"line":66,"column":0},"end":{"line":81,"column":3}},"25":{"start":{"line":67,"column":2},"end":{"line":79,"column":3}},"26":{"start":{"line":68,"column":20},"end":{"line":68,"column":105}},"27":{"start":{"line":69,"column":4},"end":{"line":71,"column":5}},"28":{"start":{"line":70,"column":6},"end":{"line":70,"column":64}},"29":{"start":{"line":72,"column":4},"end":{"line":72,"column":29}},"30":{"start":{"line":78,"column":4},"end":{"line":78,"column":41}},"31":{"start":{"line":83,"column":0},"end":{"line":148,"column":4}},"32":{"start":{"line":84,"column":15},"end":{"line":84,"column":44}},"33":{"start":{"line":85,"column":17},"end":{"line":85,"column":55}},"34":{"start":{"line":86,"column":4},"end":{"line":86,"column":44}},"35":{"start":{"line":88,"column":21},"end":{"line":101,"column":6}},"36":{"start":{"line":89,"column":6},"end":{"line":100,"column":9}},"37":{"start":{"line":90,"column":23},"end":{"line":90,"column":34}},"38":{"start":{"line":91,"column":40},"end":{"line":91,"column":46}},"39":{"start":{"line":92,"column":8},"end":{"line":92,"column":27}},"40":{"start":{"line":93,"column":8},"end":{"line":93,"column":29}},"41":{"start":{"line":94,"column":8},"end":{"line":94,"column":25}},"42":{"start":{"line":95,"column":8},"end":{"line":95,"column":69}},"43":{"start":{"line":96,"column":8},"end":{"line":98,"column":9}},"44":{"start":{"line":97,"column":10},"end":{"line":97,"column":74}},"45":{"start":{"line":99,"column":8},"end":{"line":99,"column":24}},"46":{"start":{"line":104,"column":26},"end":{"line":104,"column":50}},"47":{"start":{"line":105,"column":5},"end":{"line":105,"column":46}},"48":{"start":{"line":106,"column":5},"end":{"line":143,"column":6}},"49":{"start":{"line":107,"column":7},"end":{"line":141,"column":8}},"50":{"start":{"line":108,"column":9},"end":{"line":108,"column":41}},"51":{"start":{"line":109,"column":31},"end":{"line":109,"column":33}},"52":{"start":{"line":110,"column":9},"end":{"line":110,"column":42}},"53":{"start":{"line":111,"column":9},"end":{"line":111,"column":36}},"54":{"start":{"line":112,"column":9},"end":{"line":112,"column":49}},"55":{"start":{"line":113,"column":9},"end":{"line":113,"column":108}},"56":{"start":{"line":114,"column":9},"end":{"line":114,"column":59}},"57":{"start":{"line":115,"column":25},"end":{"line":115,"column":51}},"58":{"start":{"line":116,"column":9},"end":{"line":116,"column":43}},"59":{"start":{"line":117,"column":9},"end":{"line":117,"column":57}},"60":{"start":{"line":120,"column":8},"end":{"line":131,"column":11}},"61":{"start":{"line":121,"column":10},"end":{"line":121,"column":83}},"62":{"start":{"line":122,"column":10},"end":{"line":122,"column":49}},"63":{"start":{"line":123,"column":10},"end":{"line":129,"column":17}},"64":{"start":{"line":130,"column":10},"end":{"line":130,"column":57}},"65":{"start":{"line":146,"column":6},"end":{"line":146,"column":52}},"66":{"start":{"line":147,"column":6},"end":{"line":147,"column":27}},"67":{"start":{"line":155,"column":0},"end":{"line":260,"column":2}},"68":{"start":{"line":184,"column":19},"end":{"line":184,"column":40}},"69":{"start":{"line":185,"column":4},"end":{"line":187,"column":5}},"70":{"start":{"line":186,"column":6},"end":{"line":186,"column":62}},"71":{"start":{"line":198,"column":8},"end":{"line":198,"column":16}},"72":{"start":{"line":201,"column":26},"end":{"line":201,"column":28}},"73":{"start":{"line":202,"column":4},"end":{"line":202,"column":37}},"74":{"start":{"line":205,"column":4},"end":{"line":205,"column":31}},"75":{"start":{"line":206,"column":4},"end":{"line":208,"column":5}},"76":{"start":{"line":207,"column":6},"end":{"line":207,"column":48}},"77":{"start":{"line":213,"column":4},"end":{"line":215,"column":5}},"78":{"start":{"line":214,"column":6},"end":{"line":214,"column":40}},"79":{"start":{"line":216,"column":4},"end":{"line":218,"column":5}},"80":{"start":{"line":217,"column":6},"end":{"line":217,"column":42}},"81":{"start":{"line":219,"column":4},"end":{"line":221,"column":5}},"82":{"start":{"line":220,"column":6},"end":{"line":220,"column":46}},"83":{"start":{"line":222,"column":4},"end":{"line":224,"column":5}},"84":{"start":{"line":223,"column":6},"end":{"line":223,"column":46}},"85":{"start":{"line":226,"column":4},"end":{"line":228,"column":5}},"86":{"start":{"line":227,"column":6},"end":{"line":227,"column":42}},"87":{"start":{"line":229,"column":4},"end":{"line":231,"column":5}},"88":{"start":{"line":230,"column":6},"end":{"line":230,"column":46}},"89":{"start":{"line":232,"column":4},"end":{"line":234,"column":5}},"90":{"start":{"line":233,"column":6},"end":{"line":233,"column":52}},"91":{"start":{"line":236,"column":4},"end":{"line":258,"column":5}},"92":{"start":{"line":237,"column":20},"end":{"line":237,"column":64}},"93":{"start":{"line":239,"column":6},"end":{"line":246,"column":7}},"94":{"start":{"line":240,"column":8},"end":{"line":244,"column":10}},"95":{"start":{"line":245,"column":8},"end":{"line":245,"column":33}},"96":{"start":{"line":248,"column":6},"end":{"line":248,"column":43}},"97":{"start":{"line":250,"column":6},"end":{"line":250,"column":27}},"98":{"start":{"line":251,"column":6},"end":{"line":251,"column":31}},"99":{"start":{"line":266,"column":0},"end":{"line":285,"column":3}},"100":{"start":{"line":267,"column":4},"end":{"line":284,"column":5}},"101":{"start":{"line":268,"column":28},"end":{"line":268,"column":69}},"102":{"start":{"line":269,"column":8},"end":{"line":271,"column":9}},"103":{"start":{"line":270,"column":12},"end":{"line":270,"column":49}},"104":{"start":{"line":272,"column":21},"end":{"line":272,"column":59}},"105":{"start":{"line":273,"column":8},"end":{"line":275,"column":9}},"106":{"start":{"line":274,"column":12},"end":{"line":274,"column":39}},"107":{"start":{"line":276,"column":8},"end":{"line":276,"column":40}},"108":{"start":{"line":287,"column":0},"end":{"line":287,"column":24}}},"fnMap":{"0":{"name":"(anonymous_0)","decl":{"start":{"line":15,"column":24},"end":{"line":15,"column":25}},"loc":{"start":{"line":15,"column":44},"end":{"line":36,"column":1}},"line":15},"1":{"name":"(anonymous_1)","decl":{"start":{"line":42,"column":22},"end":{"line":42,"column":23}},"loc":{"start":{"line":42,"column":42},"end":{"line":60,"column":1}},"line":42},"2":{"name":"(anonymous_2)","decl":{"start":{"line":66,"column":30},"end":{"line":66,"column":31}},"loc":{"start":{"line":66,"column":48},"end":{"line":81,"column":1}},"line":66},"3":{"name":"(anonymous_3)","decl":{"start":{"line":83,"column":36},"end":{"line":83,"column":37}},"loc":{"start":{"line":83,"column":54},"end":{"line":148,"column":3}},"line":83},"4":{"name":"(anonymous_4)","decl":{"start":{"line":88,"column":39},"end":{"line":88,"column":40}},"loc":{"start":{"line":88,"column":64},"end":{"line":101,"column":5}},"line":88},"5":{"name":"(anonymous_5)","decl":{"start":{"line":89,"column":21},"end":{"line":89,"column":22}},"loc":{"start":{"line":89,"column":37},"end":{"line":100,"column":7}},"line":89},"6":{"name":"(anonymous_6)","decl":{"start":{"line":183,"column":2},"end":{"line":183,"column":3}},"loc":{"start":{"line":183,"column":22},"end":{"line":259,"column":3}},"line":183},"7":{"name":"(anonymous_7)","decl":{"start":{"line":266,"column":25},"end":{"line":266,"column":26}},"loc":{"start":{"line":266,"column":43},"end":{"line":285,"column":1}},"line":266}},"branchMap":{"0":{"loc":{"start":{"line":21,"column":4},"end":{"line":26,"column":5}},"type":"if","locations":[{"start":{"line":21,"column":4},"end":{"line":26,"column":5}},{"start":{"line":21,"column":4},"end":{"line":26,"column":5}}],"line":21},"1":{"loc":{"start":{"line":45,"column":4},"end":{"line":53,"column":61}},"type":"if","locations":[{"start":{"line":45,"column":4},"end":{"line":53,"column":61}},{"start":{"line":45,"column":4},"end":{"line":53,"column":61}}],"line":45},"2":{"loc":{"start":{"line":69,"column":4},"end":{"line":71,"column":5}},"type":"if","locations":[{"start":{"line":69,"column":4},"end":{"line":71,"column":5}},{"start":{"line":69,"column":4},"end":{"line":71,"column":5}}],"line":69},"3":{"loc":{"start":{"line":96,"column":8},"end":{"line":98,"column":9}},"type":"if","locations":[{"start":{"line":96,"column":8},"end":{"line":98,"column":9}},{"start":{"line":96,"column":8},"end":{"line":98,"column":9}}],"line":96},"4":{"loc":{"start":{"line":96,"column":11},"end":{"line":96,"column":40}},"type":"binary-expr","locations":[{"start":{"line":96,"column":11},"end":{"line":96,"column":16}},{"start":{"line":96,"column":20},"end":{"line":96,"column":29}},{"start":{"line":96,"column":33},"end":{"line":96,"column":40}}],"line":96},"5":{"loc":{"start":{"line":106,"column":5},"end":{"line":143,"column":6}},"type":"if","locations":[{"start":{"line":106,"column":5},"end":{"line":143,"column":6}},{"start":{"line":106,"column":5},"end":{"line":143,"column":6}}],"line":106},"6":{"loc":{"start":{"line":106,"column":8},"end":{"line":106,"column":85}},"type":"binary-expr","locations":[{"start":{"line":106,"column":8},"end":{"line":106,"column":33}},{"start":{"line":106,"column":37},"end":{"line":106,"column":60}},{"start":{"line":106,"column":64},"end":{"line":106,"column":85}}],"line":106},"7":{"loc":{"start":{"line":107,"column":7},"end":{"line":141,"column":8}},"type":"if","locations":[{"start":{"line":107,"column":7},"end":{"line":141,"column":8}},{"start":{"line":107,"column":7},"end":{"line":141,"column":8}}],"line":107},"8":{"loc":{"start":{"line":120,"column":8},"end":{"line":131,"column":11}},"type":"if","locations":[{"start":{"line":120,"column":8},"end":{"line":131,"column":11}},{"start":{"line":120,"column":8},"end":{"line":131,"column":11}}],"line":120},"9":{"loc":{"start":{"line":185,"column":4},"end":{"line":187,"column":5}},"type":"if","locations":[{"start":{"line":185,"column":4},"end":{"line":187,"column":5}},{"start":{"line":185,"column":4},"end":{"line":187,"column":5}}],"line":185},"10":{"loc":{"start":{"line":206,"column":4},"end":{"line":208,"column":5}},"type":"if","locations":[{"start":{"line":206,"column":4},"end":{"line":208,"column":5}},{"start":{"line":206,"column":4},"end":{"line":208,"column":5}}],"line":206},"11":{"loc":{"start":{"line":213,"column":4},"end":{"line":215,"column":5}},"type":"if","locations":[{"start":{"line":213,"column":4},"end":{"line":215,"column":5}},{"start":{"line":213,"column":4},"end":{"line":215,"column":5}}],"line":213},"12":{"loc":{"start":{"line":216,"column":4},"end":{"line":218,"column":5}},"type":"if","locations":[{"start":{"line":216,"column":4},"end":{"line":218,"column":5}},{"start":{"line":216,"column":4},"end":{"line":218,"column":5}}],"line":216},"13":{"loc":{"start":{"line":219,"column":4},"end":{"line":221,"column":5}},"type":"if","locations":[{"start":{"line":219,"column":4},"end":{"line":221,"column":5}},{"start":{"line":219,"column":4},"end":{"line":221,"column":5}}],"line":219},"14":{"loc":{"start":{"line":222,"column":4},"end":{"line":224,"column":5}},"type":"if","locations":[{"start":{"line":222,"column":4},"end":{"line":224,"column":5}},{"start":{"line":222,"column":4},"end":{"line":224,"column":5}}],"line":222},"15":{"loc":{"start":{"line":226,"column":4},"end":{"line":228,"column":5}},"type":"if","locations":[{"start":{"line":226,"column":4},"end":{"line":228,"column":5}},{"start":{"line":226,"column":4},"end":{"line":228,"column":5}}],"line":226},"16":{"loc":{"start":{"line":229,"column":4},"end":{"line":231,"column":5}},"type":"if","locations":[{"start":{"line":229,"column":4},"end":{"line":231,"column":5}},{"start":{"line":229,"column":4},"end":{"line":231,"column":5}}],"line":229},"17":{"loc":{"start":{"line":232,"column":4},"end":{"line":234,"column":5}},"type":"if","locations":[{"start":{"line":232,"column":4},"end":{"line":234,"column":5}},{"start":{"line":232,"column":4},"end":{"line":234,"column":5}}],"line":232},"18":{"loc":{"start":{"line":239,"column":6},"end":{"line":246,"column":7}},"type":"if","locations":[{"start":{"line":239,"column":6},"end":{"line":246,"column":7}},{"start":{"line":239,"column":6},"end":{"line":246,"column":7}}],"line":239},"19":{"loc":{"start":{"line":269,"column":8},"end":{"line":271,"column":9}},"type":"if","locations":[{"start":{"line":269,"column":8},"end":{"line":271,"column":9}},{"start":{"line":269,"column":8},"end":{"line":271,"column":9}}],"line":269},"20":{"loc":{"start":{"line":273,"column":8},"end":{"line":275,"column":9}},"type":"if","locations":[{"start":{"line":273,"column":8},"end":{"line":275,"column":9}},{"start":{"line":273,"column":8},"end":{"line":275,"column":9}}],"line":273}},"s":{"0":1,"1":1,"2":1,"3":1,"4":1,"5":1,"6":1,"7":1,"8":1,"9":1,"10":1,"11":1,"12":1,"13":1,"14":1,"15":1,"16":1,"17":2,"18":2,"19":2,"20":1,"21":1,"22":1,"23":0,"24":1,"25":2,"26":2,"27":2,"28":1,"29":1,"30":0,"31":1,"32":3,"33":3,"34":3,"35":3,"36":3,"37":3,"38":3,"39":3,"40":3,"41":3,"42":3,"43":3,"44":1,"45":2,"46":2,"47":2,"48":2,"49":2,"50":1,"51":1,"52":1,"53":1,"54":1,"55":1,"56":1,"57":1,"58":1,"59":1,"60":1,"61":1,"62":1,"63":1,"64":1,"65":2,"66":2,"67":1,"68":3,"69":3,"70":1,"71":2,"72":2,"73":2,"74":2,"75":2,"76":2,"77":2,"78":2,"79":2,"80":2,"81":2,"82":2,"83":2,"84":2,"85":2,"86":2,"87":2,"88":2,"89":2,"90":2,"91":2,"92":2,"93":2,"94":1,"95":1,"96":1,"97":1,"98":1,"99":1,"100":1,"101":1,"102":1,"103":1,"104":1,"105":1,"106":1,"107":1,"108":1},"f":{"0":1,"1":2,"2":2,"3":3,"4":3,"5":3,"6":3,"7":1},"b":{"0":[1,0],"1":[1,1],"2":[1,1],"3":[1,2],"4":[3,3,3],"5":[2,0],"6":[2,2,2],"7":[1,1],"8":[1,0],"9":[1,2],"10":[2,0],"11":[2,0],"12":[2,0],"13":[2,0],"14":[2,0],"15":[2,0],"16":[2,0],"17":[2,0],"18":[1,1],"19":[1,0],"20":[1,0]},"_coverageSchema":"1a1c01bbd47fc00a2c39e90264f33305004495a9","hash":"0b1d2fc9e264809084f52ba4e2a0c6ac9f264779"}
,"/Users/hemalatharamachandran/Documents/Univ_documents/SEP/SEP203/routes/api/purchase.js": {"path":"/Users/hemalatharamachandran/Documents/Univ_documents/SEP/SEP203/routes/api/purchase.js","statementMap":{"0":{"start":{"line":1,"column":16},"end":{"line":1,"column":34}},"1":{"start":{"line":2,"column":15},"end":{"line":2,"column":31}},"2":{"start":{"line":3,"column":13},"end":{"line":3,"column":45}},"3":{"start":{"line":4,"column":16},"end":{"line":4,"column":44}},"4":{"start":{"line":5,"column":16},"end":{"line":5,"column":47}},"5":{"start":{"line":6,"column":13},"end":{"line":6,"column":42}},"6":{"start":{"line":7,"column":16},"end":{"line":7,"column":47}},"7":{"start":{"line":8,"column":17},"end":{"line":8,"column":49}},"8":{"start":{"line":15,"column":0},"end":{"line":97,"column":3}},"9":{"start":{"line":27,"column":27},"end":{"line":27,"column":65}},"10":{"start":{"line":28,"column":29},"end":{"line":28,"column":43}},"11":{"start":{"line":29,"column":21},"end":{"line":29,"column":59}},"12":{"start":{"line":30,"column":8},"end":{"line":30,"column":62}},"13":{"start":{"line":31,"column":26},"end":{"line":31,"column":46}},"14":{"start":{"line":32,"column":30},"end":{"line":32,"column":70}},"15":{"start":{"line":33,"column":8},"end":{"line":96,"column":9}},"16":{"start":{"line":34,"column":29},"end":{"line":34,"column":46}},"17":{"start":{"line":35,"column":27},"end":{"line":35,"column":42}},"18":{"start":{"line":36,"column":35},"end":{"line":36,"column":37}},"19":{"start":{"line":37,"column":12},"end":{"line":37,"column":49}},"20":{"start":{"line":38,"column":12},"end":{"line":38,"column":60}},"21":{"start":{"line":39,"column":12},"end":{"line":39,"column":49}},"22":{"start":{"line":40,"column":12},"end":{"line":40,"column":47}},"23":{"start":{"line":41,"column":12},"end":{"line":41,"column":43}},"24":{"start":{"line":42,"column":12},"end":{"line":95,"column":13}},"25":{"start":{"line":43,"column":30},"end":{"line":43,"column":58}},"26":{"start":{"line":44,"column":16},"end":{"line":44,"column":38}},"27":{"start":{"line":45,"column":37},"end":{"line":45,"column":61}},"28":{"start":{"line":46,"column":16},"end":{"line":46,"column":57}},"29":{"start":{"line":47,"column":16},"end":{"line":87,"column":14}},"30":{"start":{"line":48,"column":20},"end":{"line":85,"column":14}},"31":{"start":{"line":49,"column":24},"end":{"line":49,"column":56}},"32":{"start":{"line":50,"column":46},"end":{"line":50,"column":48}},"33":{"start":{"line":51,"column":24},"end":{"line":51,"column":57}},"34":{"start":{"line":52,"column":24},"end":{"line":52,"column":51}},"35":{"start":{"line":53,"column":24},"end":{"line":53,"column":65}},"36":{"start":{"line":54,"column":24},"end":{"line":57,"column":67}},"37":{"start":{"line":58,"column":24},"end":{"line":58,"column":74}},"38":{"start":{"line":59,"column":40},"end":{"line":59,"column":66}},"39":{"start":{"line":60,"column":24},"end":{"line":60,"column":58}},"40":{"start":{"line":61,"column":24},"end":{"line":61,"column":72}},"41":{"start":{"line":64,"column":16},"end":{"line":75,"column":21}},"42":{"start":{"line":65,"column":24},"end":{"line":65,"column":99}},"43":{"start":{"line":66,"column":24},"end":{"line":66,"column":63}},"44":{"start":{"line":67,"column":24},"end":{"line":73,"column":31}},"45":{"start":{"line":74,"column":24},"end":{"line":74,"column":71}},"46":{"start":{"line":88,"column":16},"end":{"line":88,"column":42}},"47":{"start":{"line":104,"column":0},"end":{"line":108,"column":2}},"48":{"start":{"line":105,"column":22},"end":{"line":105,"column":42}},"49":{"start":{"line":106,"column":27},"end":{"line":106,"column":89}},"50":{"start":{"line":107,"column":4},"end":{"line":107,"column":36}},"51":{"start":{"line":110,"column":0},"end":{"line":110,"column":24}}},"fnMap":{"0":{"name":"(anonymous_0)","decl":{"start":{"line":26,"column":2},"end":{"line":26,"column":3}},"loc":{"start":{"line":26,"column":21},"end":{"line":97,"column":1}},"line":26},"1":{"name":"(anonymous_1)","decl":{"start":{"line":104,"column":32},"end":{"line":104,"column":33}},"loc":{"start":{"line":104,"column":50},"end":{"line":108,"column":1}},"line":104}},"branchMap":{"0":{"loc":{"start":{"line":33,"column":8},"end":{"line":96,"column":9}},"type":"if","locations":[{"start":{"line":33,"column":8},"end":{"line":96,"column":9}},{"start":{"line":33,"column":8},"end":{"line":96,"column":9}}],"line":33},"1":{"loc":{"start":{"line":47,"column":16},"end":{"line":87,"column":14}},"type":"if","locations":[{"start":{"line":47,"column":16},"end":{"line":87,"column":14}},{"start":{"line":47,"column":16},"end":{"line":87,"column":14}}],"line":47},"2":{"loc":{"start":{"line":47,"column":19},"end":{"line":47,"column":101}},"type":"binary-expr","locations":[{"start":{"line":47,"column":19},"end":{"line":47,"column":51}},{"start":{"line":47,"column":55},"end":{"line":47,"column":77}},{"start":{"line":47,"column":81},"end":{"line":47,"column":101}}],"line":47},"3":{"loc":{"start":{"line":48,"column":20},"end":{"line":85,"column":14}},"type":"if","locations":[{"start":{"line":48,"column":20},"end":{"line":85,"column":14}},{"start":{"line":48,"column":20},"end":{"line":85,"column":14}}],"line":48},"4":{"loc":{"start":{"line":64,"column":16},"end":{"line":75,"column":21}},"type":"if","locations":[{"start":{"line":64,"column":16},"end":{"line":75,"column":21}},{"start":{"line":64,"column":16},"end":{"line":75,"column":21}}],"line":64}},"s":{"0":1,"1":1,"2":1,"3":1,"4":1,"5":1,"6":1,"7":1,"8":1,"9":0,"10":0,"11":0,"12":0,"13":0,"14":0,"15":0,"16":0,"17":0,"18":0,"19":0,"20":0,"21":0,"22":0,"23":0,"24":0,"25":0,"26":0,"27":0,"28":0,"29":0,"30":0,"31":0,"32":0,"33":0,"34":0,"35":0,"36":0,"37":0,"38":0,"39":0,"40":0,"41":0,"42":0,"43":0,"44":0,"45":0,"46":0,"47":1,"48":0,"49":0,"50":0,"51":1},"f":{"0":0,"1":0},"b":{"0":[0,0],"1":[0,0],"2":[0,0,0],"3":[0,0],"4":[0,0]},"_coverageSchema":"1a1c01bbd47fc00a2c39e90264f33305004495a9","hash":"faa3407e298edca20d0aa2050b0362078d7c565a"}
,"/Users/hemalatharamachandran/Documents/Univ_documents/SEP/SEP203/routes/api/subcategory.js": {"path":"/Users/hemalatharamachandran/Documents/Univ_documents/SEP/SEP203/routes/api/subcategory.js","statementMap":{"0":{"start":{"line":1,"column":16},"end":{"line":1,"column":34}},"1":{"start":{"line":2,"column":15},"end":{"line":2,"column":31}},"2":{"start":{"line":3,"column":13},"end":{"line":3,"column":45}},"3":{"start":{"line":4,"column":29},"end":{"line":4,"column":57}},"4":{"start":{"line":5,"column":17},"end":{"line":5,"column":49}},"5":{"start":{"line":6,"column":20},"end":{"line":6,"column":55}},"6":{"start":{"line":7,"column":16},"end":{"line":7,"column":47}},"7":{"start":{"line":12,"column":0},"end":{"line":50,"column":3}},"8":{"start":{"line":13,"column":17},"end":{"line":13,"column":38}},"9":{"start":{"line":14,"column":2},"end":{"line":17,"column":3}},"10":{"start":{"line":19,"column":15},"end":{"line":19,"column":28}},"11":{"start":{"line":20,"column":21},"end":{"line":20,"column":40}},"12":{"start":{"line":21,"column":28},"end":{"line":21,"column":48}},"13":{"start":{"line":22,"column":2},"end":{"line":22,"column":42}},"14":{"start":{"line":22,"column":12},"end":{"line":22,"column":42}},"15":{"start":{"line":23,"column":2},"end":{"line":23,"column":60}},"16":{"start":{"line":23,"column":18},"end":{"line":23,"column":60}},"17":{"start":{"line":24,"column":2},"end":{"line":49,"column":3}},"18":{"start":{"line":25,"column":4},"end":{"line":31,"column":5}},"19":{"start":{"line":26,"column":21},"end":{"line":26,"column":64}},"20":{"start":{"line":28,"column":6},"end":{"line":30,"column":99}},"21":{"start":{"line":33,"column":22},"end":{"line":33,"column":63}},"22":{"start":{"line":35,"column":4},"end":{"line":39,"column":5}},"23":{"start":{"line":36,"column":6},"end":{"line":38,"column":80}},"24":{"start":{"line":42,"column":4},"end":{"line":42,"column":53}},"25":{"start":{"line":44,"column":4},"end":{"line":44,"column":29}},"26":{"start":{"line":45,"column":4},"end":{"line":45,"column":26}},"27":{"start":{"line":56,"column":0},"end":{"line":64,"column":3}},"28":{"start":{"line":57,"column":2},"end":{"line":63,"column":3}},"29":{"start":{"line":58,"column":26},"end":{"line":58,"column":50}},"30":{"start":{"line":59,"column":4},"end":{"line":59,"column":28}},"31":{"start":{"line":70,"column":0},"end":{"line":86,"column":3}},"32":{"start":{"line":71,"column":2},"end":{"line":85,"column":3}},"33":{"start":{"line":72,"column":24},"end":{"line":74,"column":6}},"34":{"start":{"line":76,"column":4},"end":{"line":76,"column":26}},"35":{"start":{"line":78,"column":4},"end":{"line":78,"column":31}},"36":{"start":{"line":92,"column":0},"end":{"line":121,"column":3}},"37":{"start":{"line":93,"column":17},"end":{"line":93,"column":38}},"38":{"start":{"line":94,"column":2},"end":{"line":97,"column":3}},"39":{"start":{"line":99,"column":19},"end":{"line":99,"column":27}},"40":{"start":{"line":100,"column":28},"end":{"line":100,"column":30}},"41":{"start":{"line":101,"column":2},"end":{"line":101,"column":42}},"42":{"start":{"line":101,"column":12},"end":{"line":101,"column":42}},"43":{"start":{"line":103,"column":2},"end":{"line":120,"column":3}},"44":{"start":{"line":104,"column":22},"end":{"line":106,"column":6}},"45":{"start":{"line":108,"column":4},"end":{"line":116,"column":5}},"46":{"start":{"line":110,"column":6},"end":{"line":114,"column":8}},"47":{"start":{"line":115,"column":6},"end":{"line":115,"column":35}},"48":{"start":{"line":127,"column":0},"end":{"line":141,"column":3}},"49":{"start":{"line":128,"column":2},"end":{"line":140,"column":3}},"50":{"start":{"line":129,"column":25},"end":{"line":129,"column":101}},"51":{"start":{"line":130,"column":4},"end":{"line":132,"column":5}},"52":{"start":{"line":131,"column":6},"end":{"line":131,"column":60}},"53":{"start":{"line":133,"column":4},"end":{"line":135,"column":7}},"54":{"start":{"line":136,"column":4},"end":{"line":136,"column":55}},"55":{"start":{"line":143,"column":0},"end":{"line":143,"column":24}}},"fnMap":{"0":{"name":"(anonymous_0)","decl":{"start":{"line":12,"column":23},"end":{"line":12,"column":24}},"loc":{"start":{"line":12,"column":43},"end":{"line":50,"column":1}},"line":12},"1":{"name":"(anonymous_1)","decl":{"start":{"line":56,"column":22},"end":{"line":56,"column":23}},"loc":{"start":{"line":56,"column":42},"end":{"line":64,"column":1}},"line":56},"2":{"name":"(anonymous_2)","decl":{"start":{"line":70,"column":37},"end":{"line":70,"column":38}},"loc":{"start":{"line":70,"column":57},"end":{"line":86,"column":1}},"line":70},"3":{"name":"(anonymous_3)","decl":{"start":{"line":92,"column":38},"end":{"line":92,"column":39}},"loc":{"start":{"line":92,"column":58},"end":{"line":121,"column":1}},"line":92},"4":{"name":"(anonymous_4)","decl":{"start":{"line":127,"column":40},"end":{"line":127,"column":41}},"loc":{"start":{"line":127,"column":60},"end":{"line":141,"column":1}},"line":127}},"branchMap":{"0":{"loc":{"start":{"line":14,"column":2},"end":{"line":17,"column":3}},"type":"if","locations":[{"start":{"line":14,"column":2},"end":{"line":17,"column":3}},{"start":{"line":14,"column":2},"end":{"line":17,"column":3}}],"line":14},"1":{"loc":{"start":{"line":22,"column":2},"end":{"line":22,"column":42}},"type":"if","locations":[{"start":{"line":22,"column":2},"end":{"line":22,"column":42}},{"start":{"line":22,"column":2},"end":{"line":22,"column":42}}],"line":22},"2":{"loc":{"start":{"line":23,"column":2},"end":{"line":23,"column":60}},"type":"if","locations":[{"start":{"line":23,"column":2},"end":{"line":23,"column":60}},{"start":{"line":23,"column":2},"end":{"line":23,"column":60}}],"line":23},"3":{"loc":{"start":{"line":35,"column":4},"end":{"line":39,"column":5}},"type":"if","locations":[{"start":{"line":35,"column":4},"end":{"line":39,"column":5}},{"start":{"line":35,"column":4},"end":{"line":39,"column":5}}],"line":35},"4":{"loc":{"start":{"line":94,"column":2},"end":{"line":97,"column":3}},"type":"if","locations":[{"start":{"line":94,"column":2},"end":{"line":97,"column":3}},{"start":{"line":94,"column":2},"end":{"line":97,"column":3}}],"line":94},"5":{"loc":{"start":{"line":101,"column":2},"end":{"line":101,"column":42}},"type":"if","locations":[{"start":{"line":101,"column":2},"end":{"line":101,"column":42}},{"start":{"line":101,"column":2},"end":{"line":101,"column":42}}],"line":101},"6":{"loc":{"start":{"line":108,"column":4},"end":{"line":116,"column":5}},"type":"if","locations":[{"start":{"line":108,"column":4},"end":{"line":116,"column":5}},{"start":{"line":108,"column":4},"end":{"line":116,"column":5}}],"line":108},"7":{"loc":{"start":{"line":130,"column":4},"end":{"line":132,"column":5}},"type":"if","locations":[{"start":{"line":130,"column":4},"end":{"line":132,"column":5}},{"start":{"line":130,"column":4},"end":{"line":132,"column":5}}],"line":130}},"s":{"0":1,"1":1,"2":1,"3":1,"4":1,"5":1,"6":1,"7":1,"8":0,"9":0,"10":0,"11":0,"12":0,"13":0,"14":0,"15":0,"16":0,"17":0,"18":0,"19":0,"20":0,"21":0,"22":0,"23":0,"24":0,"25":0,"26":0,"27":1,"28":0,"29":0,"30":0,"31":1,"32":0,"33":0,"34":0,"35":0,"36":1,"37":0,"38":0,"39":0,"40":0,"41":0,"42":0,"43":0,"44":0,"45":0,"46":0,"47":0,"48":1,"49":0,"50":0,"51":0,"52":0,"53":0,"54":0,"55":1},"f":{"0":0,"1":0,"2":0,"3":0,"4":0},"b":{"0":[0,0],"1":[0,0],"2":[0,0],"3":[0,0],"4":[0,0],"5":[0,0],"6":[0,0],"7":[0,0]},"_coverageSchema":"1a1c01bbd47fc00a2c39e90264f33305004495a9","hash":"9b9bd488d552f4c5f6cd0b4041abc29af5508bf0"}
,"/Users/hemalatharamachandran/Documents/Univ_documents/SEP/SEP203/routes/api/users.js": {"path":"/Users/hemalatharamachandran/Documents/Univ_documents/SEP/SEP203/routes/api/users.js","statementMap":{"0":{"start":{"line":1,"column":16},"end":{"line":1,"column":34}},"1":{"start":{"line":2,"column":15},"end":{"line":2,"column":31}},"2":{"start":{"line":3,"column":15},"end":{"line":3,"column":34}},"3":{"start":{"line":4,"column":12},"end":{"line":4,"column":35}},"4":{"start":{"line":5,"column":15},"end":{"line":5,"column":32}},"5":{"start":{"line":6,"column":18},"end":{"line":6,"column":46}},"6":{"start":{"line":8,"column":19},"end":{"line":8,"column":40}},"7":{"start":{"line":9,"column":26},"end":{"line":9,"column":66}},"8":{"start":{"line":11,"column":14},"end":{"line":11,"column":43}},"9":{"start":{"line":12,"column":13},"end":{"line":12,"column":45}},"10":{"start":{"line":13,"column":16},"end":{"line":13,"column":47}},"11":{"start":{"line":14,"column":17},"end":{"line":14,"column":41}},"12":{"start":{"line":15,"column":20},"end":{"line":21,"column":1}},"13":{"start":{"line":26,"column":0},"end":{"line":43,"column":3}},"14":{"start":{"line":27,"column":2},"end":{"line":42,"column":3}},"15":{"start":{"line":28,"column":17},"end":{"line":28,"column":55}},"16":{"start":{"line":29,"column":4},"end":{"line":37,"column":61}},"17":{"start":{"line":30,"column":20},"end":{"line":30,"column":83}},"18":{"start":{"line":31,"column":6},"end":{"line":31,"column":22}},"19":{"start":{"line":35,"column":6},"end":{"line":37,"column":56}},"20":{"start":{"line":40,"column":4},"end":{"line":40,"column":31}},"21":{"start":{"line":41,"column":4},"end":{"line":41,"column":41}},"22":{"start":{"line":83,"column":0},"end":{"line":168,"column":2}},"23":{"start":{"line":97,"column":48},"end":{"line":97,"column":56}},"24":{"start":{"line":99,"column":4},"end":{"line":166,"column":5}},"25":{"start":{"line":100,"column":6},"end":{"line":100,"column":44}},"26":{"start":{"line":101,"column":6},"end":{"line":107,"column":7}},"27":{"start":{"line":102,"column":8},"end":{"line":104,"column":63}},"28":{"start":{"line":106,"column":8},"end":{"line":106,"column":49}},"29":{"start":{"line":109,"column":6},"end":{"line":113,"column":7}},"30":{"start":{"line":110,"column":8},"end":{"line":112,"column":66}},"31":{"start":{"line":115,"column":22},"end":{"line":119,"column":7}},"32":{"start":{"line":120,"column":6},"end":{"line":128,"column":9}},"33":{"start":{"line":129,"column":19},"end":{"line":129,"column":43}},"34":{"start":{"line":130,"column":6},"end":{"line":130,"column":56}},"35":{"start":{"line":131,"column":21},"end":{"line":131,"column":38}},"36":{"start":{"line":132,"column":6},"end":{"line":132,"column":29}},"37":{"start":{"line":133,"column":6},"end":{"line":137,"column":30}},"38":{"start":{"line":138,"column":26},"end":{"line":148,"column":7}},"39":{"start":{"line":158,"column":6},"end":{"line":161,"column":9}},"40":{"start":{"line":169,"column":0},"end":{"line":217,"column":3}},"41":{"start":{"line":171,"column":2},"end":{"line":216,"column":5}},"42":{"start":{"line":172,"column":4},"end":{"line":172,"column":23}},"43":{"start":{"line":172,"column":13},"end":{"line":172,"column":23}},"44":{"start":{"line":173,"column":18},"end":{"line":173,"column":30}},"45":{"start":{"line":174,"column":4},"end":{"line":215,"column":7}},"46":{"start":{"line":175,"column":6},"end":{"line":214,"column":7}},"47":{"start":{"line":176,"column":8},"end":{"line":176,"column":76}},"48":{"start":{"line":177,"column":13},"end":{"line":214,"column":7}},"49":{"start":{"line":178,"column":8},"end":{"line":178,"column":76}},"50":{"start":{"line":182,"column":8},"end":{"line":182,"column":35}},"51":{"start":{"line":183,"column":8},"end":{"line":213,"column":11}},"52":{"start":{"line":184,"column":10},"end":{"line":212,"column":11}},"53":{"start":{"line":185,"column":12},"end":{"line":185,"column":29}},"54":{"start":{"line":187,"column":32},"end":{"line":193,"column":13}},"55":{"start":{"line":194,"column":12},"end":{"line":203,"column":15}},"56":{"start":{"line":219,"column":0},"end":{"line":219,"column":24}}},"fnMap":{"0":{"name":"(anonymous_0)","decl":{"start":{"line":26,"column":22},"end":{"line":26,"column":23}},"loc":{"start":{"line":26,"column":42},"end":{"line":43,"column":1}},"line":26},"1":{"name":"(anonymous_1)","decl":{"start":{"line":95,"column":2},"end":{"line":95,"column":3}},"loc":{"start":{"line":95,"column":22},"end":{"line":167,"column":3}},"line":95},"2":{"name":"(anonymous_2)","decl":{"start":{"line":169,"column":22},"end":{"line":169,"column":23}},"loc":{"start":{"line":169,"column":36},"end":{"line":217,"column":1}},"line":169},"3":{"name":"(anonymous_3)","decl":{"start":{"line":171,"column":50},"end":{"line":171,"column":51}},"loc":{"start":{"line":171,"column":65},"end":{"line":216,"column":3}},"line":171},"4":{"name":"(anonymous_4)","decl":{"start":{"line":174,"column":46},"end":{"line":174,"column":47}},"loc":{"start":{"line":174,"column":64},"end":{"line":215,"column":5}},"line":174},"5":{"name":"(anonymous_5)","decl":{"start":{"line":183,"column":18},"end":{"line":183,"column":19}},"loc":{"start":{"line":183,"column":25},"end":{"line":213,"column":9}},"line":183},"6":{"name":"(anonymous_6)","decl":{"start":{"line":194,"column":46},"end":{"line":194,"column":47}},"loc":{"start":{"line":194,"column":66},"end":{"line":203,"column":13}},"line":194}},"branchMap":{"0":{"loc":{"start":{"line":14,"column":17},"end":{"line":14,"column":41}},"type":"binary-expr","locations":[{"start":{"line":14,"column":17},"end":{"line":14,"column":33}},{"start":{"line":14,"column":37},"end":{"line":14,"column":41}}],"line":14},"1":{"loc":{"start":{"line":29,"column":4},"end":{"line":37,"column":61}},"type":"if","locations":[{"start":{"line":29,"column":4},"end":{"line":37,"column":61}},{"start":{"line":29,"column":4},"end":{"line":37,"column":61}}],"line":29},"2":{"loc":{"start":{"line":101,"column":6},"end":{"line":107,"column":7}},"type":"if","locations":[{"start":{"line":101,"column":6},"end":{"line":107,"column":7}},{"start":{"line":101,"column":6},"end":{"line":107,"column":7}}],"line":101},"3":{"loc":{"start":{"line":109,"column":6},"end":{"line":113,"column":7}},"type":"if","locations":[{"start":{"line":109,"column":6},"end":{"line":113,"column":7}},{"start":{"line":109,"column":6},"end":{"line":113,"column":7}}],"line":109},"4":{"loc":{"start":{"line":172,"column":4},"end":{"line":172,"column":23}},"type":"if","locations":[{"start":{"line":172,"column":4},"end":{"line":172,"column":23}},{"start":{"line":172,"column":4},"end":{"line":172,"column":23}}],"line":172},"5":{"loc":{"start":{"line":175,"column":6},"end":{"line":214,"column":7}},"type":"if","locations":[{"start":{"line":175,"column":6},"end":{"line":214,"column":7}},{"start":{"line":175,"column":6},"end":{"line":214,"column":7}}],"line":175},"6":{"loc":{"start":{"line":177,"column":13},"end":{"line":214,"column":7}},"type":"if","locations":[{"start":{"line":177,"column":13},"end":{"line":214,"column":7}},{"start":{"line":177,"column":13},"end":{"line":214,"column":7}}],"line":177},"7":{"loc":{"start":{"line":184,"column":10},"end":{"line":212,"column":11}},"type":"if","locations":[{"start":{"line":184,"column":10},"end":{"line":212,"column":11}},{"start":{"line":184,"column":10},"end":{"line":212,"column":11}}],"line":184}},"s":{"0":1,"1":1,"2":1,"3":1,"4":1,"5":1,"6":1,"7":1,"8":1,"9":1,"10":1,"11":1,"12":1,"13":1,"14":0,"15":0,"16":0,"17":0,"18":0,"19":0,"20":0,"21":0,"22":1,"23":1,"24":1,"25":1,"26":1,"27":0,"28":1,"29":1,"30":0,"31":1,"32":1,"33":1,"34":1,"35":1,"36":1,"37":1,"38":1,"39":1,"40":1,"41":0,"42":0,"43":0,"44":0,"45":0,"46":0,"47":0,"48":0,"49":0,"50":0,"51":0,"52":0,"53":0,"54":0,"55":0,"56":1},"f":{"0":0,"1":1,"2":0,"3":0,"4":0,"5":0,"6":0},"b":{"0":[1,1],"1":[0,0],"2":[0,1],"3":[0,1],"4":[0,0],"5":[0,0],"6":[0,0],"7":[0,0]},"_coverageSchema":"1a1c01bbd47fc00a2c39e90264f33305004495a9","hash":"0db7445ed754af00ba9255b632da99ed12f43b84"}
}
