{"/Users/aishwarya/Documents/react/SEP203/server.js": {"path":"/Users/aishwarya/Documents/react/SEP203/server.js","statementMap":{"0":{"start":{"line":1,"column":16},"end":{"line":1,"column":34}},"1":{"start":{"line":2,"column":18},"end":{"line":2,"column":40}},"2":{"start":{"line":4,"column":12},"end":{"line":4,"column":21}},"3":{"start":{"line":7,"column":0},"end":{"line":7,"column":12}},"4":{"start":{"line":10,"column":0},"end":{"line":10,"column":41}},"5":{"start":{"line":12,"column":0},"end":{"line":12,"column":51}},"6":{"start":{"line":12,"column":26},"end":{"line":12,"column":49}},"7":{"start":{"line":15,"column":0},"end":{"line":15,"column":53}},"8":{"start":{"line":16,"column":0},"end":{"line":16,"column":51}},"9":{"start":{"line":17,"column":0},"end":{"line":17,"column":57}},"10":{"start":{"line":19,"column":13},"end":{"line":19,"column":37}},"11":{"start":{"line":21,"column":0},"end":{"line":21,"column":70}},"12":{"start":{"line":21,"column":23},"end":{"line":21,"column":68}},"13":{"start":{"line":23,"column":0},"end":{"line":23,"column":21}}},"fnMap":{"0":{"name":"(anonymous_0)","decl":{"start":{"line":12,"column":12},"end":{"line":12,"column":13}},"loc":{"start":{"line":12,"column":26},"end":{"line":12,"column":49}},"line":12},"1":{"name":"(anonymous_1)","decl":{"start":{"line":21,"column":17},"end":{"line":21,"column":18}},"loc":{"start":{"line":21,"column":23},"end":{"line":21,"column":68}},"line":21}},"branchMap":{"0":{"loc":{"start":{"line":19,"column":13},"end":{"line":19,"column":37}},"type":"binary-expr","locations":[{"start":{"line":19,"column":13},"end":{"line":19,"column":29}},{"start":{"line":19,"column":33},"end":{"line":19,"column":37}}],"line":19}},"s":{"0":2,"1":2,"2":2,"3":2,"4":2,"5":2,"6":0,"7":2,"8":2,"9":2,"10":2,"11":2,"12":1,"13":2},"f":{"0":0,"1":1},"b":{"0":[2,2]},"_coverageSchema":"43e27e138ebf9cfc5966b082cf9a028302ed4184","hash":"edb671b12f4ecfa1520431aef707b52cd00918c2"}
,"/Users/aishwarya/Documents/react/SEP203/config/db.js": {"path":"/Users/aishwarya/Documents/react/SEP203/config/db.js","statementMap":{"0":{"start":{"line":1,"column":17},"end":{"line":1,"column":36}},"1":{"start":{"line":2,"column":15},"end":{"line":2,"column":32}},"2":{"start":{"line":3,"column":11},"end":{"line":3,"column":33}},"3":{"start":{"line":10,"column":18},"end":{"line":23,"column":1}},"4":{"start":{"line":11,"column":2},"end":{"line":22,"column":3}},"5":{"start":{"line":12,"column":4},"end":{"line":15,"column":7}},"6":{"start":{"line":17,"column":4},"end":{"line":17,"column":40}},"7":{"start":{"line":19,"column":4},"end":{"line":19,"column":31}},"8":{"start":{"line":21,"column":4},"end":{"line":21,"column":20}},"9":{"start":{"line":25,"column":0},"end":{"line":25,"column":27}}},"fnMap":{"0":{"name":"(anonymous_0)","decl":{"start":{"line":10,"column":18},"end":{"line":10,"column":19}},"loc":{"start":{"line":10,"column":30},"end":{"line":23,"column":1}},"line":10}},"branchMap":{},"s":{"0":2,"1":2,"2":2,"3":2,"4":2,"5":2,"6":2,"7":0,"8":0,"9":2},"f":{"0":2},"b":{},"_coverageSchema":"43e27e138ebf9cfc5966b082cf9a028302ed4184","hash":"f42ed6641ef9e75cd28d8ae6536f6c5118fab99c"}
,"/Users/aishwarya/Documents/react/SEP203/middleware/auth.js": {"path":"/Users/aishwarya/Documents/react/SEP203/middleware/auth.js","statementMap":{"0":{"start":{"line":1,"column":12},"end":{"line":1,"column":35}},"1":{"start":{"line":2,"column":15},"end":{"line":2,"column":32}},"2":{"start":{"line":4,"column":0},"end":{"line":22,"column":2}},"3":{"start":{"line":6,"column":16},"end":{"line":6,"column":42}},"4":{"start":{"line":9,"column":2},"end":{"line":11,"column":3}},"5":{"start":{"line":10,"column":4},"end":{"line":10,"column":75}},"6":{"start":{"line":14,"column":2},"end":{"line":21,"column":3}},"7":{"start":{"line":15,"column":20},"end":{"line":15,"column":61}},"8":{"start":{"line":17,"column":4},"end":{"line":17,"column":28}},"9":{"start":{"line":18,"column":4},"end":{"line":18,"column":11}},"10":{"start":{"line":20,"column":4},"end":{"line":20,"column":56}}},"fnMap":{"0":{"name":"(anonymous_0)","decl":{"start":{"line":4,"column":17},"end":{"line":4,"column":18}},"loc":{"start":{"line":4,"column":42},"end":{"line":22,"column":1}},"line":4}},"branchMap":{"0":{"loc":{"start":{"line":9,"column":2},"end":{"line":11,"column":3}},"type":"if","locations":[{"start":{"line":9,"column":2},"end":{"line":11,"column":3}},{"start":{"line":9,"column":2},"end":{"line":11,"column":3}}],"line":9}},"s":{"0":2,"1":2,"2":2,"3":1,"4":1,"5":0,"6":1,"7":1,"8":1,"9":1,"10":0},"f":{"0":1},"b":{"0":[0,1]},"_coverageSchema":"43e27e138ebf9cfc5966b082cf9a028302ed4184","hash":"f3b92bdcbeec7db508b7dace70087e59762694f8"}
,"/Users/aishwarya/Documents/react/SEP203/models/Users.js": {"path":"/Users/aishwarya/Documents/react/SEP203/models/Users.js","statementMap":{"0":{"start":{"line":1,"column":17},"end":{"line":1,"column":36}},"1":{"start":{"line":3,"column":19},"end":{"line":27,"column":2}},"2":{"start":{"line":29,"column":0},"end":{"line":29,"column":59}}},"fnMap":{},"branchMap":{},"s":{"0":2,"1":2,"2":2},"f":{},"b":{},"_coverageSchema":"43e27e138ebf9cfc5966b082cf9a028302ed4184","hash":"ec75deed15a468534d159f3151c48633c534ca69"}
,"/Users/aishwarya/Documents/react/SEP203/routes/api/auth.js": {"path":"/Users/aishwarya/Documents/react/SEP203/routes/api/auth.js","statementMap":{"0":{"start":{"line":1,"column":16},"end":{"line":1,"column":34}},"1":{"start":{"line":2,"column":15},"end":{"line":2,"column":31}},"2":{"start":{"line":3,"column":15},"end":{"line":3,"column":34}},"3":{"start":{"line":4,"column":13},"end":{"line":4,"column":45}},"4":{"start":{"line":5,"column":12},"end":{"line":5,"column":35}},"5":{"start":{"line":6,"column":15},"end":{"line":6,"column":32}},"6":{"start":{"line":7,"column":36},"end":{"line":7,"column":70}},"7":{"start":{"line":9,"column":13},"end":{"line":9,"column":42}},"8":{"start":{"line":14,"column":0},"end":{"line":22,"column":3}},"9":{"start":{"line":15,"column":4},"end":{"line":21,"column":5}},"10":{"start":{"line":16,"column":21},"end":{"line":16,"column":73}},"11":{"start":{"line":17,"column":8},"end":{"line":17,"column":23}},"12":{"start":{"line":19,"column":8},"end":{"line":19,"column":35}},"13":{"start":{"line":20,"column":8},"end":{"line":20,"column":45}},"14":{"start":{"line":27,"column":0},"end":{"line":79,"column":2}},"15":{"start":{"line":34,"column":23},"end":{"line":34,"column":44}},"16":{"start":{"line":37,"column":8},"end":{"line":39,"column":9}},"17":{"start":{"line":38,"column":12},"end":{"line":38,"column":68}},"18":{"start":{"line":40,"column":38},"end":{"line":40,"column":46}},"19":{"start":{"line":42,"column":8},"end":{"line":77,"column":9}},"20":{"start":{"line":44,"column":23},"end":{"line":44,"column":54}},"21":{"start":{"line":45,"column":12},"end":{"line":49,"column":13}},"22":{"start":{"line":46,"column":16},"end":{"line":48,"column":74}},"23":{"start":{"line":51,"column":28},"end":{"line":51,"column":74}},"24":{"start":{"line":53,"column":12},"end":{"line":57,"column":13}},"25":{"start":{"line":54,"column":16},"end":{"line":56,"column":74}},"26":{"start":{"line":59,"column":27},"end":{"line":63,"column":13}},"27":{"start":{"line":65,"column":12},"end":{"line":73,"column":14}},"28":{"start":{"line":70,"column":20},"end":{"line":70,"column":38}},"29":{"start":{"line":70,"column":28},"end":{"line":70,"column":38}},"30":{"start":{"line":71,"column":20},"end":{"line":71,"column":38}},"31":{"start":{"line":75,"column":12},"end":{"line":75,"column":39}},"32":{"start":{"line":76,"column":12},"end":{"line":76,"column":49}},"33":{"start":{"line":81,"column":0},"end":{"line":81,"column":24}}},"fnMap":{"0":{"name":"(anonymous_0)","decl":{"start":{"line":14,"column":23},"end":{"line":14,"column":24}},"loc":{"start":{"line":14,"column":42},"end":{"line":22,"column":1}},"line":14},"1":{"name":"(anonymous_1)","decl":{"start":{"line":33,"column":4},"end":{"line":33,"column":5}},"loc":{"start":{"line":33,"column":25},"end":{"line":78,"column":5}},"line":33},"2":{"name":"(anonymous_2)","decl":{"start":{"line":69,"column":16},"end":{"line":69,"column":17}},"loc":{"start":{"line":69,"column":34},"end":{"line":72,"column":17}},"line":69}},"branchMap":{"0":{"loc":{"start":{"line":37,"column":8},"end":{"line":39,"column":9}},"type":"if","locations":[{"start":{"line":37,"column":8},"end":{"line":39,"column":9}},{"start":{"line":37,"column":8},"end":{"line":39,"column":9}}],"line":37},"1":{"loc":{"start":{"line":45,"column":12},"end":{"line":49,"column":13}},"type":"if","locations":[{"start":{"line":45,"column":12},"end":{"line":49,"column":13}},{"start":{"line":45,"column":12},"end":{"line":49,"column":13}}],"line":45},"2":{"loc":{"start":{"line":53,"column":12},"end":{"line":57,"column":13}},"type":"if","locations":[{"start":{"line":53,"column":12},"end":{"line":57,"column":13}},{"start":{"line":53,"column":12},"end":{"line":57,"column":13}}],"line":53},"3":{"loc":{"start":{"line":70,"column":20},"end":{"line":70,"column":38}},"type":"if","locations":[{"start":{"line":70,"column":20},"end":{"line":70,"column":38}},{"start":{"line":70,"column":20},"end":{"line":70,"column":38}}],"line":70}},"s":{"0":2,"1":2,"2":2,"3":2,"4":2,"5":2,"6":2,"7":2,"8":2,"9":1,"10":1,"11":1,"12":0,"13":0,"14":2,"15":1,"16":1,"17":0,"18":1,"19":1,"20":1,"21":1,"22":0,"23":1,"24":1,"25":0,"26":1,"27":1,"28":1,"29":0,"30":1,"31":0,"32":0,"33":2},"f":{"0":1,"1":1,"2":1},"b":{"0":[0,1],"1":[0,1],"2":[0,1],"3":[0,1]},"_coverageSchema":"43e27e138ebf9cfc5966b082cf9a028302ed4184","hash":"bc139a295c4a9e2e81bb00234582ca1dd7ae78c5"}
,"/Users/aishwarya/Documents/react/SEP203/routes/api/profile.js": {"path":"/Users/aishwarya/Documents/react/SEP203/routes/api/profile.js","statementMap":{"0":{"start":{"line":1,"column":16},"end":{"line":1,"column":34}},"1":{"start":{"line":2,"column":15},"end":{"line":2,"column":31}},"2":{"start":{"line":7,"column":0},"end":{"line":7,"column":57}},"3":{"start":{"line":7,"column":30},"end":{"line":7,"column":55}},"4":{"start":{"line":9,"column":0},"end":{"line":9,"column":24}}},"fnMap":{"0":{"name":"(anonymous_0)","decl":{"start":{"line":7,"column":16},"end":{"line":7,"column":17}},"loc":{"start":{"line":7,"column":30},"end":{"line":7,"column":55}},"line":7}},"branchMap":{},"s":{"0":2,"1":2,"2":2,"3":0,"4":2},"f":{"0":0},"b":{},"_coverageSchema":"43e27e138ebf9cfc5966b082cf9a028302ed4184","hash":"4deceeae3cbd43a3417bb03a03103c7c4655cf2f"}
,"/Users/aishwarya/Documents/react/SEP203/routes/api/users.js": {"path":"/Users/aishwarya/Documents/react/SEP203/routes/api/users.js","statementMap":{"0":{"start":{"line":1,"column":16},"end":{"line":1,"column":34}},"1":{"start":{"line":2,"column":15},"end":{"line":2,"column":31}},"2":{"start":{"line":3,"column":15},"end":{"line":3,"column":34}},"3":{"start":{"line":4,"column":15},"end":{"line":4,"column":32}},"4":{"start":{"line":5,"column":17},"end":{"line":5,"column":51}},"5":{"start":{"line":7,"column":14},"end":{"line":7,"column":43}},"6":{"start":{"line":12,"column":0},"end":{"line":12,"column":55}},"7":{"start":{"line":12,"column":30},"end":{"line":12,"column":53}},"8":{"start":{"line":18,"column":0},"end":{"line":51,"column":2}},"9":{"start":{"line":32,"column":47},"end":{"line":32,"column":55}},"10":{"start":{"line":33,"column":4},"end":{"line":48,"column":5}},"11":{"start":{"line":34,"column":19},"end":{"line":34,"column":47}},"12":{"start":{"line":35,"column":8},"end":{"line":37,"column":9}},"13":{"start":{"line":36,"column":12},"end":{"line":36,"column":81}},"14":{"start":{"line":38,"column":8},"end":{"line":38,"column":57}},"15":{"start":{"line":39,"column":21},"end":{"line":39,"column":45}},"16":{"start":{"line":40,"column":8},"end":{"line":40,"column":57}},"17":{"start":{"line":41,"column":23},"end":{"line":41,"column":40}},"18":{"start":{"line":42,"column":8},"end":{"line":42,"column":25}},"19":{"start":{"line":46,"column":8},"end":{"line":46,"column":35}},"20":{"start":{"line":54,"column":0},"end":{"line":54,"column":24}}},"fnMap":{"0":{"name":"(anonymous_0)","decl":{"start":{"line":12,"column":16},"end":{"line":12,"column":17}},"loc":{"start":{"line":12,"column":30},"end":{"line":12,"column":53}},"line":12},"1":{"name":"(anonymous_1)","decl":{"start":{"line":30,"column":2},"end":{"line":30,"column":3}},"loc":{"start":{"line":30,"column":20},"end":{"line":49,"column":2}},"line":30}},"branchMap":{"0":{"loc":{"start":{"line":35,"column":8},"end":{"line":37,"column":9}},"type":"if","locations":[{"start":{"line":35,"column":8},"end":{"line":37,"column":9}},{"start":{"line":35,"column":8},"end":{"line":37,"column":9}}],"line":35}},"s":{"0":2,"1":2,"2":2,"3":2,"4":2,"5":2,"6":2,"7":0,"8":2,"9":2,"10":2,"11":2,"12":2,"13":1,"14":1,"15":1,"16":1,"17":1,"18":1,"19":0,"20":2},"f":{"0":0,"1":2},"b":{"0":[1,1]},"_coverageSchema":"43e27e138ebf9cfc5966b082cf9a028302ed4184","hash":"2016e1705baca463841c750e85577e3649837946"}
}
