TN:
SF:client/src/App.js
FN:37,(anonymous_0)
FN:52,(anonymous_1)
FN:57,(anonymous_2)
FN:101,(anonymous_3)
FNF:4
FNH:3
FNDA:28,(anonymous_0)
FNDA:7,(anonymous_1)
FNDA:7,(anonymous_2)
FNDA:0,(anonymous_3)
DA:36,7
DA:38,28
DA:48,7
DA:49,0
DA:52,7
DA:54,7
DA:55,7
DA:57,7
DA:58,7
DA:60,7
DA:102,0
LF:11
LH:9
BRDA:48,0,0,0
BRDA:48,0,1,7
BRDA:54,1,0,7
BRDA:54,1,1,0
BRF:4
BRH:2
end_of_record
TN:
SF:client/src/index.js
FNF:0
FNH:0
DA:6,7
LF:1
LH:1
BRF:0
BRH:0
end_of_record
TN:
SF:client/src/store.js
FNF:0
FNH:0
DA:6,7
DA:8,7
DA:10,7
LF:3
LH:3
BRF:0
BRH:0
end_of_record
TN:
SF:client/src/actions/alert.js
FN:4,(anonymous_0)
FN:4,(anonymous_1)
FNF:2
FNH:2
FNDA:91,(anonymous_0)
FNDA:91,(anonymous_1)
DA:4,91
DA:5,91
DA:6,91
DA:7,91
LF:4
LH:4
BRDA:4,0,0,91
BRF:1
BRH:1
end_of_record
TN:
SF:client/src/actions/auth.js
FN:24,(anonymous_0)
FN:24,(anonymous_1)
FN:37,(anonymous_2)
FN:46,(anonymous_3)
FN:51,(anonymous_4)
FN:70,(anonymous_5)
FN:85,(anonymous_6)
FN:85,(anonymous_7)
FN:106,(anonymous_8)
FN:120,(anonymous_9)
FN:120,(anonymous_10)
FN:157,(anonymous_11)
FN:157,(anonymous_12)
FNF:13
FNH:4
FNDA:28,(anonymous_0)
FNDA:28,(anonymous_1)
FNDA:0,(anonymous_2)
FNDA:0,(anonymous_3)
FNDA:0,(anonymous_4)
FNDA:0,(anonymous_5)
FNDA:7,(anonymous_6)
FNDA:7,(anonymous_7)
FNDA:0,(anonymous_8)
FNDA:0,(anonymous_9)
FNDA:0,(anonymous_10)
FNDA:0,(anonymous_11)
FNDA:0,(anonymous_12)
DA:24,28
DA:25,28
DA:26,21
DA:28,28
DA:29,28
DA:30,21
DA:35,7
DA:36,7
DA:37,0
DA:39,7
DA:46,7
DA:51,0
DA:52,0
DA:57,0
DA:58,0
DA:59,0
DA:60,0
DA:67,0
DA:68,0
DA:69,0
DA:70,0
DA:71,0
DA:74,0
DA:78,0
DA:85,7
DA:86,7
DA:91,7
DA:92,7
DA:93,7
DA:95,7
DA:100,7
DA:104,0
DA:105,0
DA:106,0
DA:107,0
DA:110,0
DA:114,0
DA:120,7
DA:121,0
DA:122,0
DA:123,0
DA:129,0
DA:157,7
DA:158,0
DA:159,0
DA:160,0
DA:161,0
DA:162,0
DA:163,0
DA:164,0
DA:165,0
LF:51
LH:19
BRDA:25,0,0,21
BRDA:25,0,1,7
BRDA:36,1,0,0
BRDA:36,1,1,7
BRDA:69,2,0,0
BRDA:69,2,1,0
BRDA:105,3,0,0
BRDA:105,3,1,0
BRF:8
BRH:3
end_of_record
TN:
SF:client/src/actions/category.js
FN:14,(anonymous_0)
FN:14,(anonymous_1)
FN:32,(anonymous_2)
FN:32,(anonymous_3)
FN:49,(anonymous_4)
FN:81,(anonymous_5)
FN:81,(anonymous_6)
FN:104,(anonymous_7)
FN:104,(anonymous_8)
FN:120,(anonymous_9)
FN:120,(anonymous_10)
FNF:11
FNH:9
FNDA:13,(anonymous_0)
FNDA:13,(anonymous_1)
FNDA:11,(anonymous_2)
FNDA:11,(anonymous_3)
FNDA:6,(anonymous_4)
FNDA:3,(anonymous_5)
FNDA:3,(anonymous_6)
FNDA:0,(anonymous_7)
FNDA:0,(anonymous_8)
FNDA:3,(anonymous_9)
FNDA:3,(anonymous_10)
DA:14,13
DA:15,13
DA:16,13
DA:17,13
DA:32,11
DA:33,11
DA:34,11
DA:39,11
DA:40,4
DA:47,6
DA:48,6
DA:49,6
DA:50,6
DA:53,6
DA:81,7
DA:82,3
DA:83,3
DA:88,3
DA:89,2
DA:90,2
DA:104,7
DA:105,0
DA:106,0
DA:107,0
DA:120,7
DA:121,3
LF:26
LH:23
BRDA:48,0,0,6
BRDA:48,0,1,0
BRDA:121,1,0,1
BRDA:121,1,1,0
BRF:4
BRH:2
end_of_record
TN:
SF:client/src/actions/product.js
FN:20,(anonymous_0)
FN:24,(anonymous_1)
FN:51,(anonymous_2)
FN:51,(anonymous_3)
FN:69,(anonymous_4)
FN:69,(anonymous_5)
FN:88,(anonymous_6)
FN:88,(anonymous_7)
FN:107,(anonymous_8)
FN:107,(anonymous_9)
FNF:10
FNH:0
FNDA:0,(anonymous_0)
FNDA:0,(anonymous_1)
FNDA:0,(anonymous_2)
FNDA:0,(anonymous_3)
FNDA:0,(anonymous_4)
FNDA:0,(anonymous_5)
FNDA:0,(anonymous_6)
FNDA:0,(anonymous_7)
FNDA:0,(anonymous_8)
FNDA:0,(anonymous_9)
DA:20,7
DA:24,0
DA:25,0
DA:26,0
DA:31,0
DA:32,0
DA:36,0
DA:37,0
DA:40,0
DA:51,7
DA:52,0
DA:53,0
DA:54,0
DA:59,0
DA:69,7
DA:70,0
DA:71,0
DA:72,0
DA:77,0
DA:88,7
DA:89,0
DA:90,0
DA:91,0
DA:96,0
DA:107,7
DA:108,0
DA:109,0
DA:110,0
DA:115,0
LF:29
LH:5
BRDA:23,0,0,0
BRDA:36,1,0,0
BRDA:36,1,1,0
BRF:3
BRH:0
end_of_record
TN:
SF:client/src/actions/profile.js
FN:12,(anonymous_0)
FN:16,(anonymous_1)
FN:46,(anonymous_2)
FN:46,(anonymous_3)
FN:62,(anonymous_4)
FN:62,(anonymous_5)
FN:102,(anonymous_6)
FN:102,(anonymous_7)
FNF:8
FNH:0
FNDA:0,(anonymous_0)
FNDA:0,(anonymous_1)
FNDA:0,(anonymous_2)
FNDA:0,(anonymous_3)
FNDA:0,(anonymous_4)
FNDA:0,(anonymous_5)
FNDA:0,(anonymous_6)
FNDA:0,(anonymous_7)
DA:12,7
DA:16,0
DA:17,0
DA:18,0
DA:23,0
DA:24,0
DA:28,0
DA:29,0
DA:46,7
DA:47,0
DA:48,0
DA:49,0
DA:54,0
DA:62,7
DA:63,0
DA:64,0
DA:66,0
DA:102,7
DA:103,0
DA:104,0
DA:105,0
DA:106,0
DA:109,0
LF:23
LH:4
BRDA:15,0,0,0
BRDA:28,1,0,0
BRDA:28,1,1,0
BRDA:103,2,0,0
BRDA:103,2,1,0
BRF:5
BRH:0
end_of_record
TN:
SF:client/src/actions/subcategory.js
FN:14,(anonymous_0)
FN:14,(anonymous_1)
FN:40,(anonymous_2)
FN:40,(anonymous_3)
FN:58,(anonymous_4)
FN:58,(anonymous_5)
FN:86,(anonymous_6)
FN:86,(anonymous_7)
FNF:8
FNH:0
FNDA:0,(anonymous_0)
FNDA:0,(anonymous_1)
FNDA:0,(anonymous_2)
FNDA:0,(anonymous_3)
FNDA:0,(anonymous_4)
FNDA:0,(anonymous_5)
FNDA:0,(anonymous_6)
FNDA:0,(anonymous_7)
DA:14,7
DA:15,0
DA:20,0
DA:21,0
DA:22,0
DA:23,0
DA:27,0
DA:28,0
DA:40,7
DA:41,0
DA:42,0
DA:43,0
DA:58,7
DA:59,0
DA:60,0
DA:65,0
DA:70,0
DA:71,0
DA:86,7
DA:87,0
LF:20
LH:4
BRDA:87,0,0,0
BRDA:87,0,1,0
BRF:2
BRH:0
end_of_record
TN:
SF:client/src/actions/types.js
FNF:0
FNH:0
DA:1,7
DA:2,7
DA:3,7
DA:4,7
DA:5,7
DA:6,7
DA:7,7
DA:8,7
DA:9,7
DA:10,7
DA:11,7
DA:12,7
DA:13,7
DA:14,7
DA:15,7
DA:16,7
DA:17,7
DA:18,7
DA:19,7
DA:20,7
DA:21,7
DA:22,7
DA:23,7
DA:24,7
DA:25,7
DA:26,7
DA:27,7
DA:28,7
DA:29,7
DA:30,7
DA:31,7
DA:32,7
DA:33,7
DA:34,7
DA:35,7
DA:36,7
DA:37,7
DA:38,7
DA:39,7
DA:40,7
DA:41,7
DA:42,7
DA:43,7
LF:43
LH:43
BRF:0
BRH:0
end_of_record
TN:
SF:client/src/assets/jss/material-dashboard-react.js
FN:24,(anonymous_0)
FNF:1
FNH:1
FNDA:478,(anonymous_0)
DA:24,7
DA:25,478
DA:26,478
DA:27,478
DA:28,478
DA:29,0
DA:31,478
DA:32,215
DA:33,215
DA:34,215
DA:35,215
DA:37,478
DA:38,478
DA:39,478
DA:40,478
DA:41,478
DA:54,7
DA:56,7
DA:60,7
DA:67,7
DA:73,7
DA:74,7
DA:75,7
DA:76,7
DA:77,7
DA:78,7
DA:79,7
DA:93,7
DA:94,7
DA:96,7
DA:107,7
DA:115,7
DA:123,7
DA:131,7
DA:139,7
DA:147,7
DA:156,7
DA:161,7
DA:166,7
DA:171,7
DA:176,7
DA:181,7
DA:187,7
DA:195,7
DA:201,7
DA:212,7
DA:227,7
DA:242,7
DA:255,7
DA:259,7
LF:50
LH:49
BRDA:28,0,0,0
BRDA:28,0,1,478
BRDA:28,1,0,478
BRDA:28,1,1,478
BRDA:28,1,2,263
BRDA:31,2,0,215
BRDA:31,2,1,263
BRF:7
BRH:6
end_of_record
TN:
SF:client/src/assets/jss/material-kit-react.js
FNF:0
FNH:0
DA:21,7
DA:23,7
DA:27,7
DA:34,7
DA:50,7
DA:55,7
DA:66,7
DA:72,7
DA:73,7
DA:74,7
DA:75,7
DA:76,7
DA:77,7
DA:78,7
DA:80,7
DA:84,7
DA:88,7
DA:92,7
DA:96,7
DA:100,7
DA:105,7
DA:110,7
DA:115,7
DA:120,7
DA:125,7
DA:130,7
DA:135,7
DA:143,7
DA:149,7
DA:158,7
DA:166,7
DA:171,7
DA:177,7
LF:33
LH:33
BRF:0
BRH:0
end_of_record
TN:
SF:client/src/assets/jss/material-kit-react/imagesStyles.js
FNF:0
FNH:0
DA:1,7
LF:1
LH:1
BRF:0
BRH:0
end_of_record
TN:
SF:client/src/assets/jss/material-kit-react/tooltipsStyle.js
FNF:0
FNH:0
DA:1,7
LF:1
LH:1
BRF:0
BRH:0
end_of_record
TN:
SF:client/src/assets/jss/material-kit-react/components/buttonStyle.js
FNF:0
FNH:0
DA:11,7
LF:1
LH:1
BRF:0
BRH:0
end_of_record
TN:
SF:client/src/assets/jss/material-kit-react/components/cardBodyStyle.js
FNF:0
FNH:0
DA:1,7
LF:1
LH:1
BRF:0
BRH:0
end_of_record
TN:
SF:client/src/assets/jss/material-kit-react/components/cardFooterStyle.js
FNF:0
FNH:0
DA:1,7
LF:1
LH:1
BRF:0
BRH:0
end_of_record
TN:
SF:client/src/assets/jss/material-kit-react/components/cardHeaderStyle.js
FNF:0
FNH:0
DA:8,7
LF:1
LH:1
BRF:0
BRH:0
end_of_record
TN:
SF:client/src/assets/jss/material-kit-react/components/cardStyle.js
FNF:0
FNH:0
DA:1,7
LF:1
LH:1
BRF:0
BRH:0
end_of_record
TN:
SF:client/src/assets/jss/material-kit-react/components/customDropdownStyle.js
FN:17,(anonymous_0)
FNF:1
FNH:1
FNDA:7,(anonymous_0)
DA:17,7
LF:1
LH:1
BRF:0
BRH:0
end_of_record
TN:
SF:client/src/assets/jss/material-kit-react/components/customInputStyle.js
FNF:0
FNH:0
DA:8,7
LF:1
LH:1
BRF:0
BRH:0
end_of_record
TN:
SF:client/src/assets/jss/material-kit-react/components/footerStyle.js
FNF:0
FNH:0
DA:3,7
LF:1
LH:1
BRF:0
BRH:0
end_of_record
TN:
SF:client/src/assets/jss/material-kit-react/components/headerLinksStyle.js
FN:5,(anonymous_0)
FNF:1
FNH:1
FNDA:7,(anonymous_0)
DA:5,7
LF:1
LH:1
BRF:0
BRH:0
end_of_record
TN:
SF:client/src/assets/jss/material-kit-react/components/headerStyle.js
FNF:0
FNH:0
DA:15,7
LF:1
LH:1
BRF:0
BRH:0
end_of_record
TN:
SF:client/src/assets/jss/material-kit-react/components/sidebarStyle.js
FN:19,(anonymous_0)
FNF:1
FNH:1
FNDA:13,(anonymous_0)
DA:19,13
LF:1
LH:1
BRF:0
BRH:0
end_of_record
TN:
SF:client/src/assets/jss/material-kit-react/components/snackbarContentStyle.js
FNF:0
FNH:0
DA:11,7
LF:1
LH:1
BRF:0
BRH:0
end_of_record
TN:
SF:client/src/assets/jss/material-kit-react/views/adminDashboard.js
FNF:0
FNH:0
DA:3,7
LF:1
LH:1
BRF:0
BRH:0
end_of_record
TN:
SF:client/src/assets/jss/material-kit-react/views/dashboardInnerPage.js
FN:7,(anonymous_0)
FNF:1
FNH:0
FNDA:0,(anonymous_0)
DA:7,7
LF:1
LH:1
BRF:0
BRH:0
end_of_record
TN:
SF:client/src/assets/jss/material-kit-react/views/dashboardPage.js
FN:7,(anonymous_0)
FNF:1
FNH:1
FNDA:13,(anonymous_0)
DA:7,13
LF:1
LH:1
BRF:0
BRH:0
end_of_record
TN:
SF:client/src/assets/jss/material-kit-react/views/landingPage.js
FNF:0
FNH:0
DA:3,7
DA:8,7
DA:24,7
LF:3
LH:3
BRF:0
BRH:0
end_of_record
TN:
SF:client/src/assets/jss/material-kit-react/views/loginPage.js
FNF:0
FNH:0
DA:3,7
LF:1
LH:1
BRF:0
BRH:0
end_of_record
TN:
SF:client/src/assets/jss/material-kit-react/views/componentsSections/carouselStyle.js
FNF:0
FNH:0
DA:3,7
LF:1
LH:1
BRF:0
BRH:0
end_of_record
TN:
SF:client/src/components/Card/Card.js
FN:15,Card
FNF:1
FNH:1
FNDA:287,Card
DA:13,7
DA:16,287
DA:17,287
DA:18,287
DA:24,287
DA:31,7
LF:6
LH:6
BRF:0
BRH:0
end_of_record
TN:
SF:client/src/components/Card/CardBody.js
FN:15,CardBody
FNF:1
FNH:1
FNDA:287,CardBody
DA:13,7
DA:16,287
DA:17,287
DA:18,287
DA:22,287
DA:29,7
LF:6
LH:6
BRF:0
BRH:0
end_of_record
TN:
SF:client/src/components/Card/CardFooter.js
FN:15,CardFooter
FNF:1
FNH:1
FNDA:287,CardFooter
DA:13,7
DA:16,287
DA:17,287
DA:18,287
DA:22,287
DA:29,7
LF:6
LH:6
BRF:0
BRH:0
end_of_record
TN:
SF:client/src/components/Card/CardHeader.js
FN:15,CardHeader
FNF:1
FNH:1
FNDA:287,CardHeader
DA:13,7
DA:16,287
DA:17,287
DA:18,287
DA:24,287
DA:31,7
LF:6
LH:6
BRF:0
BRH:0
end_of_record
TN:
SF:client/src/components/Clearfix/Clearfix.js
FN:20,Clearfix
FNF:1
FNH:1
FNDA:1009,Clearfix
DA:6,7
DA:18,7
DA:21,1009
DA:22,1009
DA:25,7
LF:5
LH:5
BRF:0
BRH:0
end_of_record
TN:
SF:client/src/components/CustomButtons/Button.js
FN:15,(anonymous_0)
FN:19,(anonymous_1)
FNF:2
FNH:2
FNDA:20,(anonymous_0)
FNDA:531,(anonymous_1)
DA:15,20
DA:19,7
DA:33,531
DA:35,531
DA:37,531
DA:50,531
DA:57,7
LF:7
LH:7
BRF:0
BRH:0
end_of_record
TN:
SF:client/src/components/CustomDropdown/CustomDropdown.js
FN:25,CustomDropdown
FN:27,(anonymous_1)
FN:34,(anonymous_2)
FN:40,(anonymous_3)
FN:117,(anonymous_4)
FN:132,(anonymous_5)
FN:138,(anonymous_6)
FN:143,(anonymous_7)
FN:151,(anonymous_8)
FNF:9
FNH:1
FNDA:7,CustomDropdown
FNDA:0,(anonymous_1)
FNDA:0,(anonymous_2)
FNDA:0,(anonymous_3)
FNDA:0,(anonymous_4)
FNDA:0,(anonymous_5)
FNDA:0,(anonymous_6)
FNDA:0,(anonymous_7)
FNDA:0,(anonymous_8)
DA:23,7
DA:26,7
DA:27,7
DA:28,0
DA:29,0
DA:31,0
DA:34,7
DA:35,0
DA:36,0
DA:37,0
DA:40,7
DA:41,0
DA:42,0
DA:44,0
DA:46,7
DA:59,7
DA:60,7
DA:65,7
DA:71,7
DA:72,7
DA:74,0
DA:75,0
DA:77,0
DA:78,0
DA:80,7
DA:81,7
DA:83,7
DA:118,0
DA:132,0
DA:139,0
DA:140,0
DA:143,0
DA:148,0
DA:151,0
DA:168,7
DA:173,7
LF:36
LH:16
BRDA:28,0,0,0
BRDA:28,0,1,0
BRDA:28,1,0,0
BRDA:28,1,1,0
BRDA:36,2,0,0
BRDA:36,2,1,0
BRDA:36,3,0,0
BRDA:36,3,1,0
BRDA:41,4,0,0
BRDA:41,4,1,0
BRDA:72,5,0,0
BRDA:72,5,1,0
BRDA:72,5,2,7
BRDA:88,6,0,0
BRDA:88,6,1,7
BRDA:94,7,0,7
BRDA:94,7,1,0
BRDA:95,8,0,7
BRDA:95,8,1,0
BRDA:104,9,0,0
BRDA:104,9,1,7
BRDA:105,10,0,0
BRDA:105,10,1,0
BRDA:108,11,0,0
BRDA:108,11,1,7
BRDA:122,12,0,0
BRDA:122,12,1,0
BRDA:130,13,0,0
BRDA:130,13,1,0
BRDA:139,14,0,0
BRDA:139,14,1,0
BRF:31
BRH:6
end_of_record
TN:
SF:client/src/components/CustomInput/CustomInput.js
FN:16,CustomInput
FNF:1
FNH:1
FNDA:385,CustomInput
DA:14,7
DA:17,385
DA:28,385
DA:30,385
DA:34,385
DA:40,385
DA:43,385
DA:48,385
DA:49,385
DA:54,0
DA:56,385
DA:81,7
LF:12
LH:11
BRDA:32,0,0,385
BRDA:32,0,1,0
BRDA:36,1,0,385
BRDA:36,1,1,0
BRDA:48,2,0,385
BRDA:48,2,1,0
BRDA:58,3,0,385
BRDA:58,3,1,0
BRF:8
BRH:4
end_of_record
TN:
SF:client/src/components/Footer/Footer.js
FN:18,Footer
FNF:1
FNH:1
FNDA:236,Footer
DA:16,7
DA:19,236
DA:20,236
DA:21,236
DA:25,236
DA:29,236
DA:89,7
LF:7
LH:7
BRF:0
BRH:0
end_of_record
TN:
SF:client/src/components/Grid/GridContainer.js
FN:19,GridContainer
FNF:1
FNH:1
FNDA:287,GridContainer
DA:9,7
DA:17,7
DA:20,287
DA:21,287
DA:22,287
DA:29,7
DA:33,7
LF:7
LH:7
BRF:0
BRH:0
end_of_record
TN:
SF:client/src/components/Grid/GridItem.js
FN:21,GridItem
FNF:1
FNH:1
FNDA:287,GridItem
DA:8,7
DA:19,7
DA:22,287
DA:23,287
DA:24,287
DA:31,7
DA:35,7
LF:7
LH:7
BRF:0
BRH:0
end_of_record
TN:
SF:client/src/components/Header/Header.js
FN:22,Header
FN:25,(anonymous_1)
FN:29,cleanup
FN:35,(anonymous_3)
FNF:4
FNH:2
FNDA:7,Header
FNDA:7,(anonymous_1)
FNDA:0,cleanup
FNDA:0,(anonymous_3)
DA:20,7
DA:23,7
DA:24,7
DA:25,7
DA:26,7
DA:27,0
DA:29,7
DA:30,0
DA:31,0
DA:35,7
DA:36,0
DA:58,7
DA:59,7
DA:66,7
DA:70,7
DA:116,7
DA:120,7
LF:17
LH:13
BRDA:26,0,0,0
BRDA:26,0,1,7
BRDA:30,1,0,0
BRDA:30,1,1,0
BRDA:73,2,0,0
BRDA:73,2,1,7
BRDA:75,3,0,0
BRDA:75,3,1,7
BRF:8
BRH:3
end_of_record
TN:
SF:client/src/components/Header/HeaderLinks.js
FN:24,(anonymous_0)
FN:121,(anonymous_1)
FNF:2
FNH:2
FNDA:42,(anonymous_0)
FNDA:176,(anonymous_1)
DA:22,7
DA:24,7
DA:25,42
DA:28,42
DA:53,42
DA:94,42
DA:106,42
DA:116,7
DA:121,176
LF:9
LH:9
BRDA:108,0,0,42
BRDA:108,0,1,35
BRDA:109,1,0,28
BRDA:109,1,1,7
BRDA:109,2,0,21
BRDA:109,2,1,7
BRDA:109,3,0,28
BRDA:109,3,1,21
BRF:8
BRH:8
end_of_record
TN:
SF:client/src/components/Layout/Alert.js
FN:10,(anonymous_0)
FN:14,(anonymous_1)
FN:37,(anonymous_2)
FNF:3
FNH:3
FNDA:116,(anonymous_0)
FNDA:1009,(anonymous_1)
FNDA:176,(anonymous_2)
DA:10,7
DA:11,116
DA:15,1009
DA:33,7
DA:37,176
LF:5
LH:5
BRDA:12,0,0,116
BRDA:12,0,1,116
BRDA:12,0,2,108
BRF:3
BRH:3
end_of_record
TN:
SF:client/src/components/Routing/PrivateRoute.js
FN:7,(anonymous_0)
FN:8,(anonymous_1)
FN:17,(anonymous_2)
FNF:3
FNH:3
FNDA:44,(anonymous_0)
FNDA:44,(anonymous_1)
FNDA:155,(anonymous_2)
DA:7,7
DA:8,44
DA:13,7
DA:17,155
LF:4
LH:4
BRDA:8,0,0,0
BRDA:8,0,1,44
BRDA:8,1,0,44
BRDA:8,1,1,0
BRF:4
BRH:2
end_of_record
TN:
SF:client/src/components/Routing/dashboardRoutes.js
FNF:0
FNH:0
DA:13,7
LF:1
LH:1
BRF:0
BRH:0
end_of_record
TN:
SF:client/src/components/Sidebar/Sidebar.js
FN:17,Sidebar
FN:20,activeRoute
FN:26,(anonymous_2)
FNF:3
FNH:3
FNDA:34,Sidebar
FNDA:272,activeRoute
FNDA:136,(anonymous_2)
DA:15,7
DA:18,34
DA:21,272
DA:23,34
DA:25,34
DA:27,136
DA:29,136
DA:30,0
DA:31,0
DA:35,136
DA:39,136
DA:42,136
DA:72,34
DA:83,7
LF:14
LH:12
BRDA:21,0,0,26
BRDA:21,0,1,246
BRDA:29,1,0,0
BRDA:29,1,1,136
BRDA:50,2,0,0
BRDA:50,2,1,136
BRF:6
BRH:4
end_of_record
TN:
SF:client/src/components/Snackbar/SnackbarContent.js
FN:17,SnackbarContent
FN:21,(anonymous_1)
FNF:2
FNH:1
FNDA:1009,SnackbarContent
FNDA:0,(anonymous_1)
DA:15,7
DA:18,1009
DA:19,1009
DA:20,1009
DA:21,1009
DA:22,0
DA:24,1009
DA:25,1009
DA:37,1009
DA:38,1009
DA:40,0
DA:41,0
DA:43,1009
DA:44,1009
DA:46,0
DA:47,0
DA:49,1009
DA:64,1009
DA:67,7
LF:19
LH:14
BRDA:24,0,0,1009
BRDA:24,0,1,0
BRDA:38,1,0,0
BRDA:38,1,1,1009
BRDA:38,1,2,0
BRDA:55,2,0,1009
BRDA:55,2,1,0
BRF:7
BRH:3
end_of_record
TN:
SF:client/src/reducers/alert.js
FN:5,(anonymous_0)
FN:11,(anonymous_1)
FNF:2
FNH:2
FNDA:190,(anonymous_0)
FNDA:171,(anonymous_1)
DA:3,7
DA:6,190
DA:7,190
DA:9,91
DA:11,171
DA:13,81
LF:6
LH:6
BRDA:5,0,0,21
BRDA:7,1,0,91
BRDA:7,1,1,18
BRDA:7,1,2,81
BRF:4
BRH:4
end_of_record
TN:
SF:client/src/reducers/auth.js
FN:25,(anonymous_0)
FNF:1
FNH:1
FNDA:190,(anonymous_0)
DA:16,7
DA:26,190
DA:27,190
DA:29,21
DA:36,0
DA:37,0
DA:44,7
DA:45,7
DA:46,7
DA:48,7
DA:55,0
DA:63,0
DA:64,0
DA:73,7
DA:74,7
DA:83,0
DA:84,0
DA:94,0
DA:95,0
DA:103,0
DA:110,0
DA:117,155
LF:22
LH:11
BRDA:25,0,0,21
BRDA:27,1,0,21
BRDA:27,1,1,0
BRDA:27,1,2,7
BRDA:27,1,3,0
BRDA:27,1,4,0
BRDA:27,1,5,0
BRDA:27,1,6,7
BRDA:27,1,7,0
BRDA:27,1,8,0
BRDA:27,1,9,0
BRDA:27,1,10,0
BRDA:27,1,11,0
BRDA:27,1,12,155
BRDA:45,2,0,7
BRDA:45,2,1,0
BRF:16
BRH:6
end_of_record
TN:
SF:client/src/reducers/category.js
FN:17,(anonymous_0)
FNF:1
FNH:1
FNDA:190,(anonymous_0)
DA:9,7
DA:18,190
DA:19,190
DA:21,4
DA:29,2
DA:35,13
DA:43,6
DA:50,0
DA:59,165
LF:9
LH:8
BRDA:17,0,0,21
BRDA:19,1,0,4
BRDA:19,1,1,2
BRDA:19,1,2,13
BRDA:19,1,3,6
BRDA:19,1,4,0
BRDA:19,1,5,165
BRF:7
BRH:6
end_of_record
TN:
SF:client/src/reducers/categorylist.js
FN:12,(anonymous_0)
FN:18,(anonymous_1)
FNF:2
FNH:1
FNDA:190,(anonymous_0)
FNDA:0,(anonymous_1)
DA:6,7
DA:13,190
DA:15,190
DA:17,0
DA:18,0
DA:19,0
DA:21,0
DA:27,0
DA:33,0
DA:40,190
LF:10
LH:4
BRDA:12,0,0,21
BRDA:15,1,0,0
BRDA:15,1,1,0
BRDA:15,1,2,0
BRDA:15,1,3,190
BRF:5
BRH:2
end_of_record
TN:
SF:client/src/reducers/index.js
FNF:0
FNH:0
LF:0
LH:0
BRF:0
BRH:0
end_of_record
TN:
SF:client/src/reducers/product.js
FN:21,(anonymous_0)
FN:54,(anonymous_1)
FNF:2
FNH:1
FNDA:190,(anonymous_0)
FNDA:0,(anonymous_1)
DA:13,7
DA:22,190
DA:24,190
DA:26,0
DA:33,0
DA:39,0
DA:46,0
DA:52,0
DA:54,0
DA:58,0
DA:64,0
DA:73,190
LF:12
LH:4
BRDA:21,0,0,21
BRDA:24,1,0,0
BRDA:24,1,1,0
BRDA:24,1,2,0
BRDA:24,1,3,0
BRDA:24,1,4,0
BRDA:24,1,5,0
BRDA:24,1,6,0
BRDA:24,1,7,0
BRDA:24,1,8,0
BRDA:24,1,9,190
BRF:11
BRH:2
end_of_record
TN:
SF:client/src/reducers/profile.js
FN:17,(anonymous_0)
FNF:1
FNH:1
FNDA:190,(anonymous_0)
DA:10,7
DA:18,190
DA:20,190
DA:23,0
DA:29,0
DA:43,0
DA:49,0
DA:56,190
LF:8
LH:4
BRDA:17,0,0,21
BRDA:20,1,0,0
BRDA:20,1,1,0
BRDA:20,1,2,0
BRDA:20,1,3,0
BRDA:20,1,4,0
BRDA:20,1,5,190
BRF:7
BRH:2
end_of_record
TN:
SF:client/src/reducers/subcategory.js
FN:17,(anonymous_0)
FNF:1
FNH:1
FNDA:190,(anonymous_0)
DA:9,7
DA:18,190
DA:20,190
DA:22,0
DA:30,0
DA:36,0
DA:43,0
DA:51,0
DA:60,190
LF:9
LH:4
BRDA:17,0,0,21
BRDA:20,1,0,0
BRDA:20,1,1,0
BRDA:20,1,2,0
BRDA:20,1,3,0
BRDA:20,1,4,0
BRDA:20,1,5,190
BRF:7
BRH:2
end_of_record
TN:
SF:client/src/utils/setAuthToken.js
FN:3,(anonymous_0)
FNF:1
FNH:1
FNDA:28,(anonymous_0)
DA:3,7
DA:4,28
DA:5,28
LF:3
LH:3
BRDA:4,0,0,28
BRDA:4,0,1,0
BRF:2
BRH:1
end_of_record
TN:
SF:client/src/views/CategoryPage/CategoryPage.js
FN:30,(anonymous_0)
FN:35,(anonymous_1)
FN:47,(anonymous_2)
FN:54,(anonymous_3)
FN:82,(anonymous_4)
FN:97,(anonymous_5)
FN:128,(anonymous_6)
FNF:7
FNH:7
FNDA:162,(anonymous_0)
FNDA:133,(anonymous_1)
FNDA:119,(anonymous_2)
FNDA:11,(anonymous_3)
FNDA:11,(anonymous_4)
FNDA:119,(anonymous_5)
FNDA:108,(anonymous_6)
DA:28,7
DA:30,7
DA:33,162
DA:34,162
DA:35,162
DA:36,133
DA:38,162
DA:44,162
DA:47,162
DA:48,119
DA:54,162
DA:55,11
DA:56,11
DA:59,162
DA:60,4
DA:63,158
DA:64,91
DA:65,91
DA:68,158
DA:82,11
DA:97,119
DA:122,7
DA:128,108
LF:23
LH:23
BRDA:59,0,0,4
BRDA:59,0,1,158
BRDA:63,1,0,91
BRDA:63,1,1,67
BRF:4
BRH:4
end_of_record
TN:
SF:client/src/views/CategoryPage/UpdateCategoryPage.js
FN:22,(anonymous_0)
FN:29,(anonymous_1)
FN:41,(anonymous_2)
FN:43,(anonymous_3)
FN:56,(anonymous_4)
FN:63,(anonymous_5)
FN:90,(anonymous_6)
FN:107,(anonymous_7)
FN:137,(anonymous_8)
FNF:9
FNH:9
FNDA:56,(anonymous_0)
FNDA:33,(anonymous_1)
FNDA:3,(anonymous_2)
FNDA:9,(anonymous_3)
FNDA:42,(anonymous_4)
FNDA:3,(anonymous_5)
FNDA:3,(anonymous_6)
FNDA:42,(anonymous_7)
FNDA:5,(anonymous_8)
DA:20,7
DA:22,7
DA:26,56
DA:27,56
DA:28,56
DA:29,56
DA:30,33
DA:34,56
DA:35,56
DA:39,56
DA:41,56
DA:42,3
DA:43,3
DA:44,9
DA:45,3
DA:50,3
DA:56,56
DA:57,42
DA:63,56
DA:64,3
DA:65,3
DA:72,56
DA:73,2
DA:76,54
DA:90,3
DA:107,42
DA:132,7
DA:137,7
LF:28
LH:28
BRDA:44,0,0,3
BRDA:44,0,1,6
BRDA:72,1,0,2
BRDA:72,1,1,54
BRF:4
BRH:4
end_of_record
TN:
SF:client/src/views/CategoryPage/ViewCategories.js
FN:17,(anonymous_0)
FN:22,(anonymous_1)
FN:43,(anonymous_2)
FN:54,(anonymous_3)
FN:95,(anonymous_4)
FNF:5
FNH:5
FNDA:26,(anonymous_0)
FNDA:13,(anonymous_1)
FNDA:46,(anonymous_2)
FNDA:3,(anonymous_3)
FNDA:44,(anonymous_4)
DA:16,7
DA:17,7
DA:21,26
DA:22,26
DA:23,13
DA:24,13
DA:27,26
DA:44,46
DA:54,3
DA:88,7
DA:95,44
LF:11
LH:11
BRDA:32,0,0,7
BRDA:32,0,1,19
BRDA:34,1,0,19
BRDA:34,1,1,0
BRF:4
BRH:3
end_of_record
TN:
SF:client/src/views/Components/Sections/SectionCarousel.js
FN:18,SectionCarousel
FNF:1
FNH:0
FNDA:0,SectionCarousel
DA:16,7
DA:19,0
DA:20,0
DA:29,0
LF:4
LH:1
BRF:0
BRH:0
end_of_record
TN:
SF:client/src/views/Dashboard/AdminDashboard.js
FN:54,(anonymous_0)
FN:78,(anonymous_1)
FNF:2
FNH:2
FNDA:34,(anonymous_0)
FNDA:136,(anonymous_1)
DA:21,7
DA:23,7
DA:54,7
DA:56,34
DA:57,34
DA:79,136
LF:6
LH:6
BRF:0
BRH:0
end_of_record
TN:
SF:client/src/views/Dashboard/Dashboard.js
FN:18,(anonymous_0)
FNF:1
FNH:0
FNDA:0,(anonymous_0)
DA:16,7
DA:18,7
DA:19,0
DA:20,0
LF:4
LH:2
BRF:0
BRH:0
end_of_record
TN:
SF:client/src/views/Dashboard/DashboardProfile.js
FN:13,(anonymous_0)
FN:20,(anonymous_1)
FN:54,(anonymous_2)
FN:76,(anonymous_3)
FN:95,(anonymous_4)
FNF:5
FNH:0
FNDA:0,(anonymous_0)
FNDA:0,(anonymous_1)
FNDA:0,(anonymous_2)
FNDA:0,(anonymous_3)
FNDA:0,(anonymous_4)
DA:12,7
DA:13,7
DA:19,0
DA:20,0
DA:21,0
DA:23,0
DA:54,0
DA:76,0
DA:88,7
DA:95,7
LF:10
LH:4
BRDA:23,0,0,0
BRDA:23,0,1,0
BRDA:23,1,0,0
BRDA:23,1,1,0
BRDA:29,2,0,0
BRDA:29,2,1,0
BRDA:32,3,0,0
BRDA:32,3,1,0
BRF:8
BRH:0
end_of_record
TN:
SF:client/src/views/Dashboard/Spinner.js
FN:5,(anonymous_0)
FNF:1
FNH:1
FNDA:7,(anonymous_0)
DA:6,7
LF:1
LH:1
BRF:0
BRH:0
end_of_record
TN:
SF:client/src/views/EmailVerifyPage/EmailVerifyPage.js
FN:3,(anonymous_0)
FNF:1
FNH:0
FNDA:0,(anonymous_0)
DA:3,7
DA:4,0
LF:2
LH:1
BRF:0
BRH:0
end_of_record
TN:
SF:client/src/views/LandingPage/LandingPage.js
FN:22,(anonymous_0)
FN:64,(anonymous_1)
FNF:2
FNH:0
FNDA:0,(anonymous_0)
FNDA:0,(anonymous_1)
DA:20,7
DA:22,7
DA:23,0
DA:25,0
DA:37,0
DA:59,7
DA:64,7
LF:7
LH:4
BRDA:37,0,0,0
BRDA:37,0,1,0
BRDA:37,1,0,0
BRDA:37,1,1,0
BRDA:37,1,2,0
BRDA:46,2,0,0
BRDA:46,2,1,0
BRF:7
BRH:0
end_of_record
TN:
SF:client/src/views/LandingPage/ProductDisplayLandingPage.js
FN:20,(anonymous_0)
FN:41,(anonymous_1)
FN:53,(anonymous_2)
FN:68,(anonymous_3)
FNF:4
FNH:0
FNDA:0,(anonymous_0)
FNDA:0,(anonymous_1)
FNDA:0,(anonymous_2)
FNDA:0,(anonymous_3)
DA:13,7
DA:18,7
DA:20,7
DA:23,0
DA:41,0
DA:42,0
DA:45,0
DA:46,0
DA:54,0
DA:63,7
DA:68,7
LF:11
LH:5
BRDA:46,0,0,0
BRDA:46,0,1,0
BRF:2
BRH:0
end_of_record
TN:
SF:client/src/views/LandingPage/SingleProductLandingPage.js
FN:22,(anonymous_0)
FN:32,(anonymous_1)
FN:52,(anonymous_2)
FN:68,(anonymous_3)
FNF:4
FNH:0
FNDA:0,(anonymous_0)
FNDA:0,(anonymous_1)
FNDA:0,(anonymous_2)
FNDA:0,(anonymous_3)
DA:15,7
DA:20,7
DA:22,7
DA:25,0
DA:27,0
DA:32,0
DA:33,0
DA:34,0
DA:37,0
DA:52,0
DA:64,7
DA:68,7
LF:12
LH:5
BRDA:33,0,0,0
BRDA:33,0,1,0
BRF:2
BRH:0
end_of_record
TN:
SF:client/src/views/LandingPage/Spinner.js
FN:5,(anonymous_0)
FNF:1
FNH:0
FNDA:0,(anonymous_0)
DA:6,0
LF:1
LH:0
BRF:0
BRH:0
end_of_record
TN:
SF:client/src/views/LoginPage/LoginPage.js
FN:31,(anonymous_0)
FN:38,(anonymous_1)
FN:50,(anonymous_2)
FN:56,(anonymous_3)
FN:96,(anonymous_4)
FN:105,(anonymous_5)
FN:124,(anonymous_6)
FN:143,(anonymous_7)
FN:180,(anonymous_8)
FNF:9
FNH:8
FNDA:112,(anonymous_0)
FNDA:112,(anonymous_1)
FNDA:70,(anonymous_2)
FNDA:7,(anonymous_3)
FNDA:7,(anonymous_4)
FNDA:0,(anonymous_5)
FNDA:35,(anonymous_6)
FNDA:35,(anonymous_7)
FNDA:28,(anonymous_8)
DA:30,7
DA:31,7
DA:37,112
DA:38,112
DA:39,112
DA:41,112
DA:43,112
DA:48,112
DA:50,112
DA:51,70
DA:56,112
DA:57,7
DA:58,7
DA:61,112
DA:62,0
DA:64,112
DA:65,0
DA:69,112
DA:70,14
DA:71,14
DA:74,112
DA:75,7
DA:76,7
DA:79,0
DA:82,105
DA:96,7
DA:105,0
DA:124,35
DA:143,35
DA:171,7
DA:180,7
DA:181,28
LF:32
LH:28
BRDA:61,0,0,0
BRDA:61,0,1,112
BRDA:64,1,0,0
BRDA:64,1,1,112
BRDA:69,2,0,14
BRDA:69,2,1,98
BRDA:74,3,0,7
BRDA:74,3,1,105
BRDA:75,4,0,7
BRDA:75,4,1,0
BRF:10
BRH:7
end_of_record
TN:
SF:client/src/views/ProductPage/CreateProduct.js
FN:28,CreateProduct
FN:30,(anonymous_1)
FN:58,(anonymous_2)
FN:73,(anonymous_3)
FN:79,(anonymous_4)
FN:88,(anonymous_5)
FN:107,(anonymous_6)
FN:124,(anonymous_7)
FN:136,(anonymous_8)
FN:149,(anonymous_9)
FN:162,(anonymous_10)
FN:176,(anonymous_11)
FN:190,(anonymous_12)
FN:210,(anonymous_13)
FNF:14
FNH:0
FNDA:0,CreateProduct
FNDA:0,(anonymous_1)
FNDA:0,(anonymous_2)
FNDA:0,(anonymous_3)
FNDA:0,(anonymous_4)
FNDA:0,(anonymous_5)
FNDA:0,(anonymous_6)
FNDA:0,(anonymous_7)
FNDA:0,(anonymous_8)
FNDA:0,(anonymous_9)
FNDA:0,(anonymous_10)
FNDA:0,(anonymous_11)
FNDA:0,(anonymous_12)
FNDA:0,(anonymous_13)
DA:26,7
DA:29,0
DA:30,0
DA:31,0
DA:34,0
DA:44,0
DA:56,0
DA:58,0
DA:63,0
DA:73,0
DA:74,0
DA:75,0
DA:79,0
DA:80,0
DA:81,0
DA:82,0
DA:83,0
DA:84,0
DA:88,0
DA:89,0
DA:90,0
DA:91,0
DA:93,0
DA:107,0
DA:124,0
DA:136,0
DA:149,0
DA:162,0
DA:176,0
DA:190,0
DA:210,0
DA:230,7
LF:32
LH:2
BRDA:81,0,0,0
BRDA:81,0,1,0
BRF:2
BRH:0
end_of_record
TN:
SF:client/src/views/ProductPage/ShowImage.js
FN:10,(anonymous_0)
FNF:1
FNH:0
FNDA:0,(anonymous_0)
DA:5,7
DA:10,7
DA:11,0
DA:12,0
DA:13,0
DA:14,0
LF:6
LH:2
BRF:0
BRH:0
end_of_record
TN:
SF:client/src/views/ProductPage/SingleProduct.js
FN:27,(anonymous_0)
FN:62,(anonymous_1)
FN:83,(anonymous_2)
FNF:3
FNH:0
FNDA:0,(anonymous_0)
FNDA:0,(anonymous_1)
FNDA:0,(anonymous_2)
DA:20,7
DA:25,7
DA:27,7
DA:42,0
DA:44,0
DA:62,0
DA:79,7
DA:83,7
LF:8
LH:5
BRF:0
BRH:0
end_of_record
TN:
SF:client/src/views/ProductPage/Spinner.js
FN:5,(anonymous_0)
FNF:1
FNH:0
FNDA:0,(anonymous_0)
DA:6,0
LF:1
LH:0
BRF:0
BRH:0
end_of_record
TN:
SF:client/src/views/ProductPage/ViewProducts.js
FN:20,(anonymous_0)
FN:41,(anonymous_1)
FN:52,(anonymous_2)
FN:66,(anonymous_3)
FNF:4
FNH:0
FNDA:0,(anonymous_0)
FNDA:0,(anonymous_1)
FNDA:0,(anonymous_2)
FNDA:0,(anonymous_3)
DA:13,7
DA:18,7
DA:20,7
DA:23,0
DA:41,0
DA:42,0
DA:45,0
DA:46,0
DA:53,0
DA:61,7
DA:66,7
LF:11
LH:5
BRDA:46,0,0,0
BRDA:46,0,1,0
BRF:2
BRH:0
end_of_record
TN:
SF:client/src/views/ProductPage/ViewProductsAdmin.js
FN:20,(anonymous_0)
FN:26,(anonymous_1)
FN:38,(anonymous_2)
FN:52,(anonymous_3)
FNF:4
FNH:0
FNDA:0,(anonymous_0)
FNDA:0,(anonymous_1)
FNDA:0,(anonymous_2)
FNDA:0,(anonymous_3)
DA:13,7
DA:18,7
DA:20,7
DA:24,0
DA:26,0
DA:27,0
DA:30,0
DA:31,0
DA:39,0
DA:47,7
DA:52,7
LF:11
LH:5
BRDA:31,0,0,0
BRDA:31,0,1,0
BRF:2
BRH:0
end_of_record
TN:
SF:client/src/views/ProfilePage/CreateProfile.js
FN:33,CreateProfile
FN:36,(anonymous_1)
FN:57,(anonymous_2)
FN:66,(anonymous_3)
FN:90,(anonymous_4)
FN:108,(anonymous_5)
FN:125,(anonymous_6)
FN:143,(anonymous_7)
FN:161,(anonymous_8)
FN:180,(anonymous_9)
FN:199,(anonymous_10)
FN:218,(anonymous_11)
FN:236,(anonymous_12)
FN:254,(anonymous_13)
FNF:14
FNH:0
FNDA:0,CreateProfile
FNDA:0,(anonymous_1)
FNDA:0,(anonymous_2)
FNDA:0,(anonymous_3)
FNDA:0,(anonymous_4)
FNDA:0,(anonymous_5)
FNDA:0,(anonymous_6)
FNDA:0,(anonymous_7)
FNDA:0,(anonymous_8)
FNDA:0,(anonymous_9)
FNDA:0,(anonymous_10)
FNDA:0,(anonymous_11)
FNDA:0,(anonymous_12)
FNDA:0,(anonymous_13)
DA:31,7
DA:35,0
DA:36,0
DA:37,0
DA:40,0
DA:51,0
DA:54,0
DA:57,0
DA:58,0
DA:66,0
DA:67,0
DA:68,0
DA:76,0
DA:90,0
DA:108,0
DA:125,0
DA:143,0
DA:161,0
DA:180,0
DA:199,0
DA:218,0
DA:236,0
DA:254,0
DA:280,7
LF:24
LH:2
BRF:0
BRH:0
end_of_record
TN:
SF:client/src/views/ProfilePage/EditProfile.js
FN:33,EditProfile
FN:38,(anonymous_1)
FN:55,(anonymous_2)
FN:74,(anonymous_3)
FN:83,(anonymous_4)
FN:108,(anonymous_5)
FN:126,(anonymous_6)
FN:143,(anonymous_7)
FN:161,(anonymous_8)
FN:179,(anonymous_9)
FN:198,(anonymous_10)
FN:217,(anonymous_11)
FN:236,(anonymous_12)
FN:254,(anonymous_13)
FN:272,(anonymous_14)
FN:308,(anonymous_15)
FNF:16
FNH:0
FNDA:0,EditProfile
FNDA:0,(anonymous_1)
FNDA:0,(anonymous_2)
FNDA:0,(anonymous_3)
FNDA:0,(anonymous_4)
FNDA:0,(anonymous_5)
FNDA:0,(anonymous_6)
FNDA:0,(anonymous_7)
FNDA:0,(anonymous_8)
FNDA:0,(anonymous_9)
FNDA:0,(anonymous_10)
FNDA:0,(anonymous_11)
FNDA:0,(anonymous_12)
FNDA:0,(anonymous_13)
FNDA:0,(anonymous_14)
FNDA:0,(anonymous_15)
DA:31,7
DA:37,0
DA:38,0
DA:39,0
DA:42,0
DA:53,0
DA:55,0
DA:56,0
DA:57,0
DA:71,0
DA:74,0
DA:75,0
DA:83,0
DA:84,0
DA:85,0
DA:94,0
DA:108,0
DA:126,0
DA:143,0
DA:161,0
DA:179,0
DA:198,0
DA:217,0
DA:236,0
DA:254,0
DA:272,0
DA:302,7
DA:308,7
LF:28
LH:3
BRDA:58,0,0,0
BRDA:58,0,1,0
BRDA:58,1,0,0
BRDA:58,1,1,0
BRDA:59,2,0,0
BRDA:59,2,1,0
BRDA:59,3,0,0
BRDA:59,3,1,0
BRDA:60,4,0,0
BRDA:60,4,1,0
BRDA:60,5,0,0
BRDA:60,5,1,0
BRDA:61,6,0,0
BRDA:61,6,1,0
BRDA:61,7,0,0
BRDA:61,7,1,0
BRDA:62,8,0,0
BRDA:62,8,1,0
BRDA:62,9,0,0
BRDA:62,9,1,0
BRDA:63,10,0,0
BRDA:63,10,1,0
BRDA:63,11,0,0
BRDA:63,11,1,0
BRDA:64,12,0,0
BRDA:64,12,1,0
BRDA:64,13,0,0
BRDA:64,13,1,0
BRDA:65,14,0,0
BRDA:65,14,1,0
BRDA:65,15,0,0
BRDA:65,15,1,0
BRDA:66,16,0,0
BRDA:66,16,1,0
BRDA:66,17,0,0
BRDA:66,17,1,0
BRF:36
BRH:0
end_of_record
TN:
SF:client/src/views/ProfilePage/ListUsers.js
FN:21,(anonymous_0)
FN:28,(anonymous_1)
FN:35,(anonymous_2)
FN:39,(anonymous_3)
FN:44,(anonymous_4)
FN:53,(anonymous_5)
FN:59,(anonymous_6)
FN:92,(anonymous_7)
FN:116,(anonymous_8)
FNF:9
FNH:0
FNDA:0,(anonymous_0)
FNDA:0,(anonymous_1)
FNDA:0,(anonymous_2)
FNDA:0,(anonymous_3)
FNDA:0,(anonymous_4)
FNDA:0,(anonymous_5)
FNDA:0,(anonymous_6)
FNDA:0,(anonymous_7)
FNDA:0,(anonymous_8)
DA:19,7
DA:21,7
DA:25,0
DA:26,0
DA:28,0
DA:29,0
DA:30,0
DA:34,0
DA:35,0
DA:39,0
DA:40,0
DA:44,0
DA:45,0
DA:46,0
DA:53,0
DA:59,0
DA:71,0
DA:78,0
DA:93,0
DA:110,7
DA:116,7
LF:21
LH:4
BRDA:40,0,0,0
BRDA:40,0,1,0
BRDA:45,1,0,0
BRDA:45,1,1,0
BRDA:57,2,0,0
BRDA:57,2,1,0
BRDA:59,3,0,0
BRDA:59,3,1,0
BRDA:82,4,0,0
BRDA:82,4,1,0
BRDA:92,5,0,0
BRDA:92,5,1,0
BRDA:97,6,0,0
BRDA:97,6,1,0
BRF:14
BRH:0
end_of_record
TN:
SF:client/src/views/RegisterPage/RegisterPage.js
FN:34,RegisterPage
FN:41,(anonymous_1)
FN:55,(anonymous_2)
FN:64,(anonymous_3)
FN:98,(anonymous_4)
FN:125,(anonymous_5)
FN:143,(anonymous_6)
FN:161,(anonymous_7)
FN:179,(anonymous_8)
FN:200,(anonymous_9)
FN:236,(anonymous_10)
FNF:11
FNH:0
FNDA:0,RegisterPage
FNDA:0,(anonymous_1)
FNDA:0,(anonymous_2)
FNDA:0,(anonymous_3)
FNDA:0,(anonymous_4)
FNDA:0,(anonymous_5)
FNDA:0,(anonymous_6)
FNDA:0,(anonymous_7)
FNDA:0,(anonymous_8)
FNDA:0,(anonymous_9)
FNDA:0,(anonymous_10)
DA:32,7
DA:40,0
DA:41,0
DA:42,0
DA:45,0
DA:52,0
DA:55,0
DA:56,0
DA:61,0
DA:64,0
DA:65,0
DA:66,0
DA:67,0
DA:69,0
DA:74,0
DA:75,0
DA:77,0
DA:78,0
DA:81,0
DA:82,0
DA:84,0
DA:98,0
DA:125,0
DA:143,0
DA:161,0
DA:179,0
DA:200,0
DA:228,7
DA:236,7
LF:29
LH:3
BRDA:66,0,0,0
BRDA:66,0,1,0
BRDA:74,1,0,0
BRDA:74,1,1,0
BRDA:77,2,0,0
BRDA:77,2,1,0
BRDA:81,3,0,0
BRDA:81,3,1,0
BRF:8
BRH:0
end_of_record
TN:
SF:client/src/views/SubCategoryPage/SubCategoryPage.js
FN:38,(anonymous_0)
FN:58,(anonymous_1)
FN:64,(anonymous_2)
FN:70,(anonymous_3)
FN:77,(anonymous_4)
FN:80,(anonymous_5)
FN:86,(anonymous_6)
FN:89,(anonymous_7)
FN:93,(anonymous_8)
FN:133,(anonymous_9)
FN:134,(anonymous_10)
FN:168,(anonymous_11)
FN:196,(anonymous_12)
FN:232,(anonymous_13)
FN:264,(anonymous_14)
FN:272,(anonymous_15)
FN:284,(anonymous_16)
FN:328,(anonymous_17)
FNF:18
FNH:0
FNDA:0,(anonymous_0)
FNDA:0,(anonymous_1)
FNDA:0,(anonymous_2)
FNDA:0,(anonymous_3)
FNDA:0,(anonymous_4)
FNDA:0,(anonymous_5)
FNDA:0,(anonymous_6)
FNDA:0,(anonymous_7)
FNDA:0,(anonymous_8)
FNDA:0,(anonymous_9)
FNDA:0,(anonymous_10)
FNDA:0,(anonymous_11)
FNDA:0,(anonymous_12)
FNDA:0,(anonymous_13)
FNDA:0,(anonymous_14)
FNDA:0,(anonymous_15)
FNDA:0,(anonymous_16)
FNDA:0,(anonymous_17)
DA:37,7
DA:38,7
DA:49,0
DA:51,0
DA:55,0
DA:58,0
DA:59,0
DA:64,0
DA:65,0
DA:70,0
DA:71,0
DA:72,0
DA:76,0
DA:77,0
DA:78,0
DA:80,0
DA:81,0
DA:85,0
DA:86,0
DA:87,0
DA:89,0
DA:90,0
DA:93,0
DA:94,0
DA:95,0
DA:96,0
DA:97,0
DA:100,0
DA:134,0
DA:135,0
DA:168,0
DA:196,0
DA:232,0
DA:264,0
DA:272,0
DA:284,0
DA:318,7
DA:328,7
LF:38
LH:4
BRDA:107,0,0,0
BRDA:107,0,1,0
BRDA:111,1,0,0
BRDA:111,1,1,0
BRDA:135,2,0,0
BRDA:135,2,1,0
BRF:6
BRH:0
end_of_record
