TN:
SF:routes/api/auth.js
FN:14,(anonymous_0)
FN:36,(anonymous_1)
FNF:2
FNH:2
FNDA:2,(anonymous_0)
FNDA:5,(anonymous_1)
DA:1,2
DA:2,2
DA:3,2
DA:4,2
DA:5,2
DA:6,2
DA:7,2
DA:9,2
DA:14,2
DA:15,2
DA:16,2
DA:17,2
DA:21,0
DA:28,2
DA:37,5
DA:44,5
DA:86,2
LF:17
LH:16
BRF:0
BRH:0
end_of_record
TN:
SF:routes/api/category.js
FN:11,(anonymous_0)
FN:46,(anonymous_1)
FN:60,(anonymous_2)
FN:84,(anonymous_3)
FN:117,(anonymous_4)
FNF:5
FNH:0
FNDA:0,(anonymous_0)
FNDA:0,(anonymous_1)
FNDA:0,(anonymous_2)
FNDA:0,(anonymous_3)
FNDA:0,(anonymous_4)
DA:1,2
DA:2,2
DA:3,2
DA:4,2
DA:5,2
DA:11,2
DA:12,0
DA:13,0
DA:18,0
DA:19,0
DA:20,0
DA:22,0
DA:23,0
DA:25,0
DA:26,0
DA:32,0
DA:34,0
DA:35,0
DA:46,2
DA:47,0
DA:48,0
DA:49,0
DA:60,2
DA:61,0
DA:62,0
DA:66,0
DA:68,0
DA:70,0
DA:84,2
DA:85,0
DA:86,0
DA:91,0
DA:92,0
DA:93,0
DA:95,0
DA:96,0
DA:98,0
DA:100,0
DA:105,0
DA:117,2
DA:118,0
DA:119,0
DA:122,0
DA:129,2
LF:44
LH:11
BRDA:13,0,0,0
BRDA:13,0,1,0
BRDA:20,1,0,0
BRDA:20,1,1,0
BRDA:25,2,0,0
BRDA:25,2,1,0
BRDA:66,3,0,0
BRDA:66,3,1,0
BRDA:86,4,0,0
BRDA:86,4,1,0
BRDA:93,5,0,0
BRDA:93,5,1,0
BRDA:98,6,0,0
BRDA:98,6,1,0
BRF:14
BRH:0
end_of_record
TN:
SF:routes/api/product.js
FN:19,(anonymous_0)
FN:21,(anonymous_1)
FN:43,(anonymous_2)
FN:75,(anonymous_3)
FN:78,(anonymous_4)
FN:120,(anonymous_5)
FN:139,(anonymous_6)
FN:144,(anonymous_7)
FN:163,(anonymous_8)
FN:166,(anonymous_9)
FN:212,(anonymous_10)
FNF:11
FNH:0
FNDA:0,(anonymous_0)
FNDA:0,(anonymous_1)
FNDA:0,(anonymous_2)
FNDA:0,(anonymous_3)
FNDA:0,(anonymous_4)
FNDA:0,(anonymous_5)
FNDA:0,(anonymous_6)
FNDA:0,(anonymous_7)
FNDA:0,(anonymous_8)
FNDA:0,(anonymous_9)
FNDA:0,(anonymous_10)
DA:1,2
DA:2,2
DA:3,2
DA:4,2
DA:5,2
DA:6,2
DA:7,2
DA:8,2
DA:9,2
DA:10,2
DA:19,2
DA:20,0
DA:22,0
DA:28,0
DA:29,0
DA:43,2
DA:45,0
DA:46,0
DA:56,2
DA:76,0
DA:77,0
DA:78,0
DA:79,0
DA:85,0
DA:86,0
DA:87,0
DA:95,0
DA:103,0
DA:104,0
DA:108,0
DA:116,0
DA:117,0
DA:120,0
DA:128,0
DA:139,2
DA:140,0
DA:141,0
DA:142,0
DA:144,0
DA:151,0
DA:163,2
DA:164,0
DA:165,0
DA:166,0
DA:167,0
DA:173,0
DA:174,0
DA:185,0
DA:187,0
DA:188,0
DA:192,0
DA:193,0
DA:194,0
DA:212,0
DA:221,0
DA:226,2
LF:56
LH:16
BRDA:22,0,0,0
BRDA:22,0,1,0
BRDA:22,1,0,0
BRDA:22,1,1,0
BRDA:79,2,0,0
BRDA:79,2,1,0
BRDA:87,3,0,0
BRDA:87,3,1,0
BRDA:108,4,0,0
BRDA:108,4,1,0
BRDA:167,5,0,0
BRDA:167,5,1,0
BRDA:187,6,0,0
BRDA:187,6,1,0
BRDA:187,7,0,0
BRDA:187,7,1,0
BRDA:187,7,2,0
BRDA:187,7,3,0
BRDA:187,7,4,0
BRDA:187,7,5,0
BRF:20
BRH:0
end_of_record
TN:
SF:routes/api/profile.js
FN:12,(anonymous_0)
FN:67,(anonymous_1)
FN:150,(anonymous_2)
FNF:3
FNH:0
FNDA:0,(anonymous_0)
FNDA:0,(anonymous_1)
FNDA:0,(anonymous_2)
DA:1,2
DA:2,2
DA:3,2
DA:4,2
DA:5,2
DA:6,2
DA:12,2
DA:13,0
DA:14,0
DA:15,0
DA:18,0
DA:19,0
DA:20,0
DA:39,2
DA:68,0
DA:69,0
DA:70,0
DA:82,0
DA:85,0
DA:86,0
DA:89,0
DA:90,0
DA:91,0
DA:97,0
DA:98,0
DA:100,0
DA:101,0
DA:103,0
DA:104,0
DA:106,0
DA:107,0
DA:110,0
DA:111,0
DA:113,0
DA:114,0
DA:116,0
DA:117,0
DA:120,0
DA:121,0
DA:123,0
DA:124,0
DA:129,0
DA:132,0
DA:134,0
DA:135,0
DA:150,2
DA:151,0
DA:152,0
DA:153,0
DA:154,0
DA:156,0
DA:157,0
DA:158,0
DA:160,0
DA:171,2
LF:55
LH:10
BRDA:18,0,0,0
BRDA:18,0,1,0
BRDA:69,1,0,0
BRDA:69,1,1,0
BRDA:90,2,0,0
BRDA:90,2,1,0
BRDA:97,3,0,0
BRDA:97,3,1,0
BRDA:100,4,0,0
BRDA:100,4,1,0
BRDA:103,5,0,0
BRDA:103,5,1,0
BRDA:106,6,0,0
BRDA:106,6,1,0
BRDA:110,7,0,0
BRDA:110,7,1,0
BRDA:113,8,0,0
BRDA:113,8,1,0
BRDA:116,9,0,0
BRDA:116,9,1,0
BRDA:123,10,0,0
BRDA:123,10,1,0
BRDA:153,11,0,0
BRDA:153,11,1,0
BRDA:157,12,0,0
BRDA:157,12,1,0
BRF:26
BRH:0
end_of_record
TN:
SF:routes/api/users.js
FN:24,(anonymous_0)
FN:42,(anonymous_1)
FN:116,(anonymous_2)
FN:118,(anonymous_3)
FN:121,(anonymous_4)
FN:130,(anonymous_5)
FN:141,(anonymous_6)
FNF:7
FNH:6
FNDA:0,(anonymous_0)
FNDA:3,(anonymous_1)
FNDA:2,(anonymous_2)
FNDA:2,(anonymous_3)
FNDA:2,(anonymous_4)
FNDA:1,(anonymous_5)
FNDA:1,(anonymous_6)
DA:1,2
DA:2,2
DA:3,2
DA:4,2
DA:5,2
DA:6,2
DA:8,2
DA:9,2
DA:11,2
DA:12,2
DA:13,2
DA:24,2
DA:30,2
DA:44,3
DA:46,3
DA:47,3
DA:48,3
DA:49,1
DA:53,2
DA:56,2
DA:57,1
DA:62,1
DA:67,1
DA:76,1
DA:77,1
DA:78,1
DA:79,1
DA:80,1
DA:85,1
DA:105,1
DA:116,2
DA:118,2
DA:119,2
DA:120,2
DA:121,2
DA:122,2
DA:123,1
DA:124,1
DA:125,0
DA:129,1
DA:130,1
DA:131,1
DA:132,0
DA:134,1
DA:141,1
DA:166,2
LF:46
LH:44
BRDA:12,0,0,2
BRDA:12,0,1,2
BRDA:48,1,0,1
BRDA:48,1,1,2
BRDA:56,2,0,1
BRDA:56,2,1,1
BRDA:119,3,0,0
BRDA:119,3,1,2
BRDA:122,4,0,1
BRDA:122,4,1,1
BRDA:124,5,0,0
BRDA:124,5,1,1
BRDA:131,6,0,0
BRDA:131,6,1,1
BRF:14
BRH:11
end_of_record
